Log file open, 07/02/18 11:15:04
LogWindows: Failed to load 'aqProf.dll' (GetLastError=126)
LogWindows: File 'aqProf.dll' does not exist
LogWindows: Failed to load 'VSPerf140.dll' (GetLastError=126)
LogWindows: File 'VSPerf140.dll' does not exist
LogWindows: Failed to load 'VtuneApi.dll' (GetLastError=126)
LogWindows: File 'VtuneApi.dll' does not exist
LogWindows: Failed to load 'VtuneApi32e.dll' (GetLastError=126)
LogWindows: File 'VtuneApi32e.dll' does not exist
LogInit: Display: Running engine for game: LevelDesignProject
LogPlatformFile: Not using cached read wrapper
LogInit: Display: RandInit(-1240420902) SRandInit(-1240420902).
LogInit: Read version file with build ID '3709383'
LogInit: Overriding engine version to CL 3832480, compatible CL 3709383
LogInit: Registered custom module enumerator with build ID '3709383'
LogTaskGraph: Started task graph with 5 named threads and 14 total threads with 3 sets of task threads.
LogStats: Stats thread started at 0.182240
LogD3D11RHI: Aftermath initialized
LogModuleManager: Display: Found up-to-date module file ../../../Engine/Plugins/2D/Paper2D/Binaries/Win64/UE4Editor-Paper2D.dll (API version 3709383).
LogModuleManager: Display: Found up-to-date module file ../../../Engine/Plugins/2D/Paper2D/Binaries/Win64/UE4Editor-Paper2DEditor.dll (API version 3709383).
LogModuleManager: Display: Found up-to-date module file ../../../Engine/Plugins/2D/Paper2D/Binaries/Win64/UE4Editor-PaperSpriteSheetImporter.dll (API version 3709383).
LogModuleManager: Display: Found up-to-date module file ../../../Engine/Plugins/2D/Paper2D/Binaries/Win64/UE4Editor-PaperTiledImporter.dll (API version 3709383).
LogModuleManager: Display: Found up-to-date module file ../../../Engine/Plugins/2D/Paper2D/Binaries/Win64/UE4Editor-SmartSnapping.dll (API version 3709383).
LogModuleManager: Display: Found up-to-date module file ../../../Engine/Plugins/Blendables/LightPropagationVolume/Binaries/Win64/UE4Editor-LightPropagationVolumeRuntime.dll (API version 3709383).
LogModuleManager: Display: Found up-to-date module file ../../../Engine/Plugins/Blendables/LightPropagationVolume/Binaries/Win64/UE4Editor-LightPropagationVolumeEditor.dll (API version 3709383).
LogModuleManager: Display: Found up-to-date module file ../../../Engine/Plugins/Developer/GitSourceControl/Binaries/Win64/UE4Editor-GitSourceControl.dll (API version 3709383).
LogModuleManager: Display: Found up-to-date module file ../../../Engine/Plugins/Developer/PerforceSourceControl/Binaries/Win64/UE4Editor-PerforceSourceControl.dll (API version 3709383).
LogModuleManager: Display: Found up-to-date module file ../../../Engine/Plugins/Developer/SubversionSourceControl/Binaries/Win64/UE4Editor-SubversionSourceControl.dll (API version 3709383).
LogModuleManager: Display: Found up-to-date module file ../../../Engine/Plugins/Developer/UObjectPlugin/Binaries/Win64/UE4Editor-UObjectPlugin.dll (API version 3709383).
LogModuleManager: Display: Found up-to-date module file ../../../Engine/Plugins/Developer/VisualStudioCodeSourceCodeAccess/Binaries/Win64/UE4Editor-VisualStudioCodeSourceCodeAccess.dll (API version 3709383).
LogModuleManager: Display: Found up-to-date module file ../../../Engine/Plugins/Developer/VisualStudioSourceCodeAccess/Binaries/Win64/UE4Editor-VisualStudioSourceCodeAccess.dll (API version 3709383).
LogModuleManager: Display: Found up-to-date module file ../../../Engine/Plugins/Editor/AssetManagerEditor/Binaries/Win64/UE4Editor-AssetManagerEditor.dll (API version 3709383).
LogModuleManager: Display: Found up-to-date module file ../../../Engine/Plugins/Editor/AudioCapture/Binaries/Win64/UE4Editor-AudioCapture.dll (API version 3709383).
LogModuleManager: Display: Found up-to-date module file ../../../Engine/Plugins/Editor/FacialAnimation/Binaries/Win64/UE4Editor-FacialAnimation.dll (API version 3709383).
LogModuleManager: Display: Found up-to-date module file ../../../Engine/Plugins/Editor/FacialAnimation/Binaries/Win64/UE4Editor-FacialAnimationEditor.dll (API version 3709383).
LogModuleManager: Display: Found up-to-date module file ../../../Engine/Plugins/Editor/GameplayTagsEditor/Binaries/Win64/UE4Editor-GameplayTagsEditor.dll (API version 3709383).
LogModuleManager: Display: Found up-to-date module file ../../../Engine/Plugins/Editor/MobileLauncherProfileWizard/Binaries/Win64/UE4Editor-MobileLauncherProfileWizard.dll (API version 3709383).
LogModuleManager: Display: Found up-to-date module file ../../../Engine/Plugins/Editor/PluginBrowser/Binaries/Win64/UE4Editor-PluginBrowser.dll (API version 3709383).
LogModuleManager: Display: Found up-to-date module file ../../../Engine/Plugins/Editor/SpeedTreeImporter/Binaries/Win64/UE4Editor-SpeedTreeImporter.dll (API version 3709383).
LogModuleManager: Display: Found up-to-date module file ../../../Engine/Plugins/Experimental/AlembicImporter/Binaries/Win64/UE4Editor-AlembicImporter.dll (API version 3709383).
LogModuleManager: Display: Found up-to-date module file ../../../Engine/Plugins/Experimental/AlembicImporter/Binaries/Win64/UE4Editor-AlembicLibrary.dll (API version 3709383).
LogModuleManager: Display: Found up-to-date module file ../../../Engine/Plugins/Experimental/CharacterAI/Binaries/Win64/UE4Editor-CharacterAI.dll (API version 3709383).
LogModuleManager: Display: Found up-to-date module file ../../../Engine/Plugins/Experimental/HTML5Networking/Binaries/Win64/UE4Editor-HTML5Networking.dll (API version 3709383).
LogModuleManager: Display: Found up-to-date module file ../../../Engine/Plugins/Media/AndroidMedia/Binaries/Win64/UE4Editor-AndroidMediaEditor.dll (API version 3709383).
LogModuleManager: Display: Found up-to-date module file ../../../Engine/Plugins/Media/AndroidMedia/Binaries/Win64/UE4Editor-AndroidMediaFactory.dll (API version 3709383).
LogModuleManager: Display: Found up-to-date module file ../../../Engine/Plugins/Media/AvfMedia/Binaries/Win64/UE4Editor-AvfMediaEditor.dll (API version 3709383).
LogModuleManager: Display: Found up-to-date module file ../../../Engine/Plugins/Media/AvfMedia/Binaries/Win64/UE4Editor-AvfMediaFactory.dll (API version 3709383).
LogModuleManager: Display: Found up-to-date module file ../../../Engine/Plugins/Media/AvfMedia/Binaries/Win64/UE4Editor-AvfMediaFactory.dll (API version 3709383).
LogModuleManager: Display: Found up-to-date module file ../../../Engine/Plugins/Media/ImgMedia/Binaries/Win64/UE4Editor-ImgMedia.dll (API version 3709383).
LogModuleManager: Display: Found up-to-date module file ../../../Engine/Plugins/Media/ImgMedia/Binaries/Win64/UE4Editor-ImgMediaEditor.dll (API version 3709383).
LogModuleManager: Display: Found up-to-date module file ../../../Engine/Plugins/Media/ImgMedia/Binaries/Win64/UE4Editor-ImgMediaFactory.dll (API version 3709383).
LogModuleManager: Display: Found up-to-date module file ../../../Engine/Plugins/Media/ImgMedia/Binaries/Win64/UE4Editor-ImgMediaFactory.dll (API version 3709383).
LogModuleManager: Display: Found up-to-date module file ../../../Engine/Plugins/Media/ImgMedia/Binaries/Win64/UE4Editor-OpenExrWrapper.dll (API version 3709383).
LogModuleManager: Display: Found up-to-date module file ../../../Engine/Plugins/Media/MediaCompositing/Binaries/Win64/UE4Editor-MediaCompositing.dll (API version 3709383).
LogModuleManager: Display: Found up-to-date module file ../../../Engine/Plugins/Media/MediaCompositing/Binaries/Win64/UE4Editor-MediaCompositingEditor.dll (API version 3709383).
LogModuleManager: Display: Found up-to-date module file ../../../Engine/Plugins/Media/MediaPlayerEditor/Binaries/Win64/UE4Editor-MediaPlayerEditor.dll (API version 3709383).
LogModuleManager: Display: Found up-to-date module file ../../../Engine/Plugins/Media/WmfMedia/Binaries/Win64/UE4Editor-WmfMedia.dll (API version 3709383).
LogModuleManager: Display: Found up-to-date module file ../../../Engine/Plugins/Media/WmfMedia/Binaries/Win64/UE4Editor-WmfMediaEditor.dll (API version 3709383).
LogModuleManager: Display: Found up-to-date module file ../../../Engine/Plugins/Media/WmfMedia/Binaries/Win64/UE4Editor-WmfMediaFactory.dll (API version 3709383).
LogModuleManager: Display: Found up-to-date module file ../../../Engine/Plugins/Media/WmfMedia/Binaries/Win64/UE4Editor-WmfMediaFactory.dll (API version 3709383).
LogModuleManager: Display: Found up-to-date module file ../../../Engine/Plugins/Messaging/TcpMessaging/Binaries/Win64/UE4Editor-TcpMessaging.dll (API version 3709383).
LogModuleManager: Display: Found up-to-date module file ../../../Engine/Plugins/Messaging/UdpMessaging/Binaries/Win64/UE4Editor-UdpMessaging.dll (API version 3709383).
LogModuleManager: Display: Found up-to-date module file ../../../Engine/Plugins/MovieScene/ActorSequence/Binaries/Win64/UE4Editor-ActorSequence.dll (API version 3709383).
LogModuleManager: Display: Found up-to-date module file ../../../Engine/Plugins/MovieScene/LevelSequenceEditor/Binaries/Win64/UE4Editor-LevelSequenceEditor.dll (API version 3709383).
LogModuleManager: Display: Found up-to-date module file ../../../Engine/Plugins/MovieScene/MatineeToLevelSequence/Binaries/Win64/UE4Editor-MatineeToLevelSequence.dll (API version 3709383).
LogModuleManager: Display: Found up-to-date module file ../../../Engine/Plugins/Online/OnlineSubsystem/Binaries/Win64/UE4Editor-OnlineSubsystem.dll (API version 3709383).
LogModuleManager: Display: Found up-to-date module file ../../../Engine/Plugins/Runtime/AndroidPermission/Binaries/Win64/UE4Editor-AndroidPermission.dll (API version 3709383).
LogModuleManager: Display: Found up-to-date module file ../../../Engine/Plugins/Online/OnlineSubsystemNull/Binaries/Win64/UE4Editor-OnlineSubsystemNull.dll (API version 3709383).
LogModuleManager: Display: Found up-to-date module file ../../../Engine/Plugins/Online/OnlineSubsystemUtils/Binaries/Win64/UE4Editor-OnlineSubsystemUtils.dll (API version 3709383).
LogModuleManager: Display: Found up-to-date module file ../../../Engine/Plugins/Online/OnlineSubsystemUtils/Binaries/Win64/UE4Editor-OnlineBlueprintSupport.dll (API version 3709383).
LogModuleManager: Display: Found up-to-date module file ../../../Engine/Plugins/Runtime/AndroidDeviceProfileSelector/Binaries/Win64/UE4Editor-AndroidDeviceProfileSelector.dll (API version 3709383).
LogModuleManager: Display: Found up-to-date module file ../../../Engine/Plugins/Runtime/AppleARKit/Binaries/Win64/UE4Editor-AppleARKit.dll (API version 3709383).
LogModuleManager: Display: Found up-to-date module file ../../../Engine/Plugins/Runtime/ArchVisCharacter/Binaries/Win64/UE4Editor-ArchVisCharacter.dll (API version 3709383).
LogModuleManager: Display: Found up-to-date module file ../../../Engine/Plugins/Runtime/CableComponent/Binaries/Win64/UE4Editor-CableComponent.dll (API version 3709383).
LogModuleManager: Display: Found up-to-date module file ../../../Engine/Plugins/Runtime/CustomMeshComponent/Binaries/Win64/UE4Editor-CustomMeshComponent.dll (API version 3709383).
LogModuleManager: Display: Found up-to-date module file ../../../Engine/Plugins/Runtime/ExampleDeviceProfileSelector/Binaries/Win64/UE4Editor-ExampleDeviceProfileSelector.dll (API version 3709383).
LogModuleManager: Display: Found up-to-date module file ../../../Engine/Plugins/Runtime/ImmediatePhysics/Binaries/Win64/UE4Editor-ImmediatePhysics.dll (API version 3709383).
LogModuleManager: Display: Found up-to-date module file ../../../Engine/Plugins/Runtime/ImmediatePhysics/Binaries/Win64/UE4Editor-ImmediatePhysicsEditor.dll (API version 3709383).
LogModuleManager: Display: Found up-to-date module file ../../../Engine/Plugins/Runtime/LocationServicesBPLibrary/Binaries/Win64/UE4Editor-LocationServicesBPLibrary.dll (API version 3709383).
LogModuleManager: Display: Found up-to-date module file ../../../Engine/Plugins/Runtime/MobilePatchingUtils/Binaries/Win64/UE4Editor-MobilePatchingUtils.dll (API version 3709383).
LogModuleManager: Display: Found up-to-date module file ../../../Engine/Plugins/Runtime/Oculus/OculusVR/Binaries/Win64/UE4Editor-OculusHMD.dll (API version 3709383).
LogModuleManager: Display: Found up-to-date module file ../../../Engine/Plugins/Runtime/Oculus/OculusVR/Binaries/Win64/UE4Editor-OculusInput.dll (API version 3709383).
LogModuleManager: Display: Found up-to-date module file ../../../Engine/Plugins/Runtime/Oculus/OculusVR/Binaries/Win64/UE4Editor-OculusEditor.dll (API version 3709383).
LogModuleManager: Display: Found up-to-date module file ../../../Engine/Plugins/Runtime/PhysXVehicles/Binaries/Win64/UE4Editor-PhysXVehicles.dll (API version 3709383).
LogModuleManager: Display: Found up-to-date module file ../../../Engine/Plugins/Runtime/PhysXVehicles/Binaries/Win64/UE4Editor-PhysXVehiclesEditor.dll (API version 3709383).
LogModuleManager: Display: Found up-to-date module file ../../../Engine/Plugins/Runtime/ProceduralMeshComponent/Binaries/Win64/UE4Editor-ProceduralMeshComponent.dll (API version 3709383).
LogModuleManager: Display: Found up-to-date module file ../../../Engine/Plugins/Runtime/ProceduralMeshComponent/Binaries/Win64/UE4Editor-ProceduralMeshComponentEditor.dll (API version 3709383).
LogModuleManager: Display: Found up-to-date module file ../../../Engine/Plugins/Runtime/RuntimePhysXCooking/Binaries/Win64/UE4Editor-RuntimePhysXCooking.dll (API version 3709383).
LogModuleManager: Display: Found up-to-date module file ../../../Engine/Plugins/Runtime/Steam/SteamVR/Binaries/Win64/UE4Editor-SteamVR.dll (API version 3709383).
LogModuleManager: Display: Found up-to-date module file ../../../Engine/Plugins/Runtime/Steam/SteamVR/Binaries/Win64/UE4Editor-SteamVRController.dll (API version 3709383).
LogModuleManager: Display: Found up-to-date module file ../../../Engine/Plugins/Runtime/WindowsMoviePlayer/Binaries/Win64/UE4Editor-WindowsMoviePlayer.dll (API version 3709383).
LogPluginManager: Mounting plugin Paper2D
LogPluginManager: Mounting plugin LightPropagationVolume
LogPluginManager: Mounting plugin CodeLiteSourceCodeAccess
LogPluginManager: Mounting plugin GitSourceControl
LogPluginManager: Mounting plugin KDevelopSourceCodeAccess
LogPluginManager: Mounting plugin NullSourceCodeAccess
LogPluginManager: Mounting plugin PerforceSourceControl
LogPluginManager: Mounting plugin SubversionSourceControl
LogPluginManager: Mounting plugin UObjectPlugin
LogPluginManager: Mounting plugin VisualStudioCodeSourceCodeAccess
LogPluginManager: Mounting plugin VisualStudioSourceCodeAccess
LogPluginManager: Mounting plugin XCodeSourceCodeAccess
LogPluginManager: Mounting plugin AssetManagerEditor
LogPluginManager: Mounting plugin AudioCapture
LogPluginManager: Mounting plugin FacialAnimation
LogPluginManager: Mounting plugin GameplayTagsEditor
LogPluginManager: Mounting plugin MobileLauncherProfileWizard
LogPluginManager: Mounting plugin PluginBrowser
LogPluginManager: Mounting plugin SpeedTreeImporter
LogPluginManager: Mounting plugin AlembicImporter
LogPluginManager: Mounting plugin CharacterAI
LogPluginManager: Mounting plugin HTML5Networking
LogPluginManager: Mounting plugin AndroidMedia
LogPluginManager: Mounting plugin AvfMedia
LogPluginManager: Mounting plugin ImgMedia
LogPluginManager: Mounting plugin MediaCompositing
LogPluginManager: Mounting plugin MediaPlayerEditor
LogPluginManager: Mounting plugin WmfMedia
LogPluginManager: Mounting plugin TcpMessaging
LogPluginManager: Mounting plugin UdpMessaging
LogPluginManager: Mounting plugin ActorSequence
LogPluginManager: Mounting plugin LevelSequenceEditor
LogPluginManager: Mounting plugin MatineeToLevelSequence
LogPluginManager: Mounting plugin OnlineSubsystemGooglePlay
LogPluginManager: Mounting plugin OnlineSubsystemIOS
LogPluginManager: Mounting plugin OnlineSubsystem
LogPluginManager: Mounting plugin OnlineSubsystemNull
LogPluginManager: Mounting plugin OnlineSubsystemUtils
LogPluginManager: Mounting plugin AndroidDeviceProfileSelector
LogPluginManager: Mounting plugin AndroidMoviePlayer
LogPluginManager: Mounting plugin AndroidPermission
LogPluginManager: Mounting plugin AppleARKit
LogPluginManager: Mounting plugin AppleMoviePlayer
LogPluginManager: Mounting plugin ArchVisCharacter
LogPluginManager: Mounting plugin CableComponent
LogPluginManager: Mounting plugin CustomMeshComponent
LogPluginManager: Mounting plugin ExampleDeviceProfileSelector
LogPluginManager: Mounting plugin GoogleCloudMessaging
LogPluginManager: Mounting plugin ImmediatePhysics
LogPluginManager: Mounting plugin IOSDeviceProfileSelector
LogPluginManager: Mounting plugin LinuxDeviceProfileSelector
LogPluginManager: Mounting plugin LocationServicesBPLibrary
LogPluginManager: Mounting plugin MobilePatchingUtils
LogPluginManager: Mounting plugin OculusVR
LogPluginManager: Plugin shader directory ../../../Engine/Plugins/Runtime/Oculus/OculusVR/Shaders found
LogPluginManager: Mapping shader source directory ../../../Engine/Plugins/Runtime/Oculus/OculusVR/Shaders to virtual directory /Plugin/OculusVR
LogPluginManager: Mounting plugin PhysXVehicles
LogPluginManager: Mounting plugin ProceduralMeshComponent
LogPluginManager: Mounting plugin RuntimePhysXCooking
LogPluginManager: Mounting plugin SteamVR
LogPluginManager: Mounting plugin WindowsMoviePlayer
LogInit: Using libcurl 7.47.1
LogInit:  - built for x86_64-pc-win32
LogInit:  - supports SSL with OpenSSL/1.0.2g
LogInit:  - supports HTTP deflate (compression) using libz 1.2.8
LogInit:  - other features:
LogInit:      CURL_VERSION_SSL
LogInit:      CURL_VERSION_LIBZ
LogInit:      CURL_VERSION_IPV6
LogInit:      CURL_VERSION_ASYNCHDNS
LogInit:      CURL_VERSION_LARGEFILE
LogInit:      CURL_VERSION_IDN
LogInit:  CurlRequestOptions (configurable via config and command line):
LogInit:  - bVerifyPeer = false  - Libcurl will NOT verify peer certificate
LogInit:  - bUseHttpProxy = false  - Libcurl will NOT use HTTP proxy
LogInit:  - bDontReuseConnections = false  - Libcurl will reuse connections
LogInit:  - CertBundlePath = nullptr  - Libcurl will use whatever was configured at build time.
LogInit: Build: ++UE4+Release-4.18-CL-3832480
LogInit: Engine Version: 4.18.3-3832480+++UE4+Release-4.18
LogInit: Compatible Engine Version: 4.18.0-3709383+++UE4+Release-4.18
LogInit: Net CL: 3709383
LogDevObjectVersion: Number of dev versions registered: 16
LogDevObjectVersion:   Dev-Blueprints (B0D832E4-1F89-4F0D-ACCF-7EB736FD4AA2): 10
LogDevObjectVersion:   Dev-Build (E1C64328-A22C-4D53-A36C-8E866417BD8C): 0
LogDevObjectVersion:   Dev-Core (375EC13C-06E4-48FB-B500-84F0262A717E): 2
LogDevObjectVersion:   Dev-Editor (E4B068ED-F494-42E9-A231-DA0B2E46BB41): 20
LogDevObjectVersion:   Dev-Framework (CFFC743F-43B0-4480-9391-14DF171D2073): 30
LogDevObjectVersion:   Dev-Mobile (B02B49B5-BB20-44E9-A304-32B752E40360): 0
LogDevObjectVersion:   Dev-Networking (A4E4105C-59A1-49B5-A7C5-40C4547EDFEE): 0
LogDevObjectVersion:   Dev-Online (39C831C9-5AE6-47DC-9A44-9C173E1C8E7C): 0
LogDevObjectVersion:   Dev-Physics (78F01B33-EBEA-4F98-B9B4-84EACCB95AA2): 0
LogDevObjectVersion:   Dev-Platform (6631380F-2D4D-43E0-8009-CF276956A95A): 0
LogDevObjectVersion:   Dev-Rendering (12F88B9F-8875-4AFC-A67C-D90C383ABD29): 20
LogDevObjectVersion:   Dev-Sequencer (7B5AE74C-D270-4C10-A958-57980B212A5A): 4
LogDevObjectVersion:   Dev-VR (D7296918-1DD6-4BDD-9DE2-64A83CC13884): 0
LogDevObjectVersion:   Dev-LoadTimes (C2A15278-BFE7-4AFE-6C17-90FF531DF755): 1
LogDevObjectVersion:   Private-Geometry (6EACA3D4-40EC-4CC1-B786-8BED09428FC5): 1
LogDevObjectVersion:   Dev-AnimPhys (29E575DD-E0A3-4627-9D10-D276232CDCEA): 12
LogInit: Compiled (64-bit): Jan 12 2018 02:04:55
LogInit: Compiled with Visual C++: 19.00.24215.01
LogInit: Build Configuration: Development
LogInit: Branch Name: ++UE4+Release-4.18
LogInit: Command line: -EpicPortal 
LogInit: Base directory: C:/Program Files/Epic Games/UE_4.18/Engine/Binaries/Win64/
LogInit: Installed Engine Build: 1
LogInit: Presizing for max 8388607 objects, including 0 objects not considered by GC, pre-allocating 0 bytes for permanent pool.
LogInit: Object subsystem initialized
[2018.07.02-02.15.06:331][  0]LogInit: Selected Device Profile: [Windows]
[2018.07.02-02.15.06:331][  0]LogInit: Applying CVar settings loaded from the selected device profile: [Windows]
[2018.07.02-02.15.06:346][  0]LogInit: Computer: JU-LAPTOP
[2018.07.02-02.15.06:346][  0]LogInit: User: skuin
[2018.07.02-02.15.06:346][  0]LogInit: CPU Page size=4096, Cores=4
[2018.07.02-02.15.06:346][  0]LogInit: High frequency timer resolution =1.757815 MHz
[2018.07.02-02.15.06:346][  0]LogMemory: Memory total: Physical=7.9GB (8GB approx)
[2018.07.02-02.15.06:346][  0]LogMemory: Platform Memory Stats for Windows
[2018.07.02-02.15.06:346][  0]LogMemory: Process Physical Memory: 273.93 MB used, 273.93 MB peak
[2018.07.02-02.15.06:346][  0]LogMemory: Process Virtual Memory: 271.96 MB used, 271.96 MB peak
[2018.07.02-02.15.06:346][  0]LogMemory: Physical Memory: 4211.93 MB used,  3836.93 MB free, 8048.86 MB total
[2018.07.02-02.15.06:346][  0]LogMemory: Virtual Memory: 4780.49 MB used,  3836.93 MB free, 134217728.00 MB total
[2018.07.02-02.15.06:629][  0]LogInit: Using OS detected language (ko-KR).
[2018.07.02-02.15.06:629][  0]LogInit: Using OS detected locale (ko-KR).
[2018.07.02-02.15.06:633][  0]LogTextLocalizationManager: No specific localization for 'ko-KR' exists, so the 'ko' localization will be used.
[2018.07.02-02.15.06:799][  0]LogInit: Setting process to per monitor DPI aware
[2018.07.02-02.15.07:155][  0]LogD3D11RHI: D3D11 adapters:
[2018.07.02-02.15.07:219][  0]LogD3D11RHI:    0. 'NVIDIA GeForce MX150' (Feature Level 11_0)
[2018.07.02-02.15.07:219][  0]LogD3D11RHI:       1983/0/4024 MB DedicatedVideo/DedicatedSystem/SharedSystem, Outputs:1, VendorId:0x10de
[2018.07.02-02.15.07:233][  0]LogD3D11RHI:    1. 'Intel(R) UHD Graphics 620' (Feature Level 11_0)
[2018.07.02-02.15.07:233][  0]LogD3D11RHI:       128/0/4024 MB DedicatedVideo/DedicatedSystem/SharedSystem, Outputs:0, VendorId:0x8086
[2018.07.02-02.15.07:235][  0]LogD3D11RHI:    2. 'Microsoft Basic Render Driver' (Feature Level 11_0)
[2018.07.02-02.15.07:235][  0]LogD3D11RHI:       0/0/4024 MB DedicatedVideo/DedicatedSystem/SharedSystem, Outputs:0, VendorId:0x1414
[2018.07.02-02.15.07:235][  0]LogD3D11RHI: Chosen D3D11 Adapter: 0
[2018.07.02-02.15.07:249][  0]LogD3D11RHI: Creating new Direct3DDevice
[2018.07.02-02.15.07:249][  0]LogD3D11RHI:     GPU DeviceId: 0x1d10 (for the marketing name, search the web for "GPU Device Id")
[2018.07.02-02.15.07:249][  0]LogWindows: EnumDisplayDevices:
[2018.07.02-02.15.07:249][  0]LogWindows:    0. 'Intel(R) UHD Graphics 620' (P:1 D:1)
[2018.07.02-02.15.07:249][  0]LogWindows:    1. 'Intel(R) UHD Graphics 620' (P:0 D:0)
[2018.07.02-02.15.07:249][  0]LogWindows:    2. 'Intel(R) UHD Graphics 620' (P:0 D:0)
[2018.07.02-02.15.07:250][  0]LogWindows: DebugString: GetVideoDriverDetailsInvalid PrimaryIsNotTheChoosenAdapter GetVideoDriverDetailsInvalid PrimaryIsNotTheChoosenAdapter GetVideoDriverDetailsInvalid PrimaryIsNotTheChoosenAdapter FoundDriverCount:0 
[2018.07.02-02.15.07:250][  0]LogD3D11RHI:     Adapter Name: NVIDIA GeForce MX150
[2018.07.02-02.15.07:250][  0]LogD3D11RHI:   Driver Version: Unknown (internal:Unknown, unified:Unknown)
[2018.07.02-02.15.07:250][  0]LogD3D11RHI:      Driver Date: Unknown
[2018.07.02-02.15.07:250][  0]LogRHI: Texture pool is 1388 MB (70% of 1983 MB)
[2018.07.02-02.15.07:286][  0]LogD3D11RHI: Async texture creation enabled
[2018.07.02-02.15.07:303][  0]LogD3D11RHI: GPU Timing Frequency: 1000.000000 (Debug: 2 2)
[2018.07.02-02.15.07:306][  0]LogShaderCompilers: Guid format shader working directory is -12 characters bigger than the processId version (../../../../../../UE4_Project/UE4_Study/LevelDesignProject/Intermediate/Shaders/WorkingDirectory/8152/).
[2018.07.02-02.15.07:306][  0]LogShaderCompilers: Cleaned the shader compiler working directory 'C:/Users/skuin/AppData/Local/Temp/UnrealShaderWorkingDir/2BE41BF3496BAA43C1D938B2EC975906/'.
[2018.07.02-02.15.07:306][  0]LogShaderCompilers: Display: Using Local Shader Compiler.
[2018.07.02-02.15.08:290][  0]LogTemp: Display: Loaded TP AllDesktopTargetPlatform
[2018.07.02-02.15.08:377][  0]LogTemp: Display: Loaded TP MacClientTargetPlatform
[2018.07.02-02.15.08:473][  0]LogTemp: Display: Loaded TP MacNoEditorTargetPlatform
[2018.07.02-02.15.08:565][  0]LogTemp: Display: Loaded TP MacServerTargetPlatform
[2018.07.02-02.15.08:652][  0]LogTemp: Display: Loaded TP MacTargetPlatform
[2018.07.02-02.15.08:740][  0]LogTemp: Display: Loaded TP WindowsClientTargetPlatform
[2018.07.02-02.15.08:830][  0]LogTemp: Display: Loaded TP WindowsNoEditorTargetPlatform
[2018.07.02-02.15.08:918][  0]LogTemp: Display: Loaded TP WindowsServerTargetPlatform
[2018.07.02-02.15.08:998][  0]LogTemp: Display: Loaded TP WindowsTargetPlatform
[2018.07.02-02.15.09:085][  0]LogTemp: Display: Loaded TP Android_ASTCTargetPlatform
[2018.07.02-02.15.09:170][  0]LogTemp: Display: Loaded TP Android_ATCTargetPlatform
[2018.07.02-02.15.09:256][  0]LogTemp: Display: Loaded TP Android_DXTTargetPlatform
[2018.07.02-02.15.09:341][  0]LogTemp: Display: Loaded TP Android_ETC1TargetPlatform
[2018.07.02-02.15.09:425][  0]LogTemp: Display: Loaded TP Android_ETC2TargetPlatform
[2018.07.02-02.15.09:598][  0]LogTemp: Display: Loaded TP Android_MultiTargetPlatform
[2018.07.02-02.15.09:598][  0]LogTemp: Display: Loaded TP Android_PVRTCTargetPlatform
[2018.07.02-02.15.09:683][  0]LogTemp: Display: Loaded TP AndroidTargetPlatform
[2018.07.02-02.15.09:758][  0]LogTemp: Display: Loaded TP HTML5TargetPlatform
[2018.07.02-02.15.09:906][  0]LogTemp: Display: Loaded TP IOSTargetPlatform
[2018.07.02-02.15.09:949][  0]LogTemp: Display: Loaded TP TVOSTargetPlatform
[2018.07.02-02.15.10:036][  0]LogTemp: Display: Loaded TP LinuxClientTargetPlatform
[2018.07.02-02.15.10:121][  0]LogTemp: Display: Loaded TP LinuxNoEditorTargetPlatform
[2018.07.02-02.15.10:205][  0]LogTemp: Display: Loaded TP LinuxServerTargetPlatform
[2018.07.02-02.15.10:291][  0]LogTemp: Display: Loaded TP LinuxTargetPlatform
[2018.07.02-02.15.10:291][  0]LogTargetPlatformManager: Display: Building Assets For Windows
[2018.07.02-02.15.11:150][  0]LogDerivedDataCache: Display: Max Cache Size: 512 MB
[2018.07.02-02.15.11:211][  0]LogDerivedDataCache: Loaded boot cache 0.06s 78MB C:/Users/skuin/AppData/Local/UnrealEngine/4.18/DerivedDataCache/Boot.ddc.
[2018.07.02-02.15.11:211][  0]LogDerivedDataCache: Display: Loaded Boot cache: C:/Users/skuin/AppData/Local/UnrealEngine/4.18/DerivedDataCache/Boot.ddc
[2018.07.02-02.15.11:212][  0]LogDerivedDataCache: FDerivedDataBackendGraph:  Pak pak cache file ../../../../../../UE4_Project/UE4_Study/LevelDesignProject/DerivedDataCache/DDC.ddp not found, will not use a pak cache.
[2018.07.02-02.15.11:212][  0]LogDerivedDataCache: Unable to find inner node Pak for hierarchical cache Hierarchy.
[2018.07.02-02.15.11:212][  0]LogDerivedDataCache: FDerivedDataBackendGraph:  CompressedPak pak cache file ../../../../../../UE4_Project/UE4_Study/LevelDesignProject/DerivedDataCache/Compressed.ddp not found, will not use a pak cache.
[2018.07.02-02.15.11:212][  0]LogDerivedDataCache: Unable to find inner node CompressedPak for hierarchical cache Hierarchy.
[2018.07.02-02.15.11:226][  0]LogDerivedDataCache: Display: Pak cache opened for reading ../../../Engine/DerivedDataCache/Compressed.ddp.
[2018.07.02-02.15.11:240][  0]LogDerivedDataCache: Using Local data cache path C:/Users/skuin/AppData/Local/UnrealEngine/Common/DerivedDataCache: Writable
[2018.07.02-02.15.11:249][  0]LogMaterial: Verifying Global Shaders for PCD3D_SM5
[2018.07.02-02.15.11:250][  0]LogSlate: Using Freetype 2.6.0
[2018.07.02-02.15.11:250][  0]LogSlate: SlateFontCache - WITH_FREETYPE: 1, WITH_HARFBUZZ: 1
[2018.07.02-02.15.11:250][  0]LogSlate: SlateFontCache - WITH_FREETYPE: 1, WITH_HARFBUZZ: 1
[2018.07.02-02.15.11:654][  0]LogInit: Selected Device Profile: [Windows]
[2018.07.02-02.15.12:183][  0]LogSimplygon: Simplygon DLL not present - disabling.
[2018.07.02-02.15.12:260][  0]LogMeshReduction: Using SimplygonSwarm for distributed automatic mesh merging
[2018.07.02-02.15.12:260][  0]LogMeshReduction: Using QuadricMeshReduction for automatic static mesh reduction
[2018.07.02-02.15.12:260][  0]LogMeshReduction: No automatic skeletal mesh reduction module available
[2018.07.02-02.15.12:260][  0]LogMeshReduction: No automatic mesh merging module available
[2018.07.02-02.15.12:260][  0]LogMeshMerging: No automatic mesh merging module available
[2018.07.02-02.15.12:307][  0]LogNetVersion: LevelDesignProject , NetCL: 3709383, EngineNetVer: 2, GameNetVer: 0 (Checksum: 3902604152)
[2018.07.02-02.15.12:528][  0]LogAssetRegistry: FAssetRegistry took 0.0262 seconds to start up
[2018.07.02-02.15.13:216][  0]LogPackageLocalizationCache: Processed 7 localized package path(s) for 2 prioritized culture(s) in 0.071130 seconds
[2018.07.02-02.15.13:222][  0]LogUObjectArray: 35870 objects as part of root set at end of initial load.
[2018.07.02-02.15.13:222][  0]LogUObjectAllocator: 7363696 out of 0 bytes used by permanent object pool.
[2018.07.02-02.15.13:222][  0]LogUObjectArray: CloseDisregardForGC: 0/0 objects in disregard for GC pool
[2018.07.02-02.15.13:324][  0]LogInit: WinSock: version 1.1 (2.2), MaxSocks=32767, MaxUdp=65467
[2018.07.02-02.15.17:549][  0]LogTcpMessaging: Initializing TcpMessaging bridge
[2018.07.02-02.15.17:618][  0]LogUdpMessaging: Initializing bridge on interface 0.0.0.0:0 to multicast group 230.0.0.1:6666.
[2018.07.02-02.15.18:765][  0]LogMaterial: Uniform references updated for custom material expression Custom.
[2018.07.02-02.15.19:467][  0]SourceControl: 소스 콘트롤이 꺼졌습니다.
[2018.07.02-02.15.19:467][  0]SourceControl: 소스 콘트롤이 꺼졌습니다.
[2018.07.02-02.15.19:564][  0]SourceControl: 소스 콘트롤이 꺼졌습니다.
[2018.07.02-02.15.19:658][  0]SourceControl: 소스 콘트롤이 꺼졌습니다.
[2018.07.02-02.15.21:110][  0]LogAndroidPermission: UAndroidPermissionCallbackProxy::GetInstance
[2018.07.02-02.15.21:589][  0]LogOcInput: OculusInput pre-init called
[2018.07.02-02.15.22:083][  0]LogEngine: Initializing Engine...
[2018.07.02-02.15.22:085][  0]LogHMD: Failed to initialize OpenVR with code 110
[2018.07.02-02.15.22:288][  0]LogStats: UGameplayTagsManager::ConstructGameplayTagTree: Construct from data asset -  0.000 s
[2018.07.02-02.15.22:288][  0]LogStats: UGameplayTagsManager::ConstructGameplayTagTree: GameplayTagTreeChangedEvent.Broadcast -  0.000 s
[2018.07.02-02.15.22:526][  0]LogAIModule: Creating AISystem for world Untitled
[2018.07.02-02.15.22:535][  0]LogInit: XAudio2 using '스피커(Realtek High Definition Audio)' : 2 channels at 48 kHz using 32 bits per sample (channel mask 0x3)
[2018.07.02-02.15.23:305][  0]LogInit: FAudioDevice initialized.
[2018.07.02-02.15.23:397][  0]LogDerivedDataCache: Saved boot cache 0.09s 78MB C:/Users/skuin/AppData/Local/UnrealEngine/4.18/DerivedDataCache/Boot.ddc.
[2018.07.02-02.15.23:411][  0]LogInit: Texture streaming: Enabled
[2018.07.02-02.15.23:599][  0]LogEngineSessionManager: EngineSessionManager initialized
[2018.07.02-02.15.23:856][  0]LogInit: Transaction tracking system initialized
[2018.07.02-02.15.24:469][  0]BlueprintLog: New page: 에디터 로드
[2018.07.02-02.15.26:326][  0]LocalizationService: 현지화 서비스가 비활성화되었습니다.
[2018.07.02-02.15.28:012][  0]LogConsoleResponse: Display: 
[2018.07.02-02.15.28:247][  0]LogCook: Display: Max memory allowance for cook 16384mb min free memory 0mb
[2018.07.02-02.15.28:247][  0]LogCook: Display: Mobile HDR setting 1
[2018.07.02-02.15.28:247][  0]LogGameplayTags: Display: UGameplayTagsManager::DoneAddingNativeTags. DelegateIsBound: 0
[2018.07.02-02.15.28:560][  0]LogFileCache: Scanning file cache for directory 'C:/UE4_Project/UE4_Study/LevelDesignProject/Content/' took 0.02s
[2018.07.02-02.15.30:470][  0]SourceControl: 소스 콘트롤이 꺼졌습니다.
[2018.07.02-02.15.30:470][  0]Cmd: MAP LOAD FILE="../../../../../../UE4_Project/UE4_Study/LevelDesignProject/Content/StarterContent/Maps/Minimal_Default.umap" TEMPLATE=0 SHOWPROGRESS=1 FEATURELEVEL=3
[2018.07.02-02.15.30:474][  0]LightingResults: New page: 라이팅 빌드
[2018.07.02-02.15.30:551][  0]MapCheck: New page: 맵 체크
[2018.07.02-02.15.30:551][  0]LightingResults: New page: 라이팅 빌드
[2018.07.02-02.15.31:041][  0]LogAIModule: Creating AISystem for world Minimal_Default
[2018.07.02-02.15.31:054][  0]LogEditorServer: Finished looking for orphan Actors (0.000 secs)
[2018.07.02-02.15.31:069][  0]Cmd: MAP CHECKDEP NOCLEARLOG
[2018.07.02-02.15.31:155][  0]MapCheck: 맵 체크 완료: 오류 0 회, 경고 0 회, 소요 시간 85.633ms.
[2018.07.02-02.15.31:155][  0]LogFileHelpers: Loading map 'Minimal_Default' took 0.685
[2018.07.02-02.15.31:421][  0]LogCollectionManager: Loaded 0 collections in 0.001992 seconds
[2018.07.02-02.15.31:593][  0]LogFileCache: Scanning file cache for directory 'C:/UE4_Project/UE4_Study/LevelDesignProject/Saved/Collections/' took 0.01s
[2018.07.02-02.15.31:593][  0]LogFileCache: Scanning file cache for directory 'C:/UE4_Project/UE4_Study/LevelDesignProject/Content/Developers/skuin/Collections/' took 0.01s
[2018.07.02-02.15.31:593][  0]LogFileCache: Scanning file cache for directory 'C:/UE4_Project/UE4_Study/LevelDesignProject/Content/Collections/' took 0.01s
[2018.07.02-02.15.31:593][  0]LogCollectionManager: Rebuilt the GUID cache for 0 collections in 0.000001 seconds
[2018.07.02-02.15.31:608][  0]LogContentBrowser: Native class hierarchy populated in 0.0114 seconds. Added 2363 classes and 519 folders.
[2018.07.02-02.15.31:753][  0]LogContentBrowser: Native class hierarchy updated for 'WidgetCarousel' in 0.0003 seconds. Added 0 classes and 0 folders.
[2018.07.02-02.15.31:919][  0]LogContentBrowser: Native class hierarchy updated for 'AddContentDialog' in 0.0002 seconds. Added 0 classes and 0 folders.
[2018.07.02-02.15.32:022][  0]LogContentBrowser: Native class hierarchy updated for 'SceneOutliner' in 0.0003 seconds. Added 1 classes and 2 folders.
[2018.07.02-02.15.32:246][  0]LogSlate: Took 0.000357 seconds to synchronously load lazily loaded font '../../../Engine/Content/Slate/Fonts/Roboto-Regular.ttf' (155K)
[2018.07.02-02.15.32:251][  0]LogSlate: Took 0.003085 seconds to synchronously load lazily loaded font '../../../Engine/Content/Slate/Fonts/NanumGothic.ttf' (4243K)
[2018.07.02-02.15.32:252][  0]LogSlate: Took 0.000317 seconds to synchronously load lazily loaded font '../../../Engine/Content/Slate/Fonts/Roboto-Bold.ttf' (160K)
[2018.07.02-02.15.32:261][  0]LogSlate: Took 0.001452 seconds to synchronously load lazily loaded font '../../../Engine/Content/Editor/Slate/Fonts/FontAwesome.ttf' (139K)
[2018.07.02-02.15.32:421][  0]LogRenderer: Reallocating scene render targets to support 1168x600 Format 9 NumSamples 1 (Frame:1).
[2018.07.02-02.15.32:740][  0]LogContentBrowser: Native class hierarchy updated for 'HierarchicalLODOutliner' in 0.0003 seconds. Added 1 classes and 2 folders.
[2018.07.02-02.15.32:740][  0]LogLoad: (Engine Initialization) Total time: 29.67 seconds
[2018.07.02-02.15.32:740][  0]LogLoad: (Engine Initialization) Total Blueprint compile time: 0.00 seconds
[2018.07.02-02.15.32:740][  0]LogExternalProfiler: No external profilers were discovered.  External profiling features will not be available.
[2018.07.02-02.15.33:101][  0]LogContentStreaming: Texture pool size now 400 MB
[2018.07.02-02.15.33:130][  0]LogSlate: Took 0.002561 seconds to synchronously load lazily loaded font '../../../Engine/Content/Slate/Fonts/Roboto-Light.ttf' (159K)
[2018.07.02-02.15.33:418][  1]LogAssetRegistry: Asset discovery search completed in 20.9115 seconds
[2018.07.02-02.15.33:420][  1]LogCollectionManager: Rebuilt the object cache for 0 collections in 0.000001 seconds (found 0 objects)
[2018.07.02-02.15.33:420][  1]LogCollectionManager: Fixed up redirectors for 0 collections in 0.000051 seconds (updated 0 objects)
[2018.07.02-02.15.38:987][157]LightingResults: New page: 라이팅 빌드
[2018.07.02-02.15.38:990][157]MapCheck: New page: 맵 체크
[2018.07.02-02.15.38:990][157]LightingResults: New page: 라이팅 빌드
[2018.07.02-02.15.39:001][157]LogAIModule: Creating AISystem for world Untitled
[2018.07.02-02.15.39:053][157]LoadErrors: New page: 새 맵
[2018.07.02-02.16.28:657][400]LogActorFactory: Actor Factory created Plane
[2018.07.02-02.16.29:175][430]LogActorFactory: Actor Factory created Plane
[2018.07.02-02.16.52:528][798]LogEditorViewport: Clicking on Actor (LMB): StaticMeshActor (Plane)
[2018.07.02-02.16.53:907][879]LogEditorViewport: Clicking Background
[2018.07.02-02.16.54:721][928]LogEditorViewport: Clicking on Actor (LMB): StaticMeshActor (Plane2)
[2018.07.02-02.17.05:883][594]LogEditorViewport: Clicking Background
[2018.07.02-02.17.37:192][454]LogSlate: Took 0.002449 seconds to synchronously load lazily loaded font '../../../Engine/Content/Slate/Fonts/Roboto-Light.ttf' (159K)
[2018.07.02-02.18.04:306][ 59]LogAIModule: Creating AISystem for world MyRoom
[2018.07.02-02.18.05:841][ 59]LogSavePackage: Save=67.73ms
[2018.07.02-02.18.05:841][ 59]LogSavePackage: Moving '../../../../../../UE4_Project/UE4_Study/LevelDesignProject/Saved/MyRoomCD4546DA404BACA186D557805EA24892.tmp' to '../../../../../../UE4_Project/UE4_Study/LevelDesignProject/Content/Practice_01_MyRoom/MyRoom.umap'
[2018.07.02-02.18.05:846][ 59]LogSavePackage: Display: Finished SavePackage ../../../../../../UE4_Project/UE4_Study/LevelDesignProject/Content/Practice_01_MyRoom/MyRoom.umap
[2018.07.02-02.18.05:849][ 59]LogFileHelpers: Saving map 'MyRoom' took 0.188
[2018.07.02-02.18.05:852][ 59]Cmd: OBJ SAVEPACKAGE PACKAGE="/Game/Practice_01_MyRoom/MyRoom_BuiltData" FILE="../../../../../../UE4_Project/UE4_Study/LevelDesignProject/Content/Practice_01_MyRoom/MyRoom_BuiltData.uasset" SILENT=true
[2018.07.02-02.18.05:978][ 59]LogSavePackage: Save=123.68ms
[2018.07.02-02.18.05:978][ 59]LogSavePackage: Moving '../../../../../../UE4_Project/UE4_Study/LevelDesignProject/Saved/MyRoom_BuiltDataE47CF6A84E52E227558C1785C318942F.tmp' to '../../../../../../UE4_Project/UE4_Study/LevelDesignProject/Content/Practice_01_MyRoom/MyRoom_BuiltData.uasset'
[2018.07.02-02.18.05:981][ 59]LogSavePackage: Display: Finished SavePackage ../../../../../../UE4_Project/UE4_Study/LevelDesignProject/Content/Practice_01_MyRoom/MyRoom_BuiltData.uasset
[2018.07.02-02.18.32:751][229]LogSavePackage: Save=11.51ms
[2018.07.02-02.18.32:751][229]LogSavePackage: Moving '../../../../../../UE4_Project/UE4_Study/LevelDesignProject/Saved/Practice020E6BEF184B2BFF7FC43E3E8AFF4C9D33.tmp' to '../../../../../../UE4_Project/UE4_Study/LevelDesignProject/Content/Practice_02/Practice02.umap'
[2018.07.02-02.18.32:755][229]LogSavePackage: Display: Finished SavePackage ../../../../../../UE4_Project/UE4_Study/LevelDesignProject/Content/Practice_02/Practice02.umap
[2018.07.02-02.18.32:772][229]LogFileHelpers: Saving map 'Practice02' took 0.149
[2018.07.02-02.19.27:660][511]LogEditorViewport: Clicking Background
[2018.07.02-02.19.29:045][594]LogEditorViewport: Clicking Background
[2018.07.02-02.19.29:429][617]LogEditorViewport: Clicking on Actor (LMB): TextRenderActor (TextRenderActor)
[2018.07.02-02.19.33:484][858]LogEditorViewport: Clicking on Actor (LMB): StaticMeshActor (Plane)
[2018.07.02-02.19.36:765][ 52]LogEditorViewport: Clicking on Actor (LMB): StaticMeshActor (Plane2)
[2018.07.02-02.19.37:804][112]LogEditorViewport: Clicking on Actor (CTRL LMB): StaticMeshActor (Plane)
[2018.07.02-02.19.38:774][168]LogEditorViewport: Clicking on Actor (LMB): StaticMeshActor (Plane2)
[2018.07.02-02.19.39:413][204]LogEditorViewport: Clicking on Actor (CTRL LMB): StaticMeshActor (Plane)
[2018.07.02-02.19.48:271][732]LogEditorViewport: Clicking on Actor (LMB): TextRenderActor (TextRenderActor)
[2018.07.02-02.20.01:851][541]LogEditorViewport: Clicking Background
[2018.07.02-02.20.04:816][718]LogEditorViewport: Clicking on Actor (LMB): TextRenderActor (TextRenderActor)
[2018.07.02-02.20.27:463][ 70]LogEditorViewport: Clicking Background
[2018.07.02-02.20.31:700][324]LogEditorViewport: Clicking on Actor (LMB): StaticMeshActor (Plane2)
[2018.07.02-02.20.32:144][348]LogEditorViewport: Clicking on Actor (LMB): StaticMeshActor (Plane2)
[2018.07.02-02.20.32:634][377]LogEditorViewport: Clicking on Actor (LMB): TextRenderActor (TextRenderActor)
[2018.07.02-02.20.50:695][456]LogEditorViewport: Clicking on Actor (LMB): StaticMeshActor (Plane)
[2018.07.02-02.20.52:217][543]LogSlate: Took 0.000222 seconds to synchronously load lazily loaded font '../../../Engine/Content/Slate/Fonts/Roboto-Light.ttf' (159K)
[2018.07.02-02.20.56:799][818]LogMaterial: Missing cached shader map for material M_AssetPlatform, compiling. 
[2018.07.02-02.20.57:775][872]LogEditorViewport: Clicking on Actor (LMB): StaticMeshActor (Plane2)
[2018.07.02-02.20.58:955][939]LogEditorViewport: Clicking Background
[2018.07.02-02.20.59:315][960]LogEditorViewport: Clicking on Actor (LMB): StaticMeshActor (Plane2)
[2018.07.02-02.21.03:816][223]LogEditorViewport: Clicking on Actor (LMB): TextRenderActor (TextRenderActor)
[2018.07.02-02.21.04:866][284]LogEditorViewport: Clicking Background
[2018.07.02-02.21.35:767][599]LogEditorViewport: Clicking Background
[2018.07.02-02.22.32:621][403]LogEditorViewport: Clicking on Actor (CTRL LMB): StaticMeshActor (Plane)
[2018.07.02-02.22.33:122][430]LogEditorViewport: Clicking on Actor (CTRL LMB): StaticMeshActor (Plane2)
[2018.07.02-02.22.35:680][581]LogEditorViewport: Clicking on Actor (context menu): StaticMeshActor (Plane)
[2018.07.02-02.23.11:265][581]LogStaticMesh: SM_MERGED_Plane_2 스태틱 메시 빌드중...
[2018.07.02-02.23.11:275][581]LogStaticMesh: Built static mesh [0.01s] /Game/SM_MERGED_Plane_2.SM_MERGED_Plane_2
[2018.07.02-02.23.11:281][581]LogPhysics: Warning: PHYSX: (D:\Build\++UE4+Release-4.18+PhysX_Compile\Sync\Engine\Source\ThirdParty\PhysX\PhysX_3.4\Source\PhysXCooking\src\convex\QuickHullConvexHullLib.cpp 937) eINTERNAL_ERROR : QuickHullConvexHullLib::findSimplex: Simplex input points appers to be coplanar.
[2018.07.02-02.23.11:281][581]LogPhysics: Warning: PHYSX: (D:\Build\++UE4+Release-4.18+PhysX_Compile\Sync\Engine\Source\ThirdParty\PhysX\PhysX_3.4\Source\PhysXCooking\src\convex\QuickHullConvexHullLib.cpp 937) eINTERNAL_ERROR : QuickHullConvexHullLib::findSimplex: Simplex input points appers to be coplanar.
[2018.07.02-02.23.11:282][581]LogPhysics: Warning: Failed to cook convex: /Game/SM_MERGED_Plane_2.SM_MERGED_Plane_2 1 (FlipX:0). The remaining elements will not get cooked.
[2018.07.02-02.23.11:282][581]LogPhysics: Warning: PHYSX: (D:\Build\++UE4+Release-4.18+PhysX_Compile\Sync\Engine\Source\ThirdParty\PhysX\PhysX_3.4\Source\PhysXCooking\src\convex\QuickHullConvexHullLib.cpp 937) eINTERNAL_ERROR : QuickHullConvexHullLib::findSimplex: Simplex input points appers to be coplanar.
[2018.07.02-02.23.11:282][581]LogPhysics: Warning: PHYSX: (D:\Build\++UE4+Release-4.18+PhysX_Compile\Sync\Engine\Source\ThirdParty\PhysX\PhysX_3.4\Source\PhysXCooking\src\convex\QuickHullConvexHullLib.cpp 937) eINTERNAL_ERROR : QuickHullConvexHullLib::findSimplex: Simplex input points appers to be coplanar.
[2018.07.02-02.23.11:282][581]LogPhysics: Warning: Failed to cook convex: /Game/SM_MERGED_Plane_2.SM_MERGED_Plane_2 1 (FlipX:1). The remaining elements will not get cooked.
[2018.07.02-02.23.11:284][581]LogPhysics: Warning: Attempt to build physics data for /Game/SM_MERGED_Plane_2.SM_MERGED_Plane_2:BodySetup_0 when we are unable to.
[2018.07.02-02.23.11:285][581]LogPhysics: Warning: PHYSX: (D:\Build\++UE4+Release-4.18+PhysX_Compile\Sync\Engine\Source\ThirdParty\PhysX\PhysX_3.4\Source\PhysXCooking\src\convex\QuickHullConvexHullLib.cpp 937) eINTERNAL_ERROR : QuickHullConvexHullLib::findSimplex: Simplex input points appers to be coplanar.
[2018.07.02-02.23.11:285][581]LogPhysics: Warning: PHYSX: (D:\Build\++UE4+Release-4.18+PhysX_Compile\Sync\Engine\Source\ThirdParty\PhysX\PhysX_3.4\Source\PhysXCooking\src\convex\QuickHullConvexHullLib.cpp 937) eINTERNAL_ERROR : QuickHullConvexHullLib::findSimplex: Simplex input points appers to be coplanar.
[2018.07.02-02.23.11:285][581]LogPhysics: Warning: Failed to cook convex: /Game/SM_MERGED_Plane_2.SM_MERGED_Plane_2 1 (FlipX:0). The remaining elements will not get cooked.
[2018.07.02-02.23.11:285][581]LogPhysics: Warning: PHYSX: (D:\Build\++UE4+Release-4.18+PhysX_Compile\Sync\Engine\Source\ThirdParty\PhysX\PhysX_3.4\Source\PhysXCooking\src\convex\QuickHullConvexHullLib.cpp 937) eINTERNAL_ERROR : QuickHullConvexHullLib::findSimplex: Simplex input points appers to be coplanar.
[2018.07.02-02.23.11:285][581]LogPhysics: Warning: PHYSX: (D:\Build\++UE4+Release-4.18+PhysX_Compile\Sync\Engine\Source\ThirdParty\PhysX\PhysX_3.4\Source\PhysXCooking\src\convex\QuickHullConvexHullLib.cpp 937) eINTERNAL_ERROR : QuickHullConvexHullLib::findSimplex: Simplex input points appers to be coplanar.
[2018.07.02-02.23.11:285][581]LogPhysics: Warning: Failed to cook convex: /Game/SM_MERGED_Plane_2.SM_MERGED_Plane_2 1 (FlipX:1). The remaining elements will not get cooked.
[2018.07.02-02.23.11:285][581]LogPhysics: Warning: Attempt to build physics data for /Game/SM_MERGED_Plane_2.SM_MERGED_Plane_2:BodySetup_0 when we are unable to.
[2018.07.02-02.23.11:291][581]LogPhysics: Warning: PopulatePhysXGeometryAndTransform(Convex): ConvexElem is missing ConvexMesh
[2018.07.02-02.23.11:291][581]LogPhysics: Warning: ForeachShape(Convex): [/Game/SM_MERGED_Plane_2.SM_MERGED_Plane_2] ScaledElem[0] invalid
[2018.07.02-02.23.11:291][581]LogPhysics: Warning: PopulatePhysXGeometryAndTransform(Convex): ConvexElem is missing ConvexMesh
[2018.07.02-02.23.11:291][581]LogPhysics: Warning: ForeachShape(Convex): [/Game/SM_MERGED_Plane_2.SM_MERGED_Plane_2] ScaledElem[1] invalid
[2018.07.02-02.23.11:291][581]LogPhysics: Warning: PopulatePhysXGeometryAndTransform(Convex): ConvexElem is missing ConvexMesh
[2018.07.02-02.23.11:291][581]LogPhysics: Warning: ForeachShape(Convex): [/Game/SM_MERGED_Plane_2.SM_MERGED_Plane_2] ScaledElem[0] invalid
[2018.07.02-02.23.11:291][581]LogPhysics: Warning: PopulatePhysXGeometryAndTransform(Convex): ConvexElem is missing ConvexMesh
[2018.07.02-02.23.11:291][581]LogPhysics: Warning: ForeachShape(Convex): [/Game/SM_MERGED_Plane_2.SM_MERGED_Plane_2] ScaledElem[1] invalid
[2018.07.02-02.23.18:345][  4]LogEditorViewport: Clicking on Actor (LMB): StaticMeshActor (SM_MERGED_Plane_2)
[2018.07.02-02.23.22:863][272]LogEditorViewport: Clicking on Actor (LMB): TextRenderActor (TextRenderActor)
[2018.07.02-02.23.39:638][268]LogEditorViewport: Clicking Background
[2018.07.02-02.23.55:125][191]LogEditorViewport: Clicking on Actor (LMB): StaticMeshActor (SM_MERGED_Plane_2)
[2018.07.02-02.23.56:712][283]LogEditorViewport: Clicking on Actor (LMB): PointLight (PointLight)
[2018.07.02-02.24.29:119][205]LogSlate: Took 0.005493 seconds to synchronously load lazily loaded font '../../../Engine/Content/Editor/Slate/Fonts/Roboto-Italic.ttf' (157K)
[2018.07.02-02.25.19:048][345]LogEditorViewport: Clicking on Actor (LMB): StaticMeshActor (SM_MERGED_Plane_2)
[2018.07.02-02.25.19:653][378]LogEditorViewport: Clicking on Actor (LMB): TextRenderActor (TextRenderActor)
[2018.07.02-02.25.22:127][522]LogEditorViewport: Clicking on Actor (LMB): PointLight (PointLight)
[2018.07.02-02.25.24:740][674]LogEditorViewport: Clicking on Actor (LMB): TextRenderActor (TextRenderActor)
[2018.07.02-02.25.26:768][792]LogEditorViewport: Clicking Background
[2018.07.02-02.25.27:610][842]LogEditorViewport: Clicking on Actor (LMB): TextRenderActor (TextRenderActor)
[2018.07.02-02.25.34:795][265]LogEditorViewport: Clicking Background
[2018.07.02-02.25.35:752][322]LogEditorViewport: Clicking on Actor (LMB): TextRenderActor (TextRenderActor)
[2018.07.02-02.25.37:749][439]LogEditorViewport: Clicking Background
[2018.07.02-02.25.41:148][642]LogEditorViewport: Clicking on Actor (LMB): StaticMeshActor (SM_MERGED_Plane_2)
[2018.07.02-02.25.41:519][661]LogEditorViewport: Clicking on Actor (LMB): StaticMeshActor (SM_MERGED_Plane_2)
[2018.07.02-02.25.42:083][694]LogEditorViewport: Clicking on Actor (LMB): StaticMeshActor (SM_MERGED_Plane_2)
[2018.07.02-02.25.42:513][719]LogEditorViewport: Clicking on Actor (LMB): StaticMeshActor (SM_MERGED_Plane_2)
[2018.07.02-02.25.42:827][737]LogEditorViewport: Clicking on Actor (LMB): TextRenderActor (TextRenderActor)
[2018.07.02-02.25.44:928][860]LogEditorViewport: Clicking Background
[2018.07.02-02.25.46:943][980]LogEditorViewport: Clicking on Actor (LMB): PointLight (PointLight)
[2018.07.02-02.25.54:251][411]LogEditorViewport: Clicking on Actor (LMB): TextRenderActor (TextRenderActor)
[2018.07.02-02.25.56:543][542]LogEditorViewport: Clicking Background
[2018.07.02-02.25.58:642][667]LogEditorViewport: Clicking on Actor (LMB): PointLight (PointLight)
[2018.07.02-02.26.00:479][774]LogEditorViewport: Clicking Background
[2018.07.02-02.26.06:879][157]LogEditorViewport: Clicking Background
[2018.07.02-02.26.07:187][175]LogEditorViewport: Clicking on Actor (LMB): PointLight (PointLight)
[2018.07.02-02.27.09:172][ 15]LogEditorViewport: Clicking on Actor (LMB): PointLight (PointLight)
[2018.07.02-02.27.12:854][234]Cmd: DELETE
[2018.07.02-02.27.12:854][234]Cmd: ACTOR DELETE
[2018.07.02-02.27.12:869][234]LogEditorActor: Deleted Actor: PointLight
[2018.07.02-02.27.12:879][234]LogEditorActor: Deleted 1 Actors (0.012 secs)
[2018.07.02-02.27.13:836][292]LogEditorViewport: Clicking on Actor (LMB): SpotLight (SpotLight)
[2018.07.02-02.27.52:504][593]LogEditorViewport: Clicking Background
[2018.07.02-02.27.55:846][793]LogEditorViewport: Clicking on Actor (LMB): SpotLight (SpotLight)
[2018.07.02-02.27.57:509][890]LogEditorViewport: Clicking Background
[2018.07.02-02.27.59:365][  0]LogEditorViewport: Clicking on Actor (LMB): SpotLight (SpotLight)
[2018.07.02-02.28.02:969][214]LogEditorViewport: Clicking Background
[2018.07.02-02.28.07:121][462]LogEditorViewport: Clicking on Actor (LMB): SpotLight (SpotLight)
[2018.07.02-02.28.11:022][694]LogEditorViewport: Clicking on Actor (LMB): TextRenderActor (TextRenderActor)
[2018.07.02-02.28.12:907][804]LogEditorViewport: Clicking Background
[2018.07.02-02.28.14:306][887]LogEditorViewport: Clicking on Actor (LMB): TextRenderActor (TextRenderActor)
[2018.07.02-02.28.15:876][978]LogEditorViewport: Clicking Background
[2018.07.02-02.28.23:093][410]LogEditorViewport: Clicking on Actor (LMB): SpotLight (SpotLight)
[2018.07.02-02.28.30:195][832]LogEditorViewport: Clicking on Actor (LMB): TextRenderActor (TextRenderActor)
[2018.07.02-02.28.31:833][928]LogEditorViewport: Clicking Background
[2018.07.02-02.28.34:704][100]LogEditorViewport: Clicking on Actor (LMB): SpotLight (SpotLight)
[2018.07.02-02.28.38:594][331]Cmd: TRANSACTION UNDO
[2018.07.02-02.28.38:594][331]LogEditorTransaction: Undo 액터 이동
[2018.07.02-02.28.42:096][540]Cmd: TRANSACTION UNDO
[2018.07.02-02.28.42:097][540]LogEditorTransaction: Undo 액터 이동
[2018.07.02-02.28.45:598][749]LogEditorViewport: Clicking Background
[2018.07.02-02.28.50:277][ 29]LogEditorViewport: Clicking on Actor (LMB): TextRenderActor (TextRenderActor)
[2018.07.02-02.28.52:216][143]LogEditorViewport: Clicking Background
[2018.07.02-02.29.19:015][745]LogSavePackage: Save=11.76ms
[2018.07.02-02.29.19:015][745]LogSavePackage: Moving '../../../../../../UE4_Project/UE4_Study/LevelDesignProject/Saved/Practice02_Auto18F9AEBDB42940F499FDBF3950EF8BC37.tmp' to '../../../../../../UE4_Project/UE4_Study/LevelDesignProject/Saved/Autosaves/Game/Practice_02/Practice02_Auto1.umap'
[2018.07.02-02.29.19:018][745]LogSavePackage: Display: Finished SavePackage ../../../../../../UE4_Project/UE4_Study/LevelDesignProject/Saved/Autosaves/Game/Practice_02/Practice02_Auto1.umap
[2018.07.02-02.29.19:020][745]LogFileHelpers: Editor autosave (incl. sublevels) for '/Game/Practice_02/Practice02' took 0.047
[2018.07.02-02.29.19:020][745]LogFileHelpers: Editor autosave (incl. sublevels) for all levels took 0.047
[2018.07.02-02.29.19:023][745]OBJ SavePackage: Generating thumbnails for [0] asset(s) in package [/Game/Practice_01_MyRoom/MyRoom_BuiltData] ([1] browsable assets)...
[2018.07.02-02.29.19:023][745]OBJ SavePackage: Finished generating thumbnails for package [/Game/Practice_01_MyRoom/MyRoom_BuiltData]
[2018.07.02-02.29.19:031][745]Error: 긴 패키지 이름 전환에 실패하여 '../../../../../../UE4_Project/UE4_Study/LevelDesignProject/Saved/Autosaves/Game/Practice_01_MyRoom/MyRoom./Game/Practice_01_MyRoom/MyRoom_BuiltData_Auto1.uasset' 애셋을 저장할 수 없습니다. 이유: 'FilenameToLongPackageName failed to convert '../../../../../../UE4_Project/UE4_Study/LevelDesignProject/Saved/Autosaves/Game/Practice_01_MyRoom/MyRoom./Game/Practice_01_MyRoom/MyRoom_BuiltData_Auto1.uasset'. Attempt result was '/Temp/Autosaves/Game/Practice_01_MyRoom/MyRoom./Game/Practice_01_MyRoom/MyRoom_BuiltData_Auto1', but the path contains illegal characters '.''.
[2018.07.02-02.29.19:032][745]Warning: '../../../../../../UE4_Project/UE4_Study/LevelDesignProject/Saved/Autosaves/Game/Practice_01_MyRoom/MyRoom./Game/Practice_01_MyRoom/MyRoom_BuiltData_Auto1.uasset' 애셋이 저장할 수 없게 되어 있습니다 (이유는 로그 참고).
[2018.07.02-02.29.54:909][713]LogSavePackage: Save=14.27ms
[2018.07.02-02.29.54:909][713]LogSavePackage: Moving '../../../../../../UE4_Project/UE4_Study/LevelDesignProject/Saved/Practice02E4174C4D40DE5E74F43C70B8CE67EFF3.tmp' to '../../../../../../UE4_Project/UE4_Study/LevelDesignProject/Content/Practice_02/Practice02.umap'
[2018.07.02-02.29.54:914][713]LogSavePackage: Display: Finished SavePackage ../../../../../../UE4_Project/UE4_Study/LevelDesignProject/Content/Practice_02/Practice02.umap
[2018.07.02-02.29.54:929][713]LogFileHelpers: Saving map 'Practice02' took 0.148
[2018.07.02-02.29.54:959][713]Cmd: OBJ SAVEPACKAGE PACKAGE="/Game/SM_MERGED_Plane_2" FILE="../../../../../../UE4_Project/UE4_Study/LevelDesignProject/Content/SM_MERGED_Plane_2.uasset" SILENT=true
[2018.07.02-02.29.54:973][713]LogSavePackage: Save=11.91ms
[2018.07.02-02.29.54:973][713]LogSavePackage: Moving '../../../../../../UE4_Project/UE4_Study/LevelDesignProject/Saved/SM_MERGED_Plane_21BCCB842474D1E919B8485948E755F36.tmp' to '../../../../../../UE4_Project/UE4_Study/LevelDesignProject/Content/SM_MERGED_Plane_2.uasset'
[2018.07.02-02.29.54:976][713]LogSavePackage: Display: Finished SavePackage ../../../../../../UE4_Project/UE4_Study/LevelDesignProject/Content/SM_MERGED_Plane_2.uasset
[2018.07.02-02.35.41:826][495]LogEditorViewport: Clicking Background
[2018.07.02-02.35.42:103][511]LogEditorViewport: Clicking on Actor (LMB): StaticMeshActor (SM_MERGED_Plane_2)
[2018.07.02-02.35.42:259][517]Cmd: CAMERA ALIGN ACTIVEVIEWPORTONLY
[2018.07.02-02.36.27:445][ 86]LogSavePackage: Save=11.88ms
[2018.07.02-02.36.27:445][ 86]LogSavePackage: Moving '../../../../../../UE4_Project/UE4_Study/LevelDesignProject/Saved/Practice02CB01867F4D41030DAAAAE09D2942FD5D.tmp' to '../../../../../../UE4_Project/UE4_Study/LevelDesignProject/Content/Practice_02/Practice02.umap'
[2018.07.02-02.36.27:449][ 86]LogSavePackage: Display: Finished SavePackage ../../../../../../UE4_Project/UE4_Study/LevelDesignProject/Content/Practice_02/Practice02.umap
[2018.07.02-02.36.29:480][207]LogTemp: Repeating last play command: 선택된 뷰포트
[2018.07.02-02.36.29:525][207]LogPlayLevel: PlayLevel: No blueprints needed recompiling
[2018.07.02-02.36.29:530][207]PIE: New page: PIE 세션: Practice02 (2018. 7. 2. 오후 8:36:29)
[2018.07.02-02.36.29:531][207]LogPlayLevel: Creating play world package: /Game/Practice_02/UEDPIE_0_Practice02
[2018.07.02-02.36.29:534][207]LogPlayLevel: PIE: StaticDuplicateObject took: (0.003367s)
[2018.07.02-02.36.29:535][207]LogAIModule: Creating AISystem for world Practice02
[2018.07.02-02.36.29:536][207]LogPlayLevel: PIE: World Init took: (0.001537s)
[2018.07.02-02.36.29:537][207]LogPlayLevel: PIE: Created PIE world by copying editor world from /Game/Practice_02/Practice02.Practice02 to /Game/Practice_02/UEDPIE_0_Practice02.Practice02 (0.005674s)
[2018.07.02-02.36.29:552][207]LogInit: XAudio2 using '스피커(Realtek High Definition Audio)' : 2 channels at 48 kHz using 32 bits per sample (channel mask 0x3)
[2018.07.02-02.36.29:594][207]LogInit: FAudioDevice initialized.
[2018.07.02-02.36.29:645][207]LogLoad: Game class is 'GameModeBase'
[2018.07.02-02.36.29:663][207]LogPhysics: Warning: PopulatePhysXGeometryAndTransform(Convex): ConvexElem is missing ConvexMesh
[2018.07.02-02.36.29:663][207]LogPhysics: Warning: ForeachShape(Convex): [/Game/SM_MERGED_Plane_2.SM_MERGED_Plane_2] ScaledElem[0] invalid
[2018.07.02-02.36.29:663][207]LogPhysics: Warning: PopulatePhysXGeometryAndTransform(Convex): ConvexElem is missing ConvexMesh
[2018.07.02-02.36.29:664][207]LogPhysics: Warning: ForeachShape(Convex): [/Game/SM_MERGED_Plane_2.SM_MERGED_Plane_2] ScaledElem[1] invalid
[2018.07.02-02.36.29:664][207]LogWorld: Bringing World /Game/Practice_02/UEDPIE_0_Practice02.Practice02 up for play (max tick rate 60) at 2018.07.02-11.36.29
[2018.07.02-02.36.29:665][207]LogWorld: Bringing up level for play took: 0.002245
[2018.07.02-02.36.29:763][207]LogContentBrowser: Native class hierarchy updated for 'MovieSceneCapture' in 0.0004 seconds. Added 11 classes and 0 folders.
[2018.07.02-02.36.29:771][207]PIE: /Game/Practice_02/UEDPIE_0_Practice02 에 대한 에디터에서 플레이 시작 시간: -0.227
[2018.07.02-02.36.37:365][657]MapCheck: New page: 맵 체크
[2018.07.02-02.36.37:395][657]LightingResults: New page: 라이팅 빌드 - 2018. 7. 2. 오후 8:36:37
[2018.07.02-02.36.37:476][657]LogSwarmInterface: [OpenConnection] Registering TCP channel ...
[2018.07.02-02.36.37:612][657]LogSwarmInterface: [OpenConnection] Connecting to agent ...
[2018.07.02-02.36.37:632][657]LogSwarmInterface: [TryOpenConnection] Testing the Agent
[2018.07.02-02.36.38:691][657]LogSwarmInterface: [TryOpenConnection] Opening Connection to Agent
[2018.07.02-02.36.38:691][657]LogSwarmInterface: [TryOpenConnection] Local Process ID is 8152
[2018.07.02-02.36.43:334][657]LogStaticLightingSystem: Warning: No importance volume found, so the scene bounding box was used.  You can optimize your scene's quality and lighting build times by adding importance volumes.
[2018.07.02-02.36.43:335][657]LogStaticLightingSystem: Running Lightmass w/ ImmediateImport mode ENABLED
[2018.07.02-02.36.43:335][657]LogStaticLightingSystem: Running Lightmass w/ ImmediateProcess mode ENABLED
[2018.07.02-02.36.43:335][657]LogStaticLightingSystem: Running Lightmass w/ Sorting mode ENABLED
[2018.07.02-02.36.43:335][657]LogStaticLightingSystem: Running Lightmass w/ Mapping paddings ENABLED
[2018.07.02-02.36.43:335][657]LogStaticLightingSystem: Running Lightmass w/ Mapping debug paddings DISABLED
[2018.07.02-02.36.43:487][657]LogEditorBuildUtils: Build time 0:06
[2018.07.02-02.36.43:502][657]LogMaterial: Missing cached shader map for material FLightmassMaterialRenderer M_AssetPlatform, compiling. 
[2018.07.02-02.36.43:510][657]LogMaterial: Missing cached shader map for material FLightmassMaterialRenderer M_AssetPlatform, compiling. 
[2018.07.02-02.36.46:022][740]Job is a success!
[2018.07.02-02.36.46:095][741]LogVolumetricLightmapImport: Imported Volumetric Lightmap in 0.021s
[2018.07.02-02.36.46:095][741]LogVolumetricLightmapImport:      Indirection Texture 16x16x16 = 0.0Mb
[2018.07.02-02.36.46:095][741]LogVolumetricLightmapImport:      BrickData 15x5x5 = 0.0Mb
[2018.07.02-02.36.46:095][741]LogVolumetricLightmapImport:      Bricks at Level
[2018.07.02-02.36.46:095][741]LogVolumetricLightmapImport:          0: 33.3% covering 100.0% of volume
[2018.07.02-02.36.46:095][741]LogVolumetricLightmapImport:          1: 33.3% covering 1.6% of volume
[2018.07.02-02.36.46:095][741]LogVolumetricLightmapImport:          2: 33.3% covering 0.0% of volume
[2018.07.02-02.36.46:206][741]LogTexture: Display: 텍스처 빌드: HQ_Lightmap0_1 (AutoDXT, 512X512)
[2018.07.02-02.36.46:206][741]LogTexture: Display: 텍스처 빌드: LQ_Lightmap_0_1 (DXT1, 512X512)
[2018.07.02-02.36.46:206][741]LogTexture: Display: 텍스처 빌드: ShadowMapTexture2D_0 (G8, 256X256)
[2018.07.02-02.36.46:242][741]Lightmass on JU-LAPTOP: 1.39 sec total, 115 ms importing, 12 ms setup, 412 ms photons, 828 ms processing, 0 ms extra exporting [1/1 mappings]. Threads: 5.63 sec total, 557 ms processing.
[2018.07.02-02.36.46:277][741]LogStaticLightingSystem: Illumination: 8.85 sec (66 ms encoding lightmaps, 23 ms encoding shadowmaps)
[2018.07.02-02.36.46:277][741]LogStaticLightingSystem: Lightmap texture memory:  0.5 MB (0.5 MB streaming, 0.0 MB non-streaming), 2 textures
[2018.07.02-02.36.46:277][741]LogStaticLightingSystem: Shadowmap texture memory: 0.1 MB (0.1 MB streaming, 0.0 MB non-streaming), 1 textures
[2018.07.02-02.36.46:336][741]DumpUnbuiltLightIteractions
[2018.07.02-02.36.46:336][741]Lights with unbuilt interactions: 0
[2018.07.02-02.36.46:336][741]
[2018.07.02-02.36.46:336][741]Primitives with unbuilt interactions: 0
[2018.07.02-02.36.46:343][742]Cmd: MAP CHECK NOTIFYRESULTS
[2018.07.02-02.36.46:343][742]MapCheck: New page: Practice02 - 2018. 7. 2. 오후 8:36:46
[2018.07.02-02.36.46:452][742]MapCheck: 맵 체크 완료: 오류 0 회, 경고 0 회, 소요 시간 108.006ms.
[2018.07.02-02.36.48:368][857]LogTemp: Repeating last play command: 선택된 뷰포트
[2018.07.02-02.36.48:379][857]LogPlayLevel: PlayLevel: No blueprints needed recompiling
[2018.07.02-02.36.48:379][857]PIE: New page: PIE 세션: Practice02 (2018. 7. 2. 오후 8:36:48)
[2018.07.02-02.36.48:379][857]LogPlayLevel: Creating play world package: /Game/Practice_02/UEDPIE_0_Practice02
[2018.07.02-02.36.48:380][857]LogPlayLevel: PIE: StaticDuplicateObject took: (0.000758s)
[2018.07.02-02.36.48:380][857]LogAIModule: Creating AISystem for world Practice02
[2018.07.02-02.36.48:380][857]LogPlayLevel: PIE: World Init took: (0.000579s)
[2018.07.02-02.36.48:380][857]LogPlayLevel: PIE: Created PIE world by copying editor world from /Game/Practice_02/Practice02.Practice02 to /Game/Practice_02/UEDPIE_0_Practice02.Practice02 (0.001533s)
[2018.07.02-02.36.48:390][857]LogInit: XAudio2 using '스피커(Realtek High Definition Audio)' : 2 channels at 48 kHz using 32 bits per sample (channel mask 0x3)
[2018.07.02-02.36.48:430][857]LogInit: FAudioDevice initialized.
[2018.07.02-02.36.48:462][857]LogLoad: Game class is 'GameModeBase'
[2018.07.02-02.36.48:463][857]LogPhysics: Warning: PopulatePhysXGeometryAndTransform(Convex): ConvexElem is missing ConvexMesh
[2018.07.02-02.36.48:463][857]LogPhysics: Warning: ForeachShape(Convex): [/Game/SM_MERGED_Plane_2.SM_MERGED_Plane_2] ScaledElem[0] invalid
[2018.07.02-02.36.48:463][857]LogPhysics: Warning: PopulatePhysXGeometryAndTransform(Convex): ConvexElem is missing ConvexMesh
[2018.07.02-02.36.48:463][857]LogPhysics: Warning: ForeachShape(Convex): [/Game/SM_MERGED_Plane_2.SM_MERGED_Plane_2] ScaledElem[1] invalid
[2018.07.02-02.36.48:463][857]LogWorld: Bringing World /Game/Practice_02/UEDPIE_0_Practice02.Practice02 up for play (max tick rate 60) at 2018.07.02-11.36.48
[2018.07.02-02.36.48:463][857]LogWorld: Bringing up level for play took: 0.000589
[2018.07.02-02.36.48:464][857]PIE: /Game/Practice_02/UEDPIE_0_Practice02 에 대한 에디터에서 플레이 시작 시간: 0.467
[2018.07.02-02.37.06:310][654]LogSavePackage: Save=11.83ms
[2018.07.02-02.37.06:310][654]LogSavePackage: Moving '../../../../../../UE4_Project/UE4_Study/LevelDesignProject/Saved/Practice029A17DB90434B3B3FB7F7E5B1C0DF81A6.tmp' to '../../../../../../UE4_Project/UE4_Study/LevelDesignProject/Content/Practice_02/Practice02.umap'
[2018.07.02-02.37.06:315][654]LogSavePackage: Display: Finished SavePackage ../../../../../../UE4_Project/UE4_Study/LevelDesignProject/Content/Practice_02/Practice02.umap
[2018.07.02-02.37.06:329][654]LogFileHelpers: Saving map 'Practice02' took 0.144
[2018.07.02-02.37.06:343][654]Cmd: OBJ SAVEPACKAGE PACKAGE="/Game/Practice_02/Practice02_BuiltData" FILE="../../../../../../UE4_Project/UE4_Study/LevelDesignProject/Content/Practice_02/Practice02_BuiltData.uasset" SILENT=true
[2018.07.02-02.37.06:372][654]LogSavePackage: Save=26.37ms
[2018.07.02-02.37.06:372][654]LogSavePackage: Moving '../../../../../../UE4_Project/UE4_Study/LevelDesignProject/Saved/Practice02_BuiltDataDCC7696F4782D12068A26787DBE8AD75.tmp' to '../../../../../../UE4_Project/UE4_Study/LevelDesignProject/Content/Practice_02/Practice02_BuiltData.uasset'
[2018.07.02-02.37.06:375][654]LogSavePackage: Display: Finished SavePackage ../../../../../../UE4_Project/UE4_Study/LevelDesignProject/Content/Practice_02/Practice02_BuiltData.uasset
[2018.07.02-02.37.12:032][914]LogWindowsTextInputMethodSystem: Display: IME system now activated using TSF (Microsoft 입력기).
[2018.07.02-02.37.12:247][915]Cmd: QUIT_EDITOR
[2018.07.02-02.37.12:816][915]LogExit: Preparing to exit.
[2018.07.02-02.37.13:296][915]LogDirectoryWatcher: A directory notification for 'C:/UE4_Project/UE4_Study/LevelDesignProject/Content/' was aborted.
[2018.07.02-02.37.13:310][915]LogExit: Editor shut down
[2018.07.02-02.37.13:314][915]LogExit: Transaction tracking system shut down
[2018.07.02-02.37.13:465][915]LogDirectoryWatcher: A directory notification for '../../../Engine/Content/' was aborted.
[2018.07.02-02.37.13:465][915]LogDirectoryWatcher: A directory notification for '../../../../../../UE4_Project/UE4_Study/LevelDesignProject/Content/' was aborted.
[2018.07.02-02.37.13:465][915]LogDirectoryWatcher: A directory notification for '../../../Engine/Plugins/2D/Paper2D/Content/' was aborted.
[2018.07.02-02.37.13:465][915]LogDirectoryWatcher: A directory notification for '../../../Engine/Plugins/Media/MediaCompositing/Content/' was aborted.
[2018.07.02-02.37.13:465][915]LogDirectoryWatcher: A directory notification for '../../../Engine/Plugins/Runtime/AppleARKit/Content/' was aborted.
[2018.07.02-02.37.13:465][915]LogDirectoryWatcher: A directory notification for '../../../Engine/Plugins/Runtime/Oculus/OculusVR/Content/' was aborted.
[2018.07.02-02.37.13:465][915]LogDirectoryWatcher: A directory notification for '../../../Engine/Plugins/Runtime/Steam/SteamVR/Content/' was aborted.
[2018.07.02-02.37.13:534][915]LogExit: Object subsystem successfully closed.
[2018.07.02-02.37.13:557][915]LogD3D11RHI: Shutdown
[2018.07.02-02.37.13:557][915]LogD3D11RHI: CleanupD3DDevice
[2018.07.02-02.37.13:560][915]LogD3D11RHI: ~FD3D11DynamicRHI
[2018.07.02-02.37.13:583][915]LogModuleManager: Shutting down and abandoning module MovieSceneCapture (554)
[2018.07.02-02.37.13:584][915]LogModuleManager: Shutting down and abandoning module HierarchicalLODUtilities (552)
[2018.07.02-02.37.13:584][915]LogModuleManager: Shutting down and abandoning module NewLevelDialog (550)
[2018.07.02-02.37.13:584][915]LogModuleManager: Shutting down and abandoning module HierarchicalLODOutliner (548)
[2018.07.02-02.37.13:584][915]LogModuleManager: Shutting down and abandoning module SceneOutliner (546)
[2018.07.02-02.37.13:584][915]LogModuleManager: Shutting down and abandoning module AddContentDialog (544)
[2018.07.02-02.37.13:585][915]LogDirectoryWatcher: A directory notification for 'C:/Program Files/Epic Games/UE_4.18/FeaturePacks/' was aborted.
[2018.07.02-02.37.13:589][915]LogModuleManager: Shutting down and abandoning module WidgetCarousel (543)
[2018.07.02-02.37.13:589][915]LogModuleManager: Shutting down and abandoning module EditorWidgets (540)
[2018.07.02-02.37.13:589][915]LogModuleManager: Shutting down and abandoning module CollectionManager (538)
[2018.07.02-02.37.13:589][915]LogDirectoryWatcher: A directory notification for 'C:/UE4_Project/UE4_Study/LevelDesignProject/Content/Collections/' was aborted.
[2018.07.02-02.37.13:589][915]LogDirectoryWatcher: A directory notification for 'C:/UE4_Project/UE4_Study/LevelDesignProject/Content/Developers/skuin/Collections/' was aborted.
[2018.07.02-02.37.13:590][915]LogDirectoryWatcher: A directory notification for 'C:/UE4_Project/UE4_Study/LevelDesignProject/Saved/Collections/' was aborted.
[2018.07.02-02.37.13:590][915]LogModuleManager: Shutting down and abandoning module StatsViewer (536)
[2018.07.02-02.37.13:590][915]LogModuleManager: Shutting down and abandoning module FoliageEdit (534)
[2018.07.02-02.37.13:590][915]LogModuleManager: Shutting down and abandoning module LandscapeEditor (532)
[2018.07.02-02.37.13:590][915]LogModuleManager: Shutting down and abandoning module MeshPaintMode (530)
[2018.07.02-02.37.13:590][915]LogModuleManager: Shutting down and abandoning module SceneDepthPickerMode (528)
[2018.07.02-02.37.13:590][915]LogModuleManager: Shutting down and abandoning module ActorPickerMode (526)
[2018.07.02-02.37.13:590][915]LogModuleManager: Shutting down and abandoning module GeometryMode (524)
[2018.07.02-02.37.13:590][915]LogModuleManager: Shutting down and abandoning module TextureAlignMode (522)
[2018.07.02-02.37.13:590][915]LogModuleManager: Shutting down and abandoning module BspMode (520)
[2018.07.02-02.37.13:590][915]LogModuleManager: Shutting down and abandoning module PIEPreviewDeviceProfileSelector (518)
[2018.07.02-02.37.13:590][915]LogModuleManager: Shutting down and abandoning module HardwareSurvey (516)
[2018.07.02-02.37.13:590][915]LogModuleManager: Shutting down and abandoning module SequenceRecorderSections (514)
[2018.07.02-02.37.13:590][915]LogModuleManager: Shutting down and abandoning module AutomationWorker (512)
[2018.07.02-02.37.13:590][915]LogModuleManager: Shutting down and abandoning module MatineeToLevelSequence (510)
[2018.07.02-02.37.13:590][915]LogModuleManager: Shutting down and abandoning module LevelSequenceEditor (508)
[2018.07.02-02.37.13:590][915]LogModuleManager: Shutting down and abandoning module PlacementMode (507)
[2018.07.02-02.37.13:590][915]LogModuleManager: Shutting down and abandoning module WmfMediaFactory (504)
[2018.07.02-02.37.13:590][915]LogModuleManager: Shutting down and abandoning module WmfMediaEditor (502)
[2018.07.02-02.37.13:590][915]LogModuleManager: Shutting down and abandoning module OpenExrWrapper (500)
[2018.07.02-02.37.13:590][915]LogModuleManager: Shutting down and abandoning module ImgMediaFactory (498)
[2018.07.02-02.37.13:590][915]LogModuleManager: Shutting down and abandoning module ImgMediaEditor (496)
[2018.07.02-02.37.13:590][915]LogModuleManager: Shutting down and abandoning module AvfMediaFactory (494)
[2018.07.02-02.37.13:590][915]LogModuleManager: Shutting down and abandoning module AvfMediaEditor (492)
[2018.07.02-02.37.13:590][915]LogModuleManager: Shutting down and abandoning module AndroidMediaFactory (490)
[2018.07.02-02.37.13:590][915]LogModuleManager: Shutting down and abandoning module AndroidMediaEditor (488)
[2018.07.02-02.37.13:590][915]LogModuleManager: Shutting down and abandoning module CharacterAI (486)
[2018.07.02-02.37.13:590][915]LogModuleManager: Shutting down and abandoning module AudioCapture (484)
[2018.07.02-02.37.13:590][915]LogModuleManager: Shutting down and abandoning module SequenceRecorder (483)
[2018.07.02-02.37.13:590][915]LogModuleManager: Shutting down and abandoning module SmartSnapping (480)
[2018.07.02-02.37.13:591][915]LogModuleManager: Shutting down and abandoning module SessionServices (478)
[2018.07.02-02.37.13:591][915]LogModuleManager: Shutting down and abandoning module ViewportSnapping (476)
[2018.07.02-02.37.13:591][915]LogModuleManager: Shutting down and abandoning module ViewportInteraction (474)
[2018.07.02-02.37.13:591][915]LogModuleManager: Shutting down and abandoning module ClothPainter (472)
[2018.07.02-02.37.13:591][915]LogModuleManager: Shutting down and abandoning module SkeletalMeshEditor (471)
[2018.07.02-02.37.13:591][915]LogModuleManager: Shutting down and abandoning module LogVisualizer (468)
[2018.07.02-02.37.13:591][915]LogModuleManager: Shutting down and abandoning module IntroTutorials (466)
[2018.07.02-02.37.13:591][915]LogModuleManager: Shutting down and abandoning module GameProjectGeneration (465)
[2018.07.02-02.37.13:591][915]LogModuleManager: Shutting down and abandoning module IOSPlatformEditor (462)
[2018.07.02-02.37.13:591][915]LogModuleManager: Shutting down and abandoning module HTML5PlatformEditor (460)
[2018.07.02-02.37.13:591][915]LogModuleManager: Shutting down and abandoning module AndroidPlatformEditor (458)
[2018.07.02-02.37.13:591][915]LogModuleManager: Shutting down and abandoning module AndroidDeviceDetection (457)
[2018.07.02-02.37.13:819][915]LogModuleManager: Shutting down and abandoning module WindowsPlatformEditor (454)
[2018.07.02-02.37.13:819][915]LogModuleManager: Shutting down and abandoning module IOSRuntimeSettings (452)
[2018.07.02-02.37.13:819][915]LogModuleManager: Shutting down and abandoning module AndroidRuntimeSettings (450)
[2018.07.02-02.37.13:819][915]LogModuleManager: Shutting down and abandoning module InputBindingEditor (448)
[2018.07.02-02.37.13:819][915]LogModuleManager: Shutting down and abandoning module MergeActors (446)
[2018.07.02-02.37.13:827][915]LogModuleManager: Shutting down and abandoning module SizeMap (444)
[2018.07.02-02.37.13:827][915]LogModuleManager: Shutting down and abandoning module TreeMap (442)
[2018.07.02-02.37.13:827][915]LogModuleManager: Shutting down and abandoning module ReferenceViewer (440)
[2018.07.02-02.37.13:827][915]LogModuleManager: Shutting down and abandoning module LocalizationDashboard (438)
[2018.07.02-02.37.13:827][915]LogModuleManager: Shutting down and abandoning module LocalizationService (437)
[2018.07.02-02.37.13:828][915]LogModuleManager: Shutting down and abandoning module HardwareTargeting (434)
[2018.07.02-02.37.13:828][915]LogModuleManager: Shutting down and abandoning module DeviceProfileEditor (432)
[2018.07.02-02.37.13:828][915]LogModuleManager: Shutting down and abandoning module UndoHistory (430)
[2018.07.02-02.37.13:828][915]LogModuleManager: Shutting down and abandoning module XmlParser (428)
[2018.07.02-02.37.13:828][915]LogModuleManager: Shutting down and abandoning module Blutility (426)
[2018.07.02-02.37.13:828][915]LogModuleManager: Shutting down and abandoning module ProjectSettingsViewer (424)
[2018.07.02-02.37.13:828][915]LogModuleManager: Shutting down and abandoning module ProjectTargetPlatformEditor (423)
[2018.07.02-02.37.13:828][915]LogModuleManager: Shutting down and abandoning module EditorSettingsViewer (420)
[2018.07.02-02.37.13:829][915]LogModuleManager: Shutting down and abandoning module SettingsEditor (418)
[2018.07.02-02.37.13:829][915]LogModuleManager: Shutting down and abandoning module ProjectLauncher (416)
[2018.07.02-02.37.13:829][915]LogModuleManager: Shutting down and abandoning module SessionFrontend (414)
[2018.07.02-02.37.13:829][915]LogModuleManager: Shutting down and abandoning module ProfilerClient (412)
[2018.07.02-02.37.13:829][915]LogModuleManager: Shutting down and abandoning module DeviceManager (410)
[2018.07.02-02.37.13:829][915]LogModuleManager: Shutting down and abandoning module TargetDeviceServices (409)
[2018.07.02-02.37.13:882][915]LogModuleManager: Shutting down and abandoning module AutomationController (406)
[2018.07.02-02.37.13:882][915]LogModuleManager: Shutting down and abandoning module AutomationWindow (404)
[2018.07.02-02.37.13:882][915]LogModuleManager: Shutting down and abandoning module Layers (402)
[2018.07.02-02.37.13:882][915]LogModuleManager: Shutting down and abandoning module ComponentVisualizers (400)
[2018.07.02-02.37.13:882][915]LogModuleManager: Shutting down and abandoning module DetailCustomizations (398)
[2018.07.02-02.37.13:883][915]LogModuleManager: Shutting down and abandoning module PackagesDialog (396)
[2018.07.02-02.37.13:883][915]LogModuleManager: Shutting down and abandoning module Persona (394)
[2018.07.02-02.37.13:883][915]LogModuleManager: Shutting down and abandoning module AdvancedPreviewScene (393)
[2018.07.02-02.37.13:883][915]LogModuleManager: Shutting down and abandoning module AnimGraph (391)
[2018.07.02-02.37.13:884][915]LogModuleManager: Shutting down and abandoning module Kismet (388)
[2018.07.02-02.37.13:885][915]LogModuleManager: Shutting down and abandoning module ClassViewer (386)
[2018.07.02-02.37.13:885][915]LogModuleManager: Shutting down and abandoning module Toolbox (384)
[2018.07.02-02.37.13:885][915]LogModuleManager: Shutting down and abandoning module ModuleUI (382)
[2018.07.02-02.37.13:885][915]LogModuleManager: Shutting down and abandoning module MovieSceneTools (380)
[2018.07.02-02.37.13:885][915]LogModuleManager: Shutting down and abandoning module OutputLog (378)
[2018.07.02-02.37.13:885][915]LogModuleManager: Shutting down and abandoning module GammaUI (376)
[2018.07.02-02.37.13:885][915]LogModuleManager: Shutting down and abandoning module Documentation (374)
[2018.07.02-02.37.13:885][915]LogModuleManager: Shutting down and abandoning module MovieSceneTracks (372)
[2018.07.02-02.37.13:886][915]LogModuleManager: Shutting down and abandoning module MovieScene (370)
[2018.07.02-02.37.13:886][915]LogModuleManager: Shutting down and abandoning module StreamingPauseRendering (368)
[2018.07.02-02.37.13:886][915]LogModuleManager: Shutting down and abandoning module LauncherPlatform (366)
[2018.07.02-02.37.13:886][915]LogModuleManager: Shutting down and abandoning module AnalyticsET (364)
[2018.07.02-02.37.13:886][915]LogModuleManager: Shutting down and abandoning module PortalServices (362)
[2018.07.02-02.37.13:886][915]LogModuleManager: Shutting down and abandoning module PortalRpc (360)
[2018.07.02-02.37.13:886][915]LogModuleManager: Shutting down and abandoning module MessagingRpc (358)
[2018.07.02-02.37.13:886][915]LogModuleManager: Shutting down and abandoning module AIModule (356)
[2018.07.02-02.37.13:886][915]LogModuleManager: Shutting down and abandoning module GameplayDebugger (355)
[2018.07.02-02.37.13:886][915]LogModuleManager: Shutting down and abandoning module AITestSuite (353)
[2018.07.02-02.37.13:886][915]LogModuleManager: Shutting down and abandoning module DesktopPlatform (350)
[2018.07.02-02.37.13:887][915]LogModuleManager: Shutting down and abandoning module ProfilerService (348)
[2018.07.02-02.37.14:099][915]LogModuleManager: Shutting down and abandoning module TaskGraph (346)
[2018.07.02-02.37.14:100][915]LogModuleManager: Shutting down and abandoning module SteamVRController (344)
[2018.07.02-02.37.14:100][915]LogModuleManager: Shutting down and abandoning module ProceduralMeshComponentEditor (342)
[2018.07.02-02.37.14:100][915]LogModuleManager: Shutting down and abandoning module ProceduralMeshComponent (340)
[2018.07.02-02.37.14:100][915]LogModuleManager: Shutting down and abandoning module OculusInput (338)
[2018.07.02-02.37.14:100][915]LogModuleManager: Shutting down and abandoning module MobilePatchingUtils (336)
[2018.07.02-02.37.14:100][915]LogModuleManager: Shutting down and abandoning module CustomMeshComponent (334)
[2018.07.02-02.37.14:100][915]LogModuleManager: Shutting down and abandoning module CableComponent (332)
[2018.07.02-02.37.14:100][915]LogModuleManager: Shutting down and abandoning module ArchVisCharacter (330)
[2018.07.02-02.37.14:100][915]LogModuleManager: Shutting down and abandoning module AndroidPermission (328)
[2018.07.02-02.37.14:100][915]LogModuleManager: Shutting down and abandoning module ActorSequence (324)
[2018.07.02-02.37.14:100][915]LogModuleManager: Shutting down and abandoning module MediaPlayerEditor (322)
[2018.07.02-02.37.14:101][915]LogModuleManager: Shutting down and abandoning module MediaCompositingEditor (320)
[2018.07.02-02.37.14:101][915]LogModuleManager: Shutting down and abandoning module MediaCompositing (318)
[2018.07.02-02.37.14:101][915]LogModuleManager: Shutting down and abandoning module HTML5Networking (316)
[2018.07.02-02.37.14:101][915]LogModuleManager: Shutting down and abandoning module AlembicImporter (314)
[2018.07.02-02.37.14:101][915]LogModuleManager: Shutting down and abandoning module AlembicLibrary (313)
[2018.07.02-02.37.14:101][915]LogModuleManager: Shutting down and abandoning module GeometryCache (312)
[2018.07.02-02.37.14:101][915]LogModuleManager: Shutting down and abandoning module GeometryCacheEd (311)
[2018.07.02-02.37.14:102][915]LogModuleManager: Shutting down and abandoning module SpeedTreeImporter (306)
[2018.07.02-02.37.14:102][915]LogModuleManager: Shutting down and abandoning module PluginBrowser (304)
[2018.07.02-02.37.14:102][915]LogModuleManager: Shutting down and abandoning module MobileLauncherProfileWizard (302)
[2018.07.02-02.37.14:102][915]LogModuleManager: Shutting down and abandoning module VisualStudioSourceCodeAccess (300)
[2018.07.02-02.37.14:102][915]LogModuleManager: Shutting down and abandoning module VisualStudioCodeSourceCodeAccess (298)
[2018.07.02-02.37.14:102][915]LogModuleManager: Shutting down and abandoning module UObjectPlugin (296)
[2018.07.02-02.37.14:103][915]LogModuleManager: Shutting down and abandoning module SubversionSourceControl (294)
[2018.07.02-02.37.14:103][915]LogModuleManager: Shutting down and abandoning module PerforceSourceControl (292)
[2018.07.02-02.37.14:103][915]LogModuleManager: Shutting down and abandoning module GitSourceControl (290)
[2018.07.02-02.37.14:103][915]LogModuleManager: Shutting down and abandoning module SourceControl (289)
[2018.07.02-02.37.14:103][915]LogModuleManager: Shutting down and abandoning module LightPropagationVolumeEditor (286)
[2018.07.02-02.37.14:103][915]LogModuleManager: Shutting down and abandoning module PaperTiledImporter (284)
[2018.07.02-02.37.14:103][915]LogModuleManager: Shutting down and abandoning module PaperSpriteSheetImporter (282)
[2018.07.02-02.37.14:103][915]LogModuleManager: Shutting down and abandoning module Paper2DEditor (280)
[2018.07.02-02.37.14:104][915]LogModuleManager: Shutting down and abandoning module MeshPaint (279)
[2018.07.02-02.37.14:104][915]LogModuleManager: Shutting down and abandoning module LevelEditor (277)
[2018.07.02-02.37.14:106][915]LogModuleManager: Shutting down and abandoning module PixelInspectorModule (276)
[2018.07.02-02.37.14:107][915]LogModuleManager: Shutting down and abandoning module MainFrame (274)
[2018.07.02-02.37.14:107][915]LogModuleManager: Shutting down and abandoning module HotReload (273)
[2018.07.02-02.37.14:109][915]LogModuleManager: Shutting down and abandoning module RuntimePhysXCooking (268)
[2018.07.02-02.37.14:109][915]LogModuleManager: Shutting down and abandoning module PhysXVehiclesEditor (266)
[2018.07.02-02.37.14:109][915]LogModuleManager: Shutting down and abandoning module PhysXVehicles (264)
[2018.07.02-02.37.14:109][915]LogModuleManager: Shutting down and abandoning module OculusEditor (262)
[2018.07.02-02.37.14:109][915]LogModuleManager: Shutting down and abandoning module LocationServicesBPLibrary (260)
[2018.07.02-02.37.14:109][915]LogModuleManager: Shutting down and abandoning module ImmediatePhysicsEditor (258)
[2018.07.02-02.37.14:109][915]LogModuleManager: Shutting down and abandoning module ImmediatePhysics (256)
[2018.07.02-02.37.14:110][915]LogModuleManager: Shutting down and abandoning module UdpMessaging (254)
[2018.07.02-02.37.14:211][915]LogModuleManager: Shutting down and abandoning module TcpMessaging (252)
[2018.07.02-02.37.14:312][915]LogModuleManager: Shutting down and abandoning module GameplayTagsEditor (250)
[2018.07.02-02.37.14:312][915]LogModuleManager: Shutting down and abandoning module FacialAnimationEditor (248)
[2018.07.02-02.37.14:312][915]LogModuleManager: Shutting down and abandoning module FacialAnimation (246)
[2018.07.02-02.37.14:312][915]LogModuleManager: Shutting down and abandoning module AssetManagerEditor (244)
[2018.07.02-02.37.14:312][915]LogModuleManager: Shutting down and abandoning module GraphEditor (243)
[2018.07.02-02.37.14:312][915]LogModuleManager: Shutting down and abandoning module ContentBrowser (241)
[2018.07.02-02.37.14:313][915]LogModuleManager: Shutting down and abandoning module LightPropagationVolumeRuntime (238)
[2018.07.02-02.37.14:313][915]LogModuleManager: Shutting down and abandoning module Paper2D (236)
[2018.07.02-02.37.14:313][915]LogModuleManager: Shutting down and abandoning module WindowsMoviePlayer (234)
[2018.07.02-02.37.14:313][915]LogModuleManager: Shutting down and abandoning module WmfMedia (232)
[2018.07.02-02.37.14:316][915]LogModuleManager: Shutting down and abandoning module ImgMedia (230)
[2018.07.02-02.37.14:316][915]LogModuleManager: Shutting down and abandoning module PacketHandler (228)
[2018.07.02-02.37.14:316][915]LogModuleManager: Shutting down and abandoning module ClothingSystemEditor (226)
[2018.07.02-02.37.14:316][915]LogModuleManager: Shutting down and abandoning module ClothingSystemRuntime (224)
[2018.07.02-02.37.14:316][915]LogModuleManager: Shutting down and abandoning module MediaAssets (222)
[2018.07.02-02.37.14:317][915]LogModuleManager: Shutting down and abandoning module Media (221)
[2018.07.02-02.37.14:322][915]LogModuleManager: Shutting down and abandoning module Overlay (218)
[2018.07.02-02.37.14:323][915]LogModuleManager: Shutting down and abandoning module OverlayEditor (217)
[2018.07.02-02.37.14:323][915]LogModuleManager: Shutting down and abandoning module VREditor (214)
[2018.07.02-02.37.14:323][915]LogModuleManager: Shutting down and abandoning module StringTableEditor (212)
[2018.07.02-02.37.14:323][915]LogModuleManager: Shutting down and abandoning module GameplayTasksEditor (210)
[2018.07.02-02.37.14:323][915]LogModuleManager: Shutting down and abandoning module BehaviorTreeEditor (208)
[2018.07.02-02.37.14:323][915]LogModuleManager: Shutting down and abandoning module FunctionalTesting (206)
[2018.07.02-02.37.14:323][915]LogModuleManager: Shutting down and abandoning module CollisionAnalyzer (204)
[2018.07.02-02.37.14:323][915]LogModuleManager: Shutting down and abandoning module WorkspaceMenuStructure (203)
[2018.07.02-02.37.14:323][915]LogModuleManager: Shutting down and abandoning module UMG (200)
[2018.07.02-02.37.14:323][915]LogModuleManager: Shutting down and abandoning module UMGEditor (199)
[2018.07.02-02.37.14:323][915]LogModuleManager: Shutting down and abandoning module Sequencer (198)
[2018.07.02-02.37.14:323][915]LogModuleManager: Shutting down and abandoning module MessageLog (195)
[2018.07.02-02.37.14:323][915]LogModuleManager: Shutting down and abandoning module SlateReflector (190)
[2018.07.02-02.37.14:323][915]LogModuleManager: Shutting down and abandoning module Slate (188)
[2018.07.02-02.37.14:323][915]LogModuleManager: Shutting down and abandoning module EditorStyle (186)
[2018.07.02-02.37.14:327][915]LogModuleManager: Shutting down and abandoning module MRMesh (184)
[2018.07.02-02.37.14:327][915]LogModuleManager: Shutting down and abandoning module SourceCodeAccess (182)
[2018.07.02-02.37.14:327][915]LogModuleManager: Shutting down and abandoning module HeadMountedDisplay (180)
[2018.07.02-02.37.14:327][915]LogModuleManager: Shutting down and abandoning module XAudio2 (178)
[2018.07.02-02.37.14:327][915]LogModuleManager: Shutting down and abandoning module Networking (176)
[2018.07.02-02.37.14:327][915]LogModuleManager: Shutting down and abandoning module Core (172)
[2018.07.02-02.37.14:327][915]LogModuleManager: Shutting down and abandoning module LevelSequence (168)
[2018.07.02-02.37.14:327][915]LogModuleManager: Shutting down and abandoning module DirectoryWatcher (166)
[2018.07.02-02.37.14:327][915]LogModuleManager: Shutting down and abandoning module KismetCompiler (164)
[2018.07.02-02.37.14:328][915]LogModuleManager: Shutting down and abandoning module MeshUtilities (162)
[2018.07.02-02.37.14:328][915]LogModuleManager: Shutting down and abandoning module MeshMergeUtilities (161)
[2018.07.02-02.37.14:328][915]LogModuleManager: Shutting down and abandoning module MeshReductionInterface (160)
[2018.07.02-02.37.14:328][915]LogModuleManager: Shutting down and abandoning module SimplygonSwarm (159)
[2018.07.02-02.37.14:328][915]LogModuleManager: Shutting down and abandoning module SimplygonMeshReduction (157)
[2018.07.02-02.37.14:328][915]LogModuleManager: Shutting down and abandoning module QuadricMeshReduction (155)
[2018.07.02-02.37.14:328][915]LogModuleManager: Shutting down and abandoning module MaterialBaking (151)
[2018.07.02-02.37.14:328][915]LogModuleManager: Shutting down and abandoning module DerivedDataCache (148)
[2018.07.02-02.37.14:414][915]LogDerivedDataCache: Shutdown
[2018.07.02-02.37.14:414][915]LogModuleManager: Shutting down and abandoning module TargetPlatform (146)
[2018.07.02-02.37.14:415][915]LogModuleManager: Shutting down and abandoning module VulkanShaderFormat (145)
[2018.07.02-02.37.14:415][915]LogModuleManager: Shutting down and abandoning module ShaderFormatVectorVM (143)
[2018.07.02-02.37.14:415][915]LogModuleManager: Shutting down and abandoning module ShaderFormatOpenGL (141)
[2018.07.02-02.37.14:415][915]LogModuleManager: Shutting down and abandoning module ShaderFormatD3D (139)
[2018.07.02-02.37.14:415][915]LogModuleManager: Shutting down and abandoning module MetalShaderFormat (137)
[2018.07.02-02.37.14:415][915]LogModuleManager: Shutting down and abandoning module TextureFormatUncompressed (135)
[2018.07.02-02.37.14:415][915]LogModuleManager: Shutting down and abandoning module TextureFormatPVR (133)
[2018.07.02-02.37.14:415][915]LogModuleManager: Shutting down and abandoning module TextureFormatDXT (131)
[2018.07.02-02.37.14:415][915]LogModuleManager: Shutting down and abandoning module TextureFormatIntelISPCTexComp (129)
[2018.07.02-02.37.14:415][915]LogModuleManager: Shutting down and abandoning module TextureFormatASTC (127)
[2018.07.02-02.37.14:415][915]LogModuleManager: Shutting down and abandoning module ImageWrapper (126)
[2018.07.02-02.37.14:415][915]LogModuleManager: Shutting down and abandoning module TextureFormatAndroid (123)
[2018.07.02-02.37.14:415][915]LogModuleManager: Shutting down and abandoning module AudioFormatOpus (121)
[2018.07.02-02.37.14:415][915]LogModuleManager: Shutting down and abandoning module AudioFormatOgg (119)
[2018.07.02-02.37.14:415][915]LogModuleManager: Shutting down and abandoning module AudioFormatADPCM (117)
[2018.07.02-02.37.14:415][915]LogModuleManager: Shutting down and abandoning module LinuxTargetPlatform (115)
[2018.07.02-02.37.14:415][915]LogModuleManager: Shutting down and abandoning module LinuxServerTargetPlatform (113)
[2018.07.02-02.37.14:415][915]LogModuleManager: Shutting down and abandoning module LinuxNoEditorTargetPlatform (111)
[2018.07.02-02.37.14:415][915]LogModuleManager: Shutting down and abandoning module LinuxClientTargetPlatform (109)
[2018.07.02-02.37.14:415][915]LogModuleManager: Shutting down and abandoning module TVOSTargetPlatform (107)
[2018.07.02-02.37.14:415][915]LogModuleManager: Shutting down and abandoning module Messaging (105)
[2018.07.02-02.37.14:415][915]LogModuleManager: Shutting down and abandoning module IOSTargetPlatform (103)
[2018.07.02-02.37.14:415][915]LogModuleManager: Shutting down and abandoning module HTML5TargetPlatform (101)
[2018.07.02-02.37.14:415][915]LogModuleManager: Shutting down and abandoning module AndroidTargetPlatform (99)
[2018.07.02-02.37.14:415][915]LogModuleManager: Shutting down and abandoning module Android_PVRTCTargetPlatform (97)
[2018.07.02-02.37.14:415][915]LogModuleManager: Shutting down and abandoning module Android_MultiTargetPlatform (95)
[2018.07.02-02.37.14:415][915]LogModuleManager: Shutting down and abandoning module Android_ETC2TargetPlatform (93)
[2018.07.02-02.37.14:415][915]LogModuleManager: Shutting down and abandoning module Android_ETC1TargetPlatform (91)
[2018.07.02-02.37.14:415][915]LogModuleManager: Shutting down and abandoning module Android_DXTTargetPlatform (89)
[2018.07.02-02.37.14:415][915]LogModuleManager: Shutting down and abandoning module Android_ATCTargetPlatform (87)
[2018.07.02-02.37.14:415][915]LogModuleManager: Shutting down and abandoning module Android_ASTCTargetPlatform (85)
[2018.07.02-02.37.14:415][915]LogModuleManager: Shutting down and abandoning module WindowsTargetPlatform (83)
[2018.07.02-02.37.14:415][915]LogModuleManager: Shutting down and abandoning module WindowsServerTargetPlatform (81)
[2018.07.02-02.37.14:415][915]LogModuleManager: Shutting down and abandoning module WindowsNoEditorTargetPlatform (79)
[2018.07.02-02.37.14:415][915]LogModuleManager: Shutting down and abandoning module WindowsClientTargetPlatform (77)
[2018.07.02-02.37.14:415][915]LogModuleManager: Shutting down and abandoning module MacTargetPlatform (75)
[2018.07.02-02.37.14:415][915]LogModuleManager: Shutting down and abandoning module MacServerTargetPlatform (73)
[2018.07.02-02.37.14:415][915]LogModuleManager: Shutting down and abandoning module MacNoEditorTargetPlatform (71)
[2018.07.02-02.37.14:415][915]LogModuleManager: Shutting down and abandoning module MacClientTargetPlatform (69)
[2018.07.02-02.37.14:415][915]LogModuleManager: Shutting down and abandoning module AllDesktopTargetPlatform (67)
[2018.07.02-02.37.14:416][915]LogModuleManager: Shutting down and abandoning module InputCore (64)
[2018.07.02-02.37.14:416][915]LogModuleManager: Shutting down and abandoning module Settings (62)
[2018.07.02-02.37.14:416][915]LogModuleManager: Shutting down and abandoning module PhysXCooking (60)
[2018.07.02-02.37.14:416][915]LogModuleManager: Shutting down and abandoning module SteamVR (58)
[2018.07.02-02.37.14:416][915]LogModuleManager: Shutting down and abandoning module OculusHMD (56)
[2018.07.02-02.37.14:416][915]LogModuleManager: Shutting down and abandoning module ExampleDeviceProfileSelector (54)
[2018.07.02-02.37.14:416][915]LogModuleManager: Shutting down and abandoning module AppleARKit (52)
[2018.07.02-02.37.14:416][915]LogModuleManager: Shutting down and abandoning module AugmentedReality (51)
[2018.07.02-02.37.14:416][915]LogModuleManager: Shutting down and abandoning module OnlineBlueprintSupport (48)
[2018.07.02-02.37.14:416][915]LogModuleManager: Shutting down and abandoning module OnlineSubsystem (44)
[2018.07.02-02.37.14:416][915]LogModuleManager: Shutting down and abandoning module XMPP (43)
[2018.07.02-02.37.14:416][915]LogModuleManager: Shutting down and abandoning module HTTP (41)
[2018.07.02-02.37.14:416][915]LogHttp: Display: Http module shutting down, but needs to wait on 1 outstanding Http requests:
[2018.07.02-02.37.14:416][915]LogHttp: Display: 	verb=[POST] url=[https://datarouter.ol.epicgames.com/datarouter/api/v1/public/data?SessionID=%7BCACE9F24-4EF3-4B17-5BE5-F7BB6848063C%7D&AppID=UEEditor.Rocket.Release&AppVersion=4.18.3-3832480%2B%2B%2BUE4%2BRelease-4.18&UserID=1ebe7c9f419cbadf5adb74a8a2780d1f%7Cba30e8b4bf4147f2b3fe4f9db937e342%7C15207729-934e-4917-9b76-16ad347edb84&AppEnvironment=datacollector-binary&UploadType=eteventstream] status=Processing
[2018.07.02-02.37.14:448][915]LogModuleManager: Shutting down and abandoning module SSL (40)
[2018.07.02-02.37.14:452][915]LogModuleManager: Shutting down and abandoning module AnimationModifiers (36)
[2018.07.02-02.37.14:452][915]LogModuleManager: Shutting down and abandoning module PropertyEditor (35)
[2018.07.02-02.37.14:452][915]LogModuleManager: Shutting down and abandoning module AudioEditor (32)
[2018.07.02-02.37.14:453][915]LogModuleManager: Shutting down and abandoning module TextureCompressor (30)
[2018.07.02-02.37.14:453][915]LogModuleManager: Shutting down and abandoning module ShaderCore (28)
[2018.07.02-02.37.14:453][915]LogModuleManager: Shutting down and abandoning module Landscape (26)
[2018.07.02-02.37.14:453][915]LogModuleManager: Shutting down and abandoning module SlateRHIRenderer (24)
[2018.07.02-02.37.14:459][915]LogModuleManager: Shutting down and abandoning module OpenGLDrv (22)
[2018.07.02-02.37.14:460][915]LogModuleManager: Shutting down and abandoning module D3D11RHI (20)
[2018.07.02-02.37.14:460][915]LogModuleManager: Shutting down and abandoning module AnimGraphRuntime (18)
[2018.07.02-02.37.14:460][915]LogModuleManager: Shutting down and abandoning module Renderer (16)
[2018.07.02-02.37.14:460][915]LogModuleManager: Shutting down and abandoning module Engine (14)
[2018.07.02-02.37.14:460][915]LogModuleManager: Shutting down and abandoning module CoreUObject (12)
[2018.07.02-02.37.14:460][915]LogModuleManager: Shutting down and abandoning module NetworkFile (10)
[2018.07.02-02.37.14:460][915]LogModuleManager: Shutting down and abandoning module CookedIterativeFile (8)
[2018.07.02-02.37.14:460][915]LogModuleManager: Shutting down and abandoning module StreamingFile (6)
[2018.07.02-02.37.14:460][915]LogModuleManager: Shutting down and abandoning module SandboxFile (4)
[2018.07.02-02.37.14:460][915]LogModuleManager: Shutting down and abandoning module PakFile (2)
[2018.07.02-02.37.14:469][915]LogExit: Exiting.
[2018.07.02-02.37.14:484][915]Log file closed, 07/02/18 11:37:14
