Log file open, 07/07/18 22:39:35
LogWindows: Failed to load 'aqProf.dll' (GetLastError=126)
LogWindows: File 'aqProf.dll' does not exist
LogWindows: Failed to load 'VSPerf140.dll' (GetLastError=126)
LogWindows: File 'VSPerf140.dll' does not exist
LogWindows: Failed to load 'VtuneApi.dll' (GetLastError=126)
LogWindows: File 'VtuneApi.dll' does not exist
LogWindows: Failed to load 'VtuneApi32e.dll' (GetLastError=126)
LogWindows: File 'VtuneApi32e.dll' does not exist
LogInit: Display: Running engine for game: Aircraft
LogPlatformFile: Not using cached read wrapper
LogInit: Display: RandInit(1939797261) SRandInit(1939797262).
LogInit: Read version file with build ID '3709383'
LogInit: Overriding engine version to CL 3832480, compatible CL 3709383
LogInit: Registered custom module enumerator with build ID '3709383'
LogTaskGraph: Started task graph with 5 named threads and 14 total threads with 3 sets of task threads.
LogStats: Stats thread started at 0.182377
LogD3D11RHI: Aftermath initialized
LogModuleManager: Display: Found up-to-date module file ../../../Engine/Plugins/2D/Paper2D/Binaries/Win64/UE4Editor-Paper2D.dll (API version 3709383).
LogModuleManager: Display: Found up-to-date module file ../../../Engine/Plugins/2D/Paper2D/Binaries/Win64/UE4Editor-Paper2DEditor.dll (API version 3709383).
LogModuleManager: Display: Found up-to-date module file ../../../Engine/Plugins/2D/Paper2D/Binaries/Win64/UE4Editor-PaperSpriteSheetImporter.dll (API version 3709383).
LogModuleManager: Display: Found up-to-date module file ../../../Engine/Plugins/2D/Paper2D/Binaries/Win64/UE4Editor-PaperTiledImporter.dll (API version 3709383).
LogModuleManager: Display: Found up-to-date module file ../../../Engine/Plugins/2D/Paper2D/Binaries/Win64/UE4Editor-SmartSnapping.dll (API version 3709383).
LogModuleManager: Display: Found up-to-date module file ../../../Engine/Plugins/Blendables/LightPropagationVolume/Binaries/Win64/UE4Editor-LightPropagationVolumeRuntime.dll (API version 3709383).
LogModuleManager: Display: Found up-to-date module file ../../../Engine/Plugins/Blendables/LightPropagationVolume/Binaries/Win64/UE4Editor-LightPropagationVolumeEditor.dll (API version 3709383).
LogModuleManager: Display: Found up-to-date module file ../../../Engine/Plugins/Developer/GitSourceControl/Binaries/Win64/UE4Editor-GitSourceControl.dll (API version 3709383).
LogModuleManager: Display: Found up-to-date module file ../../../Engine/Plugins/Developer/PerforceSourceControl/Binaries/Win64/UE4Editor-PerforceSourceControl.dll (API version 3709383).
LogModuleManager: Display: Found up-to-date module file ../../../Engine/Plugins/Developer/SubversionSourceControl/Binaries/Win64/UE4Editor-SubversionSourceControl.dll (API version 3709383).
LogModuleManager: Display: Found up-to-date module file ../../../Engine/Plugins/Developer/UObjectPlugin/Binaries/Win64/UE4Editor-UObjectPlugin.dll (API version 3709383).
LogModuleManager: Display: Found up-to-date module file ../../../Engine/Plugins/Developer/VisualStudioCodeSourceCodeAccess/Binaries/Win64/UE4Editor-VisualStudioCodeSourceCodeAccess.dll (API version 3709383).
LogModuleManager: Display: Found up-to-date module file ../../../Engine/Plugins/Developer/VisualStudioSourceCodeAccess/Binaries/Win64/UE4Editor-VisualStudioSourceCodeAccess.dll (API version 3709383).
LogModuleManager: Display: Found up-to-date module file ../../../Engine/Plugins/Editor/AssetManagerEditor/Binaries/Win64/UE4Editor-AssetManagerEditor.dll (API version 3709383).
LogModuleManager: Display: Found up-to-date module file ../../../Engine/Plugins/Editor/AudioCapture/Binaries/Win64/UE4Editor-AudioCapture.dll (API version 3709383).
LogModuleManager: Display: Found up-to-date module file ../../../Engine/Plugins/Editor/FacialAnimation/Binaries/Win64/UE4Editor-FacialAnimation.dll (API version 3709383).
LogModuleManager: Display: Found up-to-date module file ../../../Engine/Plugins/Editor/FacialAnimation/Binaries/Win64/UE4Editor-FacialAnimationEditor.dll (API version 3709383).
LogModuleManager: Display: Found up-to-date module file ../../../Engine/Plugins/Editor/GameplayTagsEditor/Binaries/Win64/UE4Editor-GameplayTagsEditor.dll (API version 3709383).
LogModuleManager: Display: Found up-to-date module file ../../../Engine/Plugins/Editor/MobileLauncherProfileWizard/Binaries/Win64/UE4Editor-MobileLauncherProfileWizard.dll (API version 3709383).
LogModuleManager: Display: Found up-to-date module file ../../../Engine/Plugins/Editor/PluginBrowser/Binaries/Win64/UE4Editor-PluginBrowser.dll (API version 3709383).
LogModuleManager: Display: Found up-to-date module file ../../../Engine/Plugins/Editor/SpeedTreeImporter/Binaries/Win64/UE4Editor-SpeedTreeImporter.dll (API version 3709383).
LogModuleManager: Display: Found up-to-date module file ../../../Engine/Plugins/Experimental/AlembicImporter/Binaries/Win64/UE4Editor-AlembicImporter.dll (API version 3709383).
LogModuleManager: Display: Found up-to-date module file ../../../Engine/Plugins/Experimental/AlembicImporter/Binaries/Win64/UE4Editor-AlembicLibrary.dll (API version 3709383).
LogModuleManager: Display: Found up-to-date module file ../../../Engine/Plugins/Experimental/CharacterAI/Binaries/Win64/UE4Editor-CharacterAI.dll (API version 3709383).
LogModuleManager: Display: Found up-to-date module file ../../../Engine/Plugins/Experimental/HTML5Networking/Binaries/Win64/UE4Editor-HTML5Networking.dll (API version 3709383).
LogModuleManager: Display: Found up-to-date module file ../../../Engine/Plugins/Media/AndroidMedia/Binaries/Win64/UE4Editor-AndroidMediaEditor.dll (API version 3709383).
LogModuleManager: Display: Found up-to-date module file ../../../Engine/Plugins/Media/AndroidMedia/Binaries/Win64/UE4Editor-AndroidMediaFactory.dll (API version 3709383).
LogModuleManager: Display: Found up-to-date module file ../../../Engine/Plugins/Media/AvfMedia/Binaries/Win64/UE4Editor-AvfMediaEditor.dll (API version 3709383).
LogModuleManager: Display: Found up-to-date module file ../../../Engine/Plugins/Media/AvfMedia/Binaries/Win64/UE4Editor-AvfMediaFactory.dll (API version 3709383).
LogModuleManager: Display: Found up-to-date module file ../../../Engine/Plugins/Media/AvfMedia/Binaries/Win64/UE4Editor-AvfMediaFactory.dll (API version 3709383).
LogModuleManager: Display: Found up-to-date module file ../../../Engine/Plugins/Media/ImgMedia/Binaries/Win64/UE4Editor-ImgMedia.dll (API version 3709383).
LogModuleManager: Display: Found up-to-date module file ../../../Engine/Plugins/Media/ImgMedia/Binaries/Win64/UE4Editor-ImgMediaEditor.dll (API version 3709383).
LogModuleManager: Display: Found up-to-date module file ../../../Engine/Plugins/Media/ImgMedia/Binaries/Win64/UE4Editor-ImgMediaFactory.dll (API version 3709383).
LogModuleManager: Display: Found up-to-date module file ../../../Engine/Plugins/Media/ImgMedia/Binaries/Win64/UE4Editor-ImgMediaFactory.dll (API version 3709383).
LogModuleManager: Display: Found up-to-date module file ../../../Engine/Plugins/Media/ImgMedia/Binaries/Win64/UE4Editor-OpenExrWrapper.dll (API version 3709383).
LogModuleManager: Display: Found up-to-date module file ../../../Engine/Plugins/Media/MediaCompositing/Binaries/Win64/UE4Editor-MediaCompositing.dll (API version 3709383).
LogModuleManager: Display: Found up-to-date module file ../../../Engine/Plugins/Media/MediaCompositing/Binaries/Win64/UE4Editor-MediaCompositingEditor.dll (API version 3709383).
LogModuleManager: Display: Found up-to-date module file ../../../Engine/Plugins/Media/MediaPlayerEditor/Binaries/Win64/UE4Editor-MediaPlayerEditor.dll (API version 3709383).
LogModuleManager: Display: Found up-to-date module file ../../../Engine/Plugins/Media/WmfMedia/Binaries/Win64/UE4Editor-WmfMedia.dll (API version 3709383).
LogModuleManager: Display: Found up-to-date module file ../../../Engine/Plugins/Media/WmfMedia/Binaries/Win64/UE4Editor-WmfMediaEditor.dll (API version 3709383).
LogModuleManager: Display: Found up-to-date module file ../../../Engine/Plugins/Media/WmfMedia/Binaries/Win64/UE4Editor-WmfMediaFactory.dll (API version 3709383).
LogModuleManager: Display: Found up-to-date module file ../../../Engine/Plugins/Media/WmfMedia/Binaries/Win64/UE4Editor-WmfMediaFactory.dll (API version 3709383).
LogModuleManager: Display: Found up-to-date module file ../../../Engine/Plugins/Messaging/TcpMessaging/Binaries/Win64/UE4Editor-TcpMessaging.dll (API version 3709383).
LogModuleManager: Display: Found up-to-date module file ../../../Engine/Plugins/Messaging/UdpMessaging/Binaries/Win64/UE4Editor-UdpMessaging.dll (API version 3709383).
LogModuleManager: Display: Found up-to-date module file ../../../Engine/Plugins/MovieScene/ActorSequence/Binaries/Win64/UE4Editor-ActorSequence.dll (API version 3709383).
LogModuleManager: Display: Found up-to-date module file ../../../Engine/Plugins/MovieScene/LevelSequenceEditor/Binaries/Win64/UE4Editor-LevelSequenceEditor.dll (API version 3709383).
LogModuleManager: Display: Found up-to-date module file ../../../Engine/Plugins/MovieScene/MatineeToLevelSequence/Binaries/Win64/UE4Editor-MatineeToLevelSequence.dll (API version 3709383).
LogModuleManager: Display: Found up-to-date module file ../../../Engine/Plugins/Online/OnlineSubsystem/Binaries/Win64/UE4Editor-OnlineSubsystem.dll (API version 3709383).
LogModuleManager: Display: Found up-to-date module file ../../../Engine/Plugins/Runtime/AndroidPermission/Binaries/Win64/UE4Editor-AndroidPermission.dll (API version 3709383).
LogModuleManager: Display: Found up-to-date module file ../../../Engine/Plugins/Online/OnlineSubsystemNull/Binaries/Win64/UE4Editor-OnlineSubsystemNull.dll (API version 3709383).
LogModuleManager: Display: Found up-to-date module file ../../../Engine/Plugins/Online/OnlineSubsystemUtils/Binaries/Win64/UE4Editor-OnlineSubsystemUtils.dll (API version 3709383).
LogModuleManager: Display: Found up-to-date module file ../../../Engine/Plugins/Online/OnlineSubsystemUtils/Binaries/Win64/UE4Editor-OnlineBlueprintSupport.dll (API version 3709383).
LogModuleManager: Display: Found up-to-date module file ../../../Engine/Plugins/Runtime/AndroidDeviceProfileSelector/Binaries/Win64/UE4Editor-AndroidDeviceProfileSelector.dll (API version 3709383).
LogModuleManager: Display: Found up-to-date module file ../../../Engine/Plugins/Runtime/AppleARKit/Binaries/Win64/UE4Editor-AppleARKit.dll (API version 3709383).
LogModuleManager: Display: Found up-to-date module file ../../../Engine/Plugins/Runtime/ArchVisCharacter/Binaries/Win64/UE4Editor-ArchVisCharacter.dll (API version 3709383).
LogModuleManager: Display: Found up-to-date module file ../../../Engine/Plugins/Runtime/CableComponent/Binaries/Win64/UE4Editor-CableComponent.dll (API version 3709383).
LogModuleManager: Display: Found up-to-date module file ../../../Engine/Plugins/Runtime/CustomMeshComponent/Binaries/Win64/UE4Editor-CustomMeshComponent.dll (API version 3709383).
LogModuleManager: Display: Found up-to-date module file ../../../Engine/Plugins/Runtime/ExampleDeviceProfileSelector/Binaries/Win64/UE4Editor-ExampleDeviceProfileSelector.dll (API version 3709383).
LogModuleManager: Display: Found up-to-date module file ../../../Engine/Plugins/Runtime/ImmediatePhysics/Binaries/Win64/UE4Editor-ImmediatePhysics.dll (API version 3709383).
LogModuleManager: Display: Found up-to-date module file ../../../Engine/Plugins/Runtime/ImmediatePhysics/Binaries/Win64/UE4Editor-ImmediatePhysicsEditor.dll (API version 3709383).
LogModuleManager: Display: Found up-to-date module file ../../../Engine/Plugins/Runtime/LocationServicesBPLibrary/Binaries/Win64/UE4Editor-LocationServicesBPLibrary.dll (API version 3709383).
LogModuleManager: Display: Found up-to-date module file ../../../Engine/Plugins/Runtime/MobilePatchingUtils/Binaries/Win64/UE4Editor-MobilePatchingUtils.dll (API version 3709383).
LogModuleManager: Display: Found up-to-date module file ../../../Engine/Plugins/Runtime/Oculus/OculusVR/Binaries/Win64/UE4Editor-OculusHMD.dll (API version 3709383).
LogModuleManager: Display: Found up-to-date module file ../../../Engine/Plugins/Runtime/Oculus/OculusVR/Binaries/Win64/UE4Editor-OculusInput.dll (API version 3709383).
LogModuleManager: Display: Found up-to-date module file ../../../Engine/Plugins/Runtime/Oculus/OculusVR/Binaries/Win64/UE4Editor-OculusEditor.dll (API version 3709383).
LogModuleManager: Display: Found up-to-date module file ../../../Engine/Plugins/Runtime/PhysXVehicles/Binaries/Win64/UE4Editor-PhysXVehicles.dll (API version 3709383).
LogModuleManager: Display: Found up-to-date module file ../../../Engine/Plugins/Runtime/PhysXVehicles/Binaries/Win64/UE4Editor-PhysXVehiclesEditor.dll (API version 3709383).
LogModuleManager: Display: Found up-to-date module file ../../../Engine/Plugins/Runtime/ProceduralMeshComponent/Binaries/Win64/UE4Editor-ProceduralMeshComponent.dll (API version 3709383).
LogModuleManager: Display: Found up-to-date module file ../../../Engine/Plugins/Runtime/ProceduralMeshComponent/Binaries/Win64/UE4Editor-ProceduralMeshComponentEditor.dll (API version 3709383).
LogModuleManager: Display: Found up-to-date module file ../../../Engine/Plugins/Runtime/RuntimePhysXCooking/Binaries/Win64/UE4Editor-RuntimePhysXCooking.dll (API version 3709383).
LogModuleManager: Display: Found up-to-date module file ../../../Engine/Plugins/Runtime/Steam/SteamVR/Binaries/Win64/UE4Editor-SteamVR.dll (API version 3709383).
LogModuleManager: Display: Found up-to-date module file ../../../Engine/Plugins/Runtime/Steam/SteamVR/Binaries/Win64/UE4Editor-SteamVRController.dll (API version 3709383).
LogModuleManager: Display: Found up-to-date module file ../../../Engine/Plugins/Runtime/WindowsMoviePlayer/Binaries/Win64/UE4Editor-WindowsMoviePlayer.dll (API version 3709383).
LogPluginManager: Mounting plugin Paper2D
LogPluginManager: Mounting plugin LightPropagationVolume
LogPluginManager: Mounting plugin CodeLiteSourceCodeAccess
LogPluginManager: Mounting plugin GitSourceControl
LogPluginManager: Mounting plugin KDevelopSourceCodeAccess
LogPluginManager: Mounting plugin NullSourceCodeAccess
LogPluginManager: Mounting plugin PerforceSourceControl
LogPluginManager: Mounting plugin SubversionSourceControl
LogPluginManager: Mounting plugin UObjectPlugin
LogPluginManager: Mounting plugin VisualStudioCodeSourceCodeAccess
LogPluginManager: Mounting plugin VisualStudioSourceCodeAccess
LogPluginManager: Mounting plugin XCodeSourceCodeAccess
LogPluginManager: Mounting plugin AssetManagerEditor
LogPluginManager: Mounting plugin AudioCapture
LogPluginManager: Mounting plugin FacialAnimation
LogPluginManager: Mounting plugin GameplayTagsEditor
LogPluginManager: Mounting plugin MobileLauncherProfileWizard
LogPluginManager: Mounting plugin PluginBrowser
LogPluginManager: Mounting plugin SpeedTreeImporter
LogPluginManager: Mounting plugin AlembicImporter
LogPluginManager: Mounting plugin CharacterAI
LogPluginManager: Mounting plugin HTML5Networking
LogPluginManager: Mounting plugin AndroidMedia
LogPluginManager: Mounting plugin AvfMedia
LogPluginManager: Mounting plugin ImgMedia
LogPluginManager: Mounting plugin MediaCompositing
LogPluginManager: Mounting plugin MediaPlayerEditor
LogPluginManager: Mounting plugin WmfMedia
LogPluginManager: Mounting plugin TcpMessaging
LogPluginManager: Mounting plugin UdpMessaging
LogPluginManager: Mounting plugin ActorSequence
LogPluginManager: Mounting plugin LevelSequenceEditor
LogPluginManager: Mounting plugin MatineeToLevelSequence
LogPluginManager: Mounting plugin OnlineSubsystemGooglePlay
LogPluginManager: Mounting plugin OnlineSubsystemIOS
LogPluginManager: Mounting plugin OnlineSubsystem
LogPluginManager: Mounting plugin OnlineSubsystemNull
LogPluginManager: Mounting plugin OnlineSubsystemUtils
LogPluginManager: Mounting plugin AndroidDeviceProfileSelector
LogPluginManager: Mounting plugin AndroidMoviePlayer
LogPluginManager: Mounting plugin AndroidPermission
LogPluginManager: Mounting plugin AppleARKit
LogPluginManager: Mounting plugin AppleMoviePlayer
LogPluginManager: Mounting plugin ArchVisCharacter
LogPluginManager: Mounting plugin CableComponent
LogPluginManager: Mounting plugin CustomMeshComponent
LogPluginManager: Mounting plugin ExampleDeviceProfileSelector
LogPluginManager: Mounting plugin GoogleCloudMessaging
LogPluginManager: Mounting plugin ImmediatePhysics
LogPluginManager: Mounting plugin IOSDeviceProfileSelector
LogPluginManager: Mounting plugin LinuxDeviceProfileSelector
LogPluginManager: Mounting plugin LocationServicesBPLibrary
LogPluginManager: Mounting plugin MobilePatchingUtils
LogPluginManager: Mounting plugin OculusVR
LogPluginManager: Plugin shader directory ../../../Engine/Plugins/Runtime/Oculus/OculusVR/Shaders found
LogPluginManager: Mapping shader source directory ../../../Engine/Plugins/Runtime/Oculus/OculusVR/Shaders to virtual directory /Plugin/OculusVR
LogPluginManager: Mounting plugin PhysXVehicles
LogPluginManager: Mounting plugin ProceduralMeshComponent
LogPluginManager: Mounting plugin RuntimePhysXCooking
LogPluginManager: Mounting plugin SteamVR
LogPluginManager: Mounting plugin WindowsMoviePlayer
LogInit: Using libcurl 7.47.1
LogInit:  - built for x86_64-pc-win32
LogInit:  - supports SSL with OpenSSL/1.0.2g
LogInit:  - supports HTTP deflate (compression) using libz 1.2.8
LogInit:  - other features:
LogInit:      CURL_VERSION_SSL
LogInit:      CURL_VERSION_LIBZ
LogInit:      CURL_VERSION_IPV6
LogInit:      CURL_VERSION_ASYNCHDNS
LogInit:      CURL_VERSION_LARGEFILE
LogInit:      CURL_VERSION_IDN
LogInit:  CurlRequestOptions (configurable via config and command line):
LogInit:  - bVerifyPeer = false  - Libcurl will NOT verify peer certificate
LogInit:  - bUseHttpProxy = false  - Libcurl will NOT use HTTP proxy
LogInit:  - bDontReuseConnections = false  - Libcurl will reuse connections
LogInit:  - CertBundlePath = nullptr  - Libcurl will use whatever was configured at build time.
LogInit: Build: ++UE4+Release-4.18-CL-3832480
LogInit: Engine Version: 4.18.3-3832480+++UE4+Release-4.18
LogInit: Compatible Engine Version: 4.18.0-3709383+++UE4+Release-4.18
LogInit: Net CL: 3709383
LogDevObjectVersion: Number of dev versions registered: 16
LogDevObjectVersion:   Dev-Blueprints (B0D832E4-1F89-4F0D-ACCF-7EB736FD4AA2): 10
LogDevObjectVersion:   Dev-Build (E1C64328-A22C-4D53-A36C-8E866417BD8C): 0
LogDevObjectVersion:   Dev-Core (375EC13C-06E4-48FB-B500-84F0262A717E): 2
LogDevObjectVersion:   Dev-Editor (E4B068ED-F494-42E9-A231-DA0B2E46BB41): 20
LogDevObjectVersion:   Dev-Framework (CFFC743F-43B0-4480-9391-14DF171D2073): 30
LogDevObjectVersion:   Dev-Mobile (B02B49B5-BB20-44E9-A304-32B752E40360): 0
LogDevObjectVersion:   Dev-Networking (A4E4105C-59A1-49B5-A7C5-40C4547EDFEE): 0
LogDevObjectVersion:   Dev-Online (39C831C9-5AE6-47DC-9A44-9C173E1C8E7C): 0
LogDevObjectVersion:   Dev-Physics (78F01B33-EBEA-4F98-B9B4-84EACCB95AA2): 0
LogDevObjectVersion:   Dev-Platform (6631380F-2D4D-43E0-8009-CF276956A95A): 0
LogDevObjectVersion:   Dev-Rendering (12F88B9F-8875-4AFC-A67C-D90C383ABD29): 20
LogDevObjectVersion:   Dev-Sequencer (7B5AE74C-D270-4C10-A958-57980B212A5A): 4
LogDevObjectVersion:   Dev-VR (D7296918-1DD6-4BDD-9DE2-64A83CC13884): 0
LogDevObjectVersion:   Dev-LoadTimes (C2A15278-BFE7-4AFE-6C17-90FF531DF755): 1
LogDevObjectVersion:   Private-Geometry (6EACA3D4-40EC-4CC1-B786-8BED09428FC5): 1
LogDevObjectVersion:   Dev-AnimPhys (29E575DD-E0A3-4627-9D10-D276232CDCEA): 12
LogInit: Compiled (64-bit): Jan 12 2018 02:04:55
LogInit: Compiled with Visual C++: 19.00.24215.01
LogInit: Build Configuration: Development
LogInit: Branch Name: ++UE4+Release-4.18
LogInit: Command line: -EpicPortal 
LogInit: Base directory: C:/Program Files/Epic Games/UE_4.18/Engine/Binaries/Win64/
LogInit: Installed Engine Build: 1
LogInit: Presizing for max 8388607 objects, including 0 objects not considered by GC, pre-allocating 0 bytes for permanent pool.
LogInit: Object subsystem initialized
[2018.07.07-13.39.37:213][  0]LogInit: Selected Device Profile: [Windows]
[2018.07.07-13.39.37:213][  0]LogInit: Applying CVar settings loaded from the selected device profile: [Windows]
[2018.07.07-13.39.37:222][  0]LogInit: Computer: JU-LAPTOP
[2018.07.07-13.39.37:222][  0]LogInit: User: skuin
[2018.07.07-13.39.37:222][  0]LogInit: CPU Page size=4096, Cores=4
[2018.07.07-13.39.37:222][  0]LogInit: High frequency timer resolution =1.757809 MHz
[2018.07.07-13.39.37:222][  0]LogMemory: Memory total: Physical=7.9GB (8GB approx)
[2018.07.07-13.39.37:222][  0]LogMemory: Platform Memory Stats for Windows
[2018.07.07-13.39.37:222][  0]LogMemory: Process Physical Memory: 273.79 MB used, 273.79 MB peak
[2018.07.07-13.39.37:222][  0]LogMemory: Process Virtual Memory: 269.87 MB used, 269.87 MB peak
[2018.07.07-13.39.37:222][  0]LogMemory: Physical Memory: 3865.23 MB used,  4183.62 MB free, 8048.86 MB total
[2018.07.07-13.39.37:223][  0]LogMemory: Virtual Memory: 4778.43 MB used,  4183.62 MB free, 134217728.00 MB total
[2018.07.07-13.39.37:517][  0]LogInit: Using OS detected language (ko-KR).
[2018.07.07-13.39.37:517][  0]LogInit: Using OS detected locale (ko-KR).
[2018.07.07-13.39.37:522][  0]LogTextLocalizationManager: No specific localization for 'ko-KR' exists, so the 'ko' localization will be used.
[2018.07.07-13.39.37:687][  0]LogInit: Setting process to per monitor DPI aware
[2018.07.07-13.39.38:067][  0]LogD3D11RHI: D3D11 adapters:
[2018.07.07-13.39.38:123][  0]LogD3D11RHI:    0. 'NVIDIA GeForce MX150' (Feature Level 11_0)
[2018.07.07-13.39.38:123][  0]LogD3D11RHI:       1983/0/4024 MB DedicatedVideo/DedicatedSystem/SharedSystem, Outputs:1, VendorId:0x10de
[2018.07.07-13.39.38:136][  0]LogD3D11RHI:    1. 'Intel(R) UHD Graphics 620' (Feature Level 11_0)
[2018.07.07-13.39.38:136][  0]LogD3D11RHI:       128/0/4024 MB DedicatedVideo/DedicatedSystem/SharedSystem, Outputs:0, VendorId:0x8086
[2018.07.07-13.39.38:138][  0]LogD3D11RHI:    2. 'Microsoft Basic Render Driver' (Feature Level 11_0)
[2018.07.07-13.39.38:138][  0]LogD3D11RHI:       0/0/4024 MB DedicatedVideo/DedicatedSystem/SharedSystem, Outputs:0, VendorId:0x1414
[2018.07.07-13.39.38:138][  0]LogD3D11RHI: Chosen D3D11 Adapter: 0
[2018.07.07-13.39.38:152][  0]LogD3D11RHI: Creating new Direct3DDevice
[2018.07.07-13.39.38:152][  0]LogD3D11RHI:     GPU DeviceId: 0x1d10 (for the marketing name, search the web for "GPU Device Id")
[2018.07.07-13.39.38:152][  0]LogWindows: EnumDisplayDevices:
[2018.07.07-13.39.38:152][  0]LogWindows:    0. 'Intel(R) UHD Graphics 620' (P:1 D:1)
[2018.07.07-13.39.38:152][  0]LogWindows:    1. 'Intel(R) UHD Graphics 620' (P:0 D:0)
[2018.07.07-13.39.38:152][  0]LogWindows:    2. 'Intel(R) UHD Graphics 620' (P:0 D:0)
[2018.07.07-13.39.38:153][  0]LogWindows: DebugString: GetVideoDriverDetailsInvalid PrimaryIsNotTheChoosenAdapter GetVideoDriverDetailsInvalid PrimaryIsNotTheChoosenAdapter GetVideoDriverDetailsInvalid PrimaryIsNotTheChoosenAdapter FoundDriverCount:0 
[2018.07.07-13.39.38:153][  0]LogD3D11RHI:     Adapter Name: NVIDIA GeForce MX150
[2018.07.07-13.39.38:153][  0]LogD3D11RHI:   Driver Version: Unknown (internal:Unknown, unified:Unknown)
[2018.07.07-13.39.38:153][  0]LogD3D11RHI:      Driver Date: Unknown
[2018.07.07-13.39.38:153][  0]LogRHI: Texture pool is 1388 MB (70% of 1983 MB)
[2018.07.07-13.39.38:189][  0]LogD3D11RHI: Async texture creation enabled
[2018.07.07-13.39.38:207][  0]LogD3D11RHI: GPU Timing Frequency: 1000.000000 (Debug: 2 2)
[2018.07.07-13.39.38:208][  0]LogShaderCompilers: Guid format shader working directory is -2 characters bigger than the processId version (../../../../../../UE4_Project/UE4_Study/Aircraft/Intermediate/Shaders/WorkingDirectory/4160/).
[2018.07.07-13.39.38:208][  0]LogShaderCompilers: Cleaned the shader compiler working directory 'C:/Users/skuin/AppData/Local/Temp/UnrealShaderWorkingDir/CAB86D6C49157975F73D39B0E4A7A40F/'.
[2018.07.07-13.39.38:208][  0]LogShaderCompilers: Display: Using Local Shader Compiler.
[2018.07.07-13.39.39:210][  0]LogTemp: Display: Loaded TP AllDesktopTargetPlatform
[2018.07.07-13.39.39:300][  0]LogTemp: Display: Loaded TP MacClientTargetPlatform
[2018.07.07-13.39.39:389][  0]LogTemp: Display: Loaded TP MacNoEditorTargetPlatform
[2018.07.07-13.39.39:479][  0]LogTemp: Display: Loaded TP MacServerTargetPlatform
[2018.07.07-13.39.39:570][  0]LogTemp: Display: Loaded TP MacTargetPlatform
[2018.07.07-13.39.39:661][  0]LogTemp: Display: Loaded TP WindowsClientTargetPlatform
[2018.07.07-13.39.39:752][  0]LogTemp: Display: Loaded TP WindowsNoEditorTargetPlatform
[2018.07.07-13.39.39:840][  0]LogTemp: Display: Loaded TP WindowsServerTargetPlatform
[2018.07.07-13.39.39:924][  0]LogTemp: Display: Loaded TP WindowsTargetPlatform
[2018.07.07-13.39.40:012][  0]LogTemp: Display: Loaded TP Android_ASTCTargetPlatform
[2018.07.07-13.39.40:099][  0]LogTemp: Display: Loaded TP Android_ATCTargetPlatform
[2018.07.07-13.39.40:187][  0]LogTemp: Display: Loaded TP Android_DXTTargetPlatform
[2018.07.07-13.39.40:278][  0]LogTemp: Display: Loaded TP Android_ETC1TargetPlatform
[2018.07.07-13.39.40:367][  0]LogTemp: Display: Loaded TP Android_ETC2TargetPlatform
[2018.07.07-13.39.40:546][  0]LogTemp: Display: Loaded TP Android_MultiTargetPlatform
[2018.07.07-13.39.40:546][  0]LogTemp: Display: Loaded TP Android_PVRTCTargetPlatform
[2018.07.07-13.39.40:637][  0]LogTemp: Display: Loaded TP AndroidTargetPlatform
[2018.07.07-13.39.40:718][  0]LogTemp: Display: Loaded TP HTML5TargetPlatform
[2018.07.07-13.39.40:866][  0]LogTemp: Display: Loaded TP IOSTargetPlatform
[2018.07.07-13.39.40:915][  0]LogTemp: Display: Loaded TP TVOSTargetPlatform
[2018.07.07-13.39.41:003][  0]LogTemp: Display: Loaded TP LinuxClientTargetPlatform
[2018.07.07-13.39.41:092][  0]LogTemp: Display: Loaded TP LinuxNoEditorTargetPlatform
[2018.07.07-13.39.41:181][  0]LogTemp: Display: Loaded TP LinuxServerTargetPlatform
[2018.07.07-13.39.41:271][  0]LogTemp: Display: Loaded TP LinuxTargetPlatform
[2018.07.07-13.39.41:271][  0]LogTargetPlatformManager: Display: Building Assets For Windows
[2018.07.07-13.39.42:158][  0]LogDerivedDataCache: Display: Max Cache Size: 512 MB
[2018.07.07-13.39.42:220][  0]LogDerivedDataCache: Loaded boot cache 0.06s 78MB C:/Users/skuin/AppData/Local/UnrealEngine/4.18/DerivedDataCache/Boot.ddc.
[2018.07.07-13.39.42:220][  0]LogDerivedDataCache: Display: Loaded Boot cache: C:/Users/skuin/AppData/Local/UnrealEngine/4.18/DerivedDataCache/Boot.ddc
[2018.07.07-13.39.42:220][  0]LogDerivedDataCache: FDerivedDataBackendGraph:  Pak pak cache file ../../../../../../UE4_Project/UE4_Study/Aircraft/DerivedDataCache/DDC.ddp not found, will not use a pak cache.
[2018.07.07-13.39.42:220][  0]LogDerivedDataCache: Unable to find inner node Pak for hierarchical cache Hierarchy.
[2018.07.07-13.39.42:220][  0]LogDerivedDataCache: FDerivedDataBackendGraph:  CompressedPak pak cache file ../../../../../../UE4_Project/UE4_Study/Aircraft/DerivedDataCache/Compressed.ddp not found, will not use a pak cache.
[2018.07.07-13.39.42:220][  0]LogDerivedDataCache: Unable to find inner node CompressedPak for hierarchical cache Hierarchy.
[2018.07.07-13.39.42:235][  0]LogDerivedDataCache: Display: Pak cache opened for reading ../../../Engine/DerivedDataCache/Compressed.ddp.
[2018.07.07-13.39.42:248][  0]LogDerivedDataCache: Using Local data cache path C:/Users/skuin/AppData/Local/UnrealEngine/Common/DerivedDataCache: Writable
[2018.07.07-13.39.42:261][  0]LogMaterial: Verifying Global Shaders for PCD3D_SM5
[2018.07.07-13.39.42:262][  0]LogSlate: Using Freetype 2.6.0
[2018.07.07-13.39.42:262][  0]LogSlate: SlateFontCache - WITH_FREETYPE: 1, WITH_HARFBUZZ: 1
[2018.07.07-13.39.42:262][  0]LogSlate: SlateFontCache - WITH_FREETYPE: 1, WITH_HARFBUZZ: 1
[2018.07.07-13.39.42:656][  0]LogInit: Selected Device Profile: [Windows]
[2018.07.07-13.39.43:194][  0]LogSimplygon: Simplygon DLL not present - disabling.
[2018.07.07-13.39.43:273][  0]LogMeshReduction: Using SimplygonSwarm for distributed automatic mesh merging
[2018.07.07-13.39.43:273][  0]LogMeshReduction: Using QuadricMeshReduction for automatic static mesh reduction
[2018.07.07-13.39.43:274][  0]LogMeshReduction: No automatic skeletal mesh reduction module available
[2018.07.07-13.39.43:274][  0]LogMeshReduction: No automatic mesh merging module available
[2018.07.07-13.39.43:274][  0]LogMeshMerging: No automatic mesh merging module available
[2018.07.07-13.39.43:310][  0]LogNetVersion: Aircraft , NetCL: 3709383, EngineNetVer: 2, GameNetVer: 0 (Checksum: 582048653)
[2018.07.07-13.39.43:538][  0]LogAssetRegistry: FAssetRegistry took 0.0265 seconds to start up
[2018.07.07-13.39.44:139][  0]LogPackageLocalizationCache: Processed 7 localized package path(s) for 2 prioritized culture(s) in 0.069707 seconds
[2018.07.07-13.39.44:144][  0]LogUObjectArray: 35870 objects as part of root set at end of initial load.
[2018.07.07-13.39.44:144][  0]LogUObjectAllocator: 7363696 out of 0 bytes used by permanent object pool.
[2018.07.07-13.39.44:144][  0]LogUObjectArray: CloseDisregardForGC: 0/0 objects in disregard for GC pool
[2018.07.07-13.39.44:253][  0]LogInit: WinSock: version 1.1 (2.2), MaxSocks=32767, MaxUdp=65467
[2018.07.07-13.39.48:478][  0]LogTcpMessaging: Initializing TcpMessaging bridge
[2018.07.07-13.39.48:548][  0]LogUdpMessaging: Initializing bridge on interface 0.0.0.0:0 to multicast group 230.0.0.1:6666.
[2018.07.07-13.39.49:740][  0]LogMaterial: Uniform references updated for custom material expression Custom.
[2018.07.07-13.39.50:475][  0]SourceControl: 소스 콘트롤이 꺼졌습니다.
[2018.07.07-13.39.50:475][  0]SourceControl: 소스 콘트롤이 꺼졌습니다.
[2018.07.07-13.39.50:578][  0]SourceControl: 소스 콘트롤이 꺼졌습니다.
[2018.07.07-13.39.50:678][  0]SourceControl: 소스 콘트롤이 꺼졌습니다.
[2018.07.07-13.39.52:213][  0]LogAndroidPermission: UAndroidPermissionCallbackProxy::GetInstance
[2018.07.07-13.39.52:725][  0]LogOcInput: OculusInput pre-init called
[2018.07.07-13.39.53:241][  0]LogEngine: Initializing Engine...
[2018.07.07-13.39.53:243][  0]LogHMD: Failed to initialize OpenVR with code 110
[2018.07.07-13.39.53:456][  0]LogStats: UGameplayTagsManager::ConstructGameplayTagTree: Construct from data asset -  0.000 s
[2018.07.07-13.39.53:456][  0]LogStats: UGameplayTagsManager::ConstructGameplayTagTree: GameplayTagTreeChangedEvent.Broadcast -  0.000 s
[2018.07.07-13.39.53:707][  0]LogAIModule: Creating AISystem for world Untitled
[2018.07.07-13.39.53:716][  0]LogInit: XAudio2 using '스피커(Realtek High Definition Audio)' : 2 channels at 48 kHz using 32 bits per sample (channel mask 0x3)
[2018.07.07-13.39.54:469][  0]LogInit: FAudioDevice initialized.
[2018.07.07-13.39.54:579][  0]LogDerivedDataCache: Saved boot cache 0.11s 78MB C:/Users/skuin/AppData/Local/UnrealEngine/4.18/DerivedDataCache/Boot.ddc.
[2018.07.07-13.39.54:584][  0]LogInit: Texture streaming: Enabled
[2018.07.07-13.39.54:780][  0]LogEngineSessionManager: EngineSessionManager initialized
[2018.07.07-13.39.55:029][  0]LogInit: Transaction tracking system initialized
[2018.07.07-13.39.55:643][  0]BlueprintLog: New page: 에디터 로드
[2018.07.07-13.39.57:349][  0]LocalizationService: 현지화 서비스가 비활성화되었습니다.
[2018.07.07-13.39.58:979][  0]LogConsoleResponse: Display: 
[2018.07.07-13.39.59:202][  0]LogCook: Display: Max memory allowance for cook 16384mb min free memory 0mb
[2018.07.07-13.39.59:202][  0]LogCook: Display: Mobile HDR setting 1
[2018.07.07-13.39.59:202][  0]LogGameplayTags: Display: UGameplayTagsManager::DoneAddingNativeTags. DelegateIsBound: 0
[2018.07.07-13.39.59:503][  0]LogFileCache: Scanning file cache for directory 'C:/UE4_Project/UE4_Study/Aircraft/Content/' took 0.01s
[2018.07.07-13.40.01:458][  0]SourceControl: 소스 콘트롤이 꺼졌습니다.
[2018.07.07-13.40.01:458][  0]Cmd: MAP LOAD FILE="../../../../../../UE4_Project/UE4_Study/Aircraft/Content/StarterContent/Maps/Minimal_Default.umap" TEMPLATE=0 SHOWPROGRESS=1 FEATURELEVEL=3
[2018.07.07-13.40.01:459][  0]LightingResults: New page: 라이팅 빌드
[2018.07.07-13.40.01:538][  0]MapCheck: New page: 맵 체크
[2018.07.07-13.40.01:538][  0]LightingResults: New page: 라이팅 빌드
[2018.07.07-13.40.01:876][  0]LogAIModule: Creating AISystem for world Minimal_Default
[2018.07.07-13.40.01:884][  0]LogEditorServer: Finished looking for orphan Actors (0.000 secs)
[2018.07.07-13.40.01:895][  0]Cmd: MAP CHECKDEP NOCLEARLOG
[2018.07.07-13.40.01:987][  0]MapCheck: 맵 체크 완료: 오류 0 회, 경고 0 회, 소요 시간 92.573ms.
[2018.07.07-13.40.01:987][  0]LogFileHelpers: Loading map 'Minimal_Default' took 0.529
[2018.07.07-13.40.02:155][  0]LogCollectionManager: Loaded 0 collections in 0.001909 seconds
[2018.07.07-13.40.02:294][  0]LogFileCache: Scanning file cache for directory 'C:/UE4_Project/UE4_Study/Aircraft/Saved/Collections/' took 0.01s
[2018.07.07-13.40.02:294][  0]LogFileCache: Scanning file cache for directory 'C:/UE4_Project/UE4_Study/Aircraft/Content/Developers/skuin/Collections/' took 0.01s
[2018.07.07-13.40.02:294][  0]LogFileCache: Scanning file cache for directory 'C:/UE4_Project/UE4_Study/Aircraft/Content/Collections/' took 0.01s
[2018.07.07-13.40.02:294][  0]LogCollectionManager: Rebuilt the GUID cache for 0 collections in 0.000001 seconds
[2018.07.07-13.40.02:303][  0]LogContentBrowser: Native class hierarchy populated in 0.0090 seconds. Added 2363 classes and 519 folders.
[2018.07.07-13.40.02:432][  0]LogContentBrowser: Native class hierarchy updated for 'WidgetCarousel' in 0.0002 seconds. Added 0 classes and 0 folders.
[2018.07.07-13.40.02:491][  0]LogContentBrowser: Native class hierarchy updated for 'AddContentDialog' in 0.0002 seconds. Added 0 classes and 0 folders.
[2018.07.07-13.40.02:573][  0]LogContentBrowser: Native class hierarchy updated for 'SceneOutliner' in 0.0002 seconds. Added 1 classes and 2 folders.
[2018.07.07-13.40.02:631][  0]LogSlate: Took 0.000412 seconds to synchronously load lazily loaded font '../../../Engine/Content/Slate/Fonts/Roboto-Regular.ttf' (155K)
[2018.07.07-13.40.02:636][  0]LogSlate: Took 0.002949 seconds to synchronously load lazily loaded font '../../../Engine/Content/Slate/Fonts/NanumGothic.ttf' (4243K)
[2018.07.07-13.40.02:637][  0]LogSlate: Took 0.000453 seconds to synchronously load lazily loaded font '../../../Engine/Content/Slate/Fonts/Roboto-Bold.ttf' (160K)
[2018.07.07-13.40.02:643][  0]LogSlate: Took 0.000401 seconds to synchronously load lazily loaded font '../../../Engine/Content/Editor/Slate/Fonts/FontAwesome.ttf' (139K)
[2018.07.07-13.40.02:753][  0]LogRenderer: Reallocating scene render targets to support 1168x600 Format 9 NumSamples 1 (Frame:1).
[2018.07.07-13.40.03:007][  0]LogContentBrowser: Native class hierarchy updated for 'HierarchicalLODOutliner' in 0.0002 seconds. Added 1 classes and 2 folders.
[2018.07.07-13.40.03:007][  0]LogLoad: (Engine Initialization) Total time: 29.12 seconds
[2018.07.07-13.40.03:007][  0]LogLoad: (Engine Initialization) Total Blueprint compile time: 0.00 seconds
[2018.07.07-13.40.03:007][  0]LogExternalProfiler: No external profilers were discovered.  External profiling features will not be available.
[2018.07.07-13.40.03:028][  0]LogWindowsTextInputMethodSystem: Display: IME system now activated using TSF (Microsoft 입력기).
[2018.07.07-13.40.03:049][  0]LogAssetRegistry: Asset discovery search completed in 19.5334 seconds
[2018.07.07-13.40.03:051][  0]LogCollectionManager: Rebuilt the object cache for 0 collections in 0.000000 seconds (found 0 objects)
[2018.07.07-13.40.03:051][  0]LogCollectionManager: Fixed up redirectors for 0 collections in 0.000039 seconds (updated 0 objects)
[2018.07.07-13.40.03:053][  0]LogContentStreaming: Texture pool size now 800 MB
[2018.07.07-13.40.11:238][482]LogSlate: Took 0.000323 seconds to synchronously load lazily loaded font '../../../Engine/Content/Slate/Fonts/Roboto-Light.ttf' (159K)
[2018.07.07-13.40.15:538][740]Cmd: MAP LOAD FILE="../../../../../../UE4_Project/UE4_Study/Aircraft/Content/Practice5.umap" TEMPLATE=0 SHOWPROGRESS=1 FEATURELEVEL=3
[2018.07.07-13.40.15:543][740]LogSlate: Took 0.000300 seconds to synchronously load lazily loaded font '../../../Engine/Content/Slate/Fonts/Roboto-Light.ttf' (159K)
[2018.07.07-13.40.15:562][740]LightingResults: New page: 라이팅 빌드
[2018.07.07-13.40.15:562][740]LoadErrors: New page: 맵 로드중: Practice5.umap
[2018.07.07-13.40.15:566][740]MapCheck: New page: 맵 체크
[2018.07.07-13.40.15:567][740]LightingResults: New page: 라이팅 빌드
[2018.07.07-13.40.15:589][740]LogAIModule: Creating AISystem for world Practice5
[2018.07.07-13.40.15:637][740]LogEditorServer: Finished looking for orphan Actors (0.000 secs)
[2018.07.07-13.40.15:664][740]Cmd: MAP CHECKDEP NOCLEARLOG
[2018.07.07-13.40.15:760][740]MapCheck: 맵 체크 완료: 오류 0 회, 경고 0 회, 소요 시간 94.75ms.
[2018.07.07-13.40.15:760][740]LogFileHelpers: Loading map 'Practice5' took 0.223
[2018.07.07-13.40.32:138][720]LogActorFactory: Actor Factory created Plane
[2018.07.07-13.40.32:250][726]LogActorFactory: Actor Factory created Plane
[2018.07.07-13.40.49:112][733]LogLinker: Warning: '/Game/Assets/StaticMesh/SM_Aircraft' 파일을 찾을 수 없습니다.
[2018.07.07-13.40.49:112][733]LogLinker: Warning: ../../../../../../UE4_Project/UE4_Study/Aircraft/Content/Blueprints/AircraftBP.uasset 로드중 '/Game/Assets/StaticMesh/SM_Aircraft' 애셋에 대한 파일을 찾을 수 없습니다.
[2018.07.07-13.40.49:112][733]LoadErrors: Error: /Game/Blueprints/AircraftBP : 애셋에 대한 파일을 찾을 수 없습니다. /Game/Assets/StaticMesh/SM_Aircraft
[2018.07.07-13.40.49:112][733]LogLinker: Warning: '/Game/Assets/StaticMesh/SM_Aircraft' 파일을 찾을 수 없습니다.
[2018.07.07-13.40.49:112][733]LogLinker: Warning: ../../../../../../UE4_Project/UE4_Study/Aircraft/Content/Blueprints/AircraftBP.uasset 로드중 '/Game/Assets/StaticMesh/SM_Aircraft' 애셋에 대한 파일을 찾을 수 없습니다.
[2018.07.07-13.40.49:113][733]LogLinker: Warning: '/Game/Assets/StaticMesh/SM_Aircraft' 파일을 찾을 수 없습니다.
[2018.07.07-13.40.49:113][733]LogLinker: Warning: NULL 로드중 '/Game/Assets/StaticMesh/SM_Aircraft' 애셋에 대한 파일을 찾을 수 없습니다.
[2018.07.07-13.40.49:113][733]LogLinker: Warning: '/Game/Assets/StaticMesh/SM_Aircraft' 파일을 찾을 수 없습니다.
[2018.07.07-13.40.49:113][733]LogLinker: Warning: NULL 로드중 '/Game/Assets/StaticMesh/SM_Aircraft' 애셋에 대한 파일을 찾을 수 없습니다.
[2018.07.07-13.40.49:114][733]LogLinker: Warning: '/Game/Assets/StaticMesh/SM_Aircraft' 파일을 찾을 수 없습니다.
[2018.07.07-13.40.49:114][733]LoadErrors: 로드에 실패했습니다. /Game/Assets/StaticMesh/SM_Aircraft.SM_Aircraft 레퍼런싱한 것: Default__AircraftBP_C
[2018.07.07-13.40.49:114][733]LogLinker: Warning: NULL 로드중 '/Game/Assets/StaticMesh/SM_Aircraft' 애셋에 대한 파일을 찾을 수 없습니다.
[2018.07.07-13.40.51:984][900]LogTemp: Repeating last play command: 선택된 뷰포트
[2018.07.07-13.40.52:073][900]LogPlayLevel: PlayLevel: No blueprints needed recompiling
[2018.07.07-13.40.52:074][900]PIE: New page: PIE 세션: Practice5 (2018. 7. 8. 오전 7:40:52)
[2018.07.07-13.40.52:074][900]LogPlayLevel: Creating play world package: /Game/UEDPIE_0_Practice5
[2018.07.07-13.40.52:075][900]LogPlayLevel: PIE: StaticDuplicateObject took: (0.001464s)
[2018.07.07-13.40.52:076][900]LogAIModule: Creating AISystem for world Practice5
[2018.07.07-13.40.52:076][900]LogPlayLevel: PIE: World Init took: (0.000735s)
[2018.07.07-13.40.52:076][900]LogPlayLevel: PIE: Created PIE world by copying editor world from /Game/Practice5.Practice5 to /Game/UEDPIE_0_Practice5.Practice5 (0.002426s)
[2018.07.07-13.40.52:087][900]LogInit: XAudio2 using '스피커(Realtek High Definition Audio)' : 2 channels at 48 kHz using 32 bits per sample (channel mask 0x3)
[2018.07.07-13.40.52:128][900]LogInit: FAudioDevice initialized.
[2018.07.07-13.40.52:173][900]LogLoad: Game class is 'GameModeBase'
[2018.07.07-13.40.52:175][900]LogWorld: Bringing World /Game/UEDPIE_0_Practice5.Practice5 up for play (max tick rate 60) at 2018.07.07-22.40.52
[2018.07.07-13.40.52:184][900]LogWorld: Bringing up level for play took: 0.008981
[2018.07.07-13.40.52:265][900]LogContentBrowser: Native class hierarchy updated for 'MovieSceneCapture' in 0.0003 seconds. Added 11 classes and 0 folders.
[2018.07.07-13.40.52:266][900]PIE: /Game/UEDPIE_0_Practice5 에 대한 에디터에서 플레이 시작 시간: 0.988
[2018.07.07-13.41.00:573][383]LogTemp: Repeating last play command: 선택된 뷰포트
[2018.07.07-13.41.00:583][383]LogPlayLevel: PlayLevel: No blueprints needed recompiling
[2018.07.07-13.41.00:583][383]PIE: New page: PIE 세션: Practice5 (2018. 7. 8. 오전 7:41:00)
[2018.07.07-13.41.00:583][383]LogPlayLevel: Creating play world package: /Game/UEDPIE_0_Practice5
[2018.07.07-13.41.00:584][383]LogPlayLevel: PIE: StaticDuplicateObject took: (0.001216s)
[2018.07.07-13.41.00:585][383]LogAIModule: Creating AISystem for world Practice5
[2018.07.07-13.41.00:585][383]LogPlayLevel: PIE: World Init took: (0.000647s)
[2018.07.07-13.41.00:585][383]LogPlayLevel: PIE: Created PIE world by copying editor world from /Game/Practice5.Practice5 to /Game/UEDPIE_0_Practice5.Practice5 (0.002082s)
[2018.07.07-13.41.00:595][383]LogInit: XAudio2 using '스피커(Realtek High Definition Audio)' : 2 channels at 48 kHz using 32 bits per sample (channel mask 0x3)
[2018.07.07-13.41.00:637][383]LogInit: FAudioDevice initialized.
[2018.07.07-13.41.00:669][383]LogLoad: Game class is 'GameModeBase'
[2018.07.07-13.41.00:670][383]LogWorld: Bringing World /Game/UEDPIE_0_Practice5.Practice5 up for play (max tick rate 60) at 2018.07.07-22.41.00
[2018.07.07-13.41.00:670][383]LogWorld: Bringing up level for play took: 0.000682
[2018.07.07-13.41.00:672][383]PIE: /Game/UEDPIE_0_Practice5 에 대한 에디터에서 플레이 시작 시간: -0.607
[2018.07.07-13.41.16:180][292]LogTemp: Repeating last play command: 선택된 뷰포트
[2018.07.07-13.41.16:191][292]LogPlayLevel: PlayLevel: No blueprints needed recompiling
[2018.07.07-13.41.16:191][292]PIE: New page: PIE 세션: Practice5 (2018. 7. 8. 오전 7:41:16)
[2018.07.07-13.41.16:191][292]LogPlayLevel: Creating play world package: /Game/UEDPIE_0_Practice5
[2018.07.07-13.41.16:193][292]LogPlayLevel: PIE: StaticDuplicateObject took: (0.001706s)
[2018.07.07-13.41.16:193][292]LogAIModule: Creating AISystem for world Practice5
[2018.07.07-13.41.16:194][292]LogPlayLevel: PIE: World Init took: (0.000862s)
[2018.07.07-13.41.16:194][292]LogPlayLevel: PIE: Created PIE world by copying editor world from /Game/Practice5.Practice5 to /Game/UEDPIE_0_Practice5.Practice5 (0.002883s)
[2018.07.07-13.41.16:204][292]LogInit: XAudio2 using '스피커(Realtek High Definition Audio)' : 2 channels at 48 kHz using 32 bits per sample (channel mask 0x3)
[2018.07.07-13.41.16:244][292]LogInit: FAudioDevice initialized.
[2018.07.07-13.41.16:275][292]LogLoad: Game class is 'GameModeBase'
[2018.07.07-13.41.16:276][292]LogWorld: Bringing World /Game/UEDPIE_0_Practice5.Practice5 up for play (max tick rate 60) at 2018.07.07-22.41.16
[2018.07.07-13.41.16:276][292]LogWorld: Bringing up level for play took: 0.000667
[2018.07.07-13.41.16:278][292]PIE: /Game/UEDPIE_0_Practice5 에 대한 에디터에서 플레이 시작 시간: 1
[2018.07.07-13.41.19:761][496]LogEditorViewport: Clicking on Actor (LMB): StaticMeshActor (Plane)
[2018.07.07-13.41.20:164][517]LogEditorViewport: Clicking on Actor (LMB): StaticMeshActor (Plane)
[2018.07.07-13.41.20:680][547]LogEditorViewport: Clicking on Actor (LMB): StaticMeshActor (Plane)
[2018.07.07-13.41.21:012][566]LogEditorViewport: Clicking on Actor (LMB): StaticMeshActor (Plane)
[2018.07.07-13.41.23:296][697]LogEditorActor: Deleted Actor: AircraftBP_C
[2018.07.07-13.41.23:305][697]LogEditorActor: Deleted 1 Actors (0.010 secs)
[2018.07.07-13.41.36:670][495]LogLinker: Warning: '/Game/Assets/StaticMesh/SM_Pickup_Coin' 파일을 찾을 수 없습니다.
[2018.07.07-13.41.36:670][495]LogLinker: Warning: ../../../../../../UE4_Project/UE4_Study/Aircraft/Content/Blueprints/CoinBP.uasset 로드중 '/Game/Assets/StaticMesh/SM_Pickup_Coin' 애셋에 대한 파일을 찾을 수 없습니다.
[2018.07.07-13.41.36:670][495]LoadErrors: Error: /Game/Blueprints/CoinBP : 애셋에 대한 파일을 찾을 수 없습니다. /Game/Assets/StaticMesh/SM_Pickup_Coin
[2018.07.07-13.41.36:670][495]LogLinker: Warning: '/Game/Assets/StaticMesh/SM_Pickup_Coin' 파일을 찾을 수 없습니다.
[2018.07.07-13.41.36:671][495]LogLinker: Warning: ../../../../../../UE4_Project/UE4_Study/Aircraft/Content/Blueprints/CoinBP.uasset 로드중 '/Game/Assets/StaticMesh/SM_Pickup_Coin' 애셋에 대한 파일을 찾을 수 없습니다.
[2018.07.07-13.41.36:672][495]LogLinker: Warning: '/Game/Assets/StaticMesh/SM_Pickup_Coin' 파일을 찾을 수 없습니다.
[2018.07.07-13.41.36:672][495]LogLinker: Warning: NULL 로드중 '/Game/Assets/StaticMesh/SM_Pickup_Coin' 애셋에 대한 파일을 찾을 수 없습니다.
[2018.07.07-13.41.36:672][495]LogLinker: Warning: '/Game/Assets/StaticMesh/SM_Pickup_Coin' 파일을 찾을 수 없습니다.
[2018.07.07-13.41.36:672][495]LogLinker: Warning: NULL 로드중 '/Game/Assets/StaticMesh/SM_Pickup_Coin' 애셋에 대한 파일을 찾을 수 없습니다.
[2018.07.07-13.41.36:673][495]LogLinker: Warning: '/Game/Assets/StaticMesh/SM_Pickup_Coin' 파일을 찾을 수 없습니다.
[2018.07.07-13.41.36:673][495]LoadErrors: 로드에 실패했습니다. /Game/Assets/StaticMesh/SM_Pickup_Coin.SM_Pickup_Coin 레퍼런싱한 것: Default__CoinBP_C
[2018.07.07-13.41.36:673][495]LogLinker: Warning: NULL 로드중 '/Game/Assets/StaticMesh/SM_Pickup_Coin' 애셋에 대한 파일을 찾을 수 없습니다.
[2018.07.07-13.41.38:362][592]LogEditorViewport: Clicking on Actor (double click): StaticMeshActor (Plane)
[2018.07.07-13.41.38:893][622]LogEditorViewport: Clicking on Actor (LMB): StaticMeshActor (Plane)
[2018.07.07-13.41.39:776][674]Cmd: TRANSACTION UNDO
[2018.07.07-13.41.39:776][674]LogEditorTransaction: Undo 액터 클릭
[2018.07.07-13.41.39:796][674]LogSlate: Took 0.000344 seconds to synchronously load lazily loaded font '../../../Engine/Content/Slate/Fonts/Roboto-Light.ttf' (159K)
[2018.07.07-13.41.42:760][849]LogEditorActor: Deleted Actor: CoinBP_C
[2018.07.07-13.41.42:769][849]LogEditorActor: Deleted 1 Actors (0.010 secs)
[2018.07.07-13.42.01:617][259]LogEditorViewport: Clicking on Actor (LMB): StaticMeshActor (Plane)
[2018.07.07-13.42.02:640][317]LogEditorViewport: Clicking on Actor (LMB): StaticMeshActor (Plane)
[2018.07.07-13.42.03:767][360]LogContentBrowser: Native class hierarchy updated for 'BlueprintGraph' in 0.0006 seconds. Added 116 classes and 0 folders.
[2018.07.07-13.42.04:404][360]LogSlate: Took 0.000252 seconds to synchronously load lazily loaded font '../../../Engine/Content/Slate/Fonts/Roboto-Regular.ttf' (155K)
[2018.07.07-13.42.07:168][473]LogSlate: Took 0.000346 seconds to synchronously load lazily loaded font '../../../Engine/Content/Editor/Slate/Fonts/Roboto-BoldCondensed.ttf' (158K)
[2018.07.07-13.42.12:031][757]LogRenderer: Reallocating scene render targets to support 1168x940 Format 9 NumSamples 1 (Frame:1).
[2018.07.07-13.42.14:385][890]LogSlate: Took 0.000344 seconds to synchronously load lazily loaded font '../../../Engine/Content/Editor/Slate/Fonts/Roboto-Italic.ttf' (157K)
[2018.07.07-13.42.48:246][772]Cmd: QUIT_EDITOR
[2018.07.07-13.42.48:376][772]LogWindowsTextInputMethodSystem: Display: IME system now activated using TSF (Microsoft 입력기).
[2018.07.07-13.42.48:386][772]LogExit: Preparing to exit.
[2018.07.07-13.42.48:679][772]LogDirectoryWatcher: A directory notification for 'C:/UE4_Project/UE4_Study/Aircraft/Content/' was aborted.
[2018.07.07-13.42.48:707][772]LogExit: Editor shut down
[2018.07.07-13.42.48:709][772]LogExit: Transaction tracking system shut down
[2018.07.07-13.42.48:888][772]LogDirectoryWatcher: A directory notification for '../../../Engine/Content/' was aborted.
[2018.07.07-13.42.48:889][772]LogDirectoryWatcher: A directory notification for '../../../../../../UE4_Project/UE4_Study/Aircraft/Content/' was aborted.
[2018.07.07-13.42.48:889][772]LogDirectoryWatcher: A directory notification for '../../../Engine/Plugins/2D/Paper2D/Content/' was aborted.
[2018.07.07-13.42.48:889][772]LogDirectoryWatcher: A directory notification for '../../../Engine/Plugins/Media/MediaCompositing/Content/' was aborted.
[2018.07.07-13.42.48:889][772]LogDirectoryWatcher: A directory notification for '../../../Engine/Plugins/Runtime/AppleARKit/Content/' was aborted.
[2018.07.07-13.42.48:889][772]LogDirectoryWatcher: A directory notification for '../../../Engine/Plugins/Runtime/Oculus/OculusVR/Content/' was aborted.
[2018.07.07-13.42.48:889][772]LogDirectoryWatcher: A directory notification for '../../../Engine/Plugins/Runtime/Steam/SteamVR/Content/' was aborted.
[2018.07.07-13.42.48:957][772]LogExit: Object subsystem successfully closed.
[2018.07.07-13.42.48:975][772]LogD3D11RHI: Shutdown
[2018.07.07-13.42.48:975][772]LogD3D11RHI: CleanupD3DDevice
[2018.07.07-13.42.48:977][772]LogD3D11RHI: ~FD3D11DynamicRHI
[2018.07.07-13.42.49:000][772]LogModuleManager: Shutting down and abandoning module BlueprintGraph (552)
[2018.07.07-13.42.49:000][772]LogModuleManager: Shutting down and abandoning module MovieSceneCapture (550)
[2018.07.07-13.42.49:000][772]LogModuleManager: Shutting down and abandoning module HierarchicalLODOutliner (548)
[2018.07.07-13.42.49:000][772]LogModuleManager: Shutting down and abandoning module SceneOutliner (546)
[2018.07.07-13.42.49:000][772]LogModuleManager: Shutting down and abandoning module AddContentDialog (544)
[2018.07.07-13.42.49:000][772]LogDirectoryWatcher: A directory notification for 'C:/Program Files/Epic Games/UE_4.18/FeaturePacks/' was aborted.
[2018.07.07-13.42.49:000][772]LogModuleManager: Shutting down and abandoning module WidgetCarousel (543)
[2018.07.07-13.42.49:000][772]LogModuleManager: Shutting down and abandoning module EditorWidgets (540)
[2018.07.07-13.42.49:000][772]LogModuleManager: Shutting down and abandoning module CollectionManager (538)
[2018.07.07-13.42.49:000][772]LogDirectoryWatcher: A directory notification for 'C:/UE4_Project/UE4_Study/Aircraft/Content/Collections/' was aborted.
[2018.07.07-13.42.49:001][772]LogDirectoryWatcher: A directory notification for 'C:/UE4_Project/UE4_Study/Aircraft/Content/Developers/skuin/Collections/' was aborted.
[2018.07.07-13.42.49:001][772]LogDirectoryWatcher: A directory notification for 'C:/UE4_Project/UE4_Study/Aircraft/Saved/Collections/' was aborted.
[2018.07.07-13.42.49:001][772]LogModuleManager: Shutting down and abandoning module StatsViewer (536)
[2018.07.07-13.42.49:001][772]LogModuleManager: Shutting down and abandoning module FoliageEdit (534)
[2018.07.07-13.42.49:001][772]LogModuleManager: Shutting down and abandoning module LandscapeEditor (532)
[2018.07.07-13.42.49:001][772]LogModuleManager: Shutting down and abandoning module MeshPaintMode (530)
[2018.07.07-13.42.49:001][772]LogModuleManager: Shutting down and abandoning module SceneDepthPickerMode (528)
[2018.07.07-13.42.49:001][772]LogModuleManager: Shutting down and abandoning module ActorPickerMode (526)
[2018.07.07-13.42.49:001][772]LogModuleManager: Shutting down and abandoning module GeometryMode (524)
[2018.07.07-13.42.49:001][772]LogModuleManager: Shutting down and abandoning module TextureAlignMode (522)
[2018.07.07-13.42.49:001][772]LogModuleManager: Shutting down and abandoning module BspMode (520)
[2018.07.07-13.42.49:001][772]LogModuleManager: Shutting down and abandoning module PIEPreviewDeviceProfileSelector (518)
[2018.07.07-13.42.49:001][772]LogModuleManager: Shutting down and abandoning module HardwareSurvey (516)
[2018.07.07-13.42.49:001][772]LogModuleManager: Shutting down and abandoning module SequenceRecorderSections (514)
[2018.07.07-13.42.49:001][772]LogModuleManager: Shutting down and abandoning module AutomationWorker (512)
[2018.07.07-13.42.49:001][772]LogModuleManager: Shutting down and abandoning module MatineeToLevelSequence (510)
[2018.07.07-13.42.49:001][772]LogModuleManager: Shutting down and abandoning module LevelSequenceEditor (508)
[2018.07.07-13.42.49:001][772]LogModuleManager: Shutting down and abandoning module PlacementMode (507)
[2018.07.07-13.42.49:001][772]LogModuleManager: Shutting down and abandoning module WmfMediaFactory (504)
[2018.07.07-13.42.49:001][772]LogModuleManager: Shutting down and abandoning module WmfMediaEditor (502)
[2018.07.07-13.42.49:001][772]LogModuleManager: Shutting down and abandoning module OpenExrWrapper (500)
[2018.07.07-13.42.49:001][772]LogModuleManager: Shutting down and abandoning module ImgMediaFactory (498)
[2018.07.07-13.42.49:001][772]LogModuleManager: Shutting down and abandoning module ImgMediaEditor (496)
[2018.07.07-13.42.49:001][772]LogModuleManager: Shutting down and abandoning module AvfMediaFactory (494)
[2018.07.07-13.42.49:001][772]LogModuleManager: Shutting down and abandoning module AvfMediaEditor (492)
[2018.07.07-13.42.49:001][772]LogModuleManager: Shutting down and abandoning module AndroidMediaFactory (490)
[2018.07.07-13.42.49:001][772]LogModuleManager: Shutting down and abandoning module AndroidMediaEditor (488)
[2018.07.07-13.42.49:001][772]LogModuleManager: Shutting down and abandoning module CharacterAI (486)
[2018.07.07-13.42.49:001][772]LogModuleManager: Shutting down and abandoning module AudioCapture (484)
[2018.07.07-13.42.49:001][772]LogModuleManager: Shutting down and abandoning module SequenceRecorder (483)
[2018.07.07-13.42.49:001][772]LogModuleManager: Shutting down and abandoning module SmartSnapping (480)
[2018.07.07-13.42.49:001][772]LogModuleManager: Shutting down and abandoning module SessionServices (478)
[2018.07.07-13.42.49:001][772]LogModuleManager: Shutting down and abandoning module ViewportSnapping (476)
[2018.07.07-13.42.49:001][772]LogModuleManager: Shutting down and abandoning module ViewportInteraction (474)
[2018.07.07-13.42.49:001][772]LogModuleManager: Shutting down and abandoning module ClothPainter (472)
[2018.07.07-13.42.49:001][772]LogModuleManager: Shutting down and abandoning module SkeletalMeshEditor (471)
[2018.07.07-13.42.49:002][772]LogModuleManager: Shutting down and abandoning module LogVisualizer (468)
[2018.07.07-13.42.49:002][772]LogModuleManager: Shutting down and abandoning module IntroTutorials (466)
[2018.07.07-13.42.49:002][772]LogModuleManager: Shutting down and abandoning module GameProjectGeneration (465)
[2018.07.07-13.42.49:002][772]LogModuleManager: Shutting down and abandoning module IOSPlatformEditor (462)
[2018.07.07-13.42.49:002][772]LogModuleManager: Shutting down and abandoning module HTML5PlatformEditor (460)
[2018.07.07-13.42.49:002][772]LogModuleManager: Shutting down and abandoning module AndroidPlatformEditor (458)
[2018.07.07-13.42.49:002][772]LogModuleManager: Shutting down and abandoning module AndroidDeviceDetection (457)
[2018.07.07-13.42.49:167][772]LogModuleManager: Shutting down and abandoning module WindowsPlatformEditor (454)
[2018.07.07-13.42.49:167][772]LogModuleManager: Shutting down and abandoning module IOSRuntimeSettings (452)
[2018.07.07-13.42.49:167][772]LogModuleManager: Shutting down and abandoning module AndroidRuntimeSettings (450)
[2018.07.07-13.42.49:167][772]LogModuleManager: Shutting down and abandoning module InputBindingEditor (448)
[2018.07.07-13.42.49:168][772]LogModuleManager: Shutting down and abandoning module MergeActors (446)
[2018.07.07-13.42.49:168][772]LogModuleManager: Shutting down and abandoning module SizeMap (444)
[2018.07.07-13.42.49:168][772]LogModuleManager: Shutting down and abandoning module TreeMap (442)
[2018.07.07-13.42.49:168][772]LogModuleManager: Shutting down and abandoning module ReferenceViewer (440)
[2018.07.07-13.42.49:168][772]LogModuleManager: Shutting down and abandoning module LocalizationDashboard (438)
[2018.07.07-13.42.49:168][772]LogModuleManager: Shutting down and abandoning module LocalizationService (437)
[2018.07.07-13.42.49:168][772]LogModuleManager: Shutting down and abandoning module HardwareTargeting (434)
[2018.07.07-13.42.49:168][772]LogModuleManager: Shutting down and abandoning module DeviceProfileEditor (432)
[2018.07.07-13.42.49:168][772]LogModuleManager: Shutting down and abandoning module UndoHistory (430)
[2018.07.07-13.42.49:168][772]LogModuleManager: Shutting down and abandoning module XmlParser (428)
[2018.07.07-13.42.49:168][772]LogModuleManager: Shutting down and abandoning module Blutility (426)
[2018.07.07-13.42.49:169][772]LogModuleManager: Shutting down and abandoning module ProjectSettingsViewer (424)
[2018.07.07-13.42.49:169][772]LogModuleManager: Shutting down and abandoning module ProjectTargetPlatformEditor (423)
[2018.07.07-13.42.49:169][772]LogModuleManager: Shutting down and abandoning module EditorSettingsViewer (420)
[2018.07.07-13.42.49:169][772]LogModuleManager: Shutting down and abandoning module SettingsEditor (418)
[2018.07.07-13.42.49:169][772]LogModuleManager: Shutting down and abandoning module ProjectLauncher (416)
[2018.07.07-13.42.49:169][772]LogModuleManager: Shutting down and abandoning module SessionFrontend (414)
[2018.07.07-13.42.49:169][772]LogModuleManager: Shutting down and abandoning module ProfilerClient (412)
[2018.07.07-13.42.49:170][772]LogModuleManager: Shutting down and abandoning module DeviceManager (410)
[2018.07.07-13.42.49:170][772]LogModuleManager: Shutting down and abandoning module TargetDeviceServices (409)
[2018.07.07-13.42.49:224][772]LogModuleManager: Shutting down and abandoning module AutomationController (406)
[2018.07.07-13.42.49:224][772]LogModuleManager: Shutting down and abandoning module AutomationWindow (404)
[2018.07.07-13.42.49:224][772]LogModuleManager: Shutting down and abandoning module Layers (402)
[2018.07.07-13.42.49:224][772]LogModuleManager: Shutting down and abandoning module ComponentVisualizers (400)
[2018.07.07-13.42.49:224][772]LogModuleManager: Shutting down and abandoning module DetailCustomizations (398)
[2018.07.07-13.42.49:224][772]LogModuleManager: Shutting down and abandoning module PackagesDialog (396)
[2018.07.07-13.42.49:225][772]LogModuleManager: Shutting down and abandoning module Persona (394)
[2018.07.07-13.42.49:226][772]LogModuleManager: Shutting down and abandoning module AdvancedPreviewScene (393)
[2018.07.07-13.42.49:226][772]LogModuleManager: Shutting down and abandoning module AnimGraph (391)
[2018.07.07-13.42.49:226][772]LogModuleManager: Shutting down and abandoning module Kismet (388)
[2018.07.07-13.42.49:242][772]LogModuleManager: Shutting down and abandoning module ClassViewer (386)
[2018.07.07-13.42.49:242][772]LogModuleManager: Shutting down and abandoning module Toolbox (384)
[2018.07.07-13.42.49:242][772]LogModuleManager: Shutting down and abandoning module ModuleUI (382)
[2018.07.07-13.42.49:242][772]LogModuleManager: Shutting down and abandoning module MovieSceneTools (380)
[2018.07.07-13.42.49:242][772]LogModuleManager: Shutting down and abandoning module OutputLog (378)
[2018.07.07-13.42.49:242][772]LogModuleManager: Shutting down and abandoning module GammaUI (376)
[2018.07.07-13.42.49:242][772]LogModuleManager: Shutting down and abandoning module Documentation (374)
[2018.07.07-13.42.49:242][772]LogModuleManager: Shutting down and abandoning module MovieSceneTracks (372)
[2018.07.07-13.42.49:242][772]LogModuleManager: Shutting down and abandoning module MovieScene (370)
[2018.07.07-13.42.49:242][772]LogModuleManager: Shutting down and abandoning module StreamingPauseRendering (368)
[2018.07.07-13.42.49:242][772]LogModuleManager: Shutting down and abandoning module LauncherPlatform (366)
[2018.07.07-13.42.49:243][772]LogModuleManager: Shutting down and abandoning module AnalyticsET (364)
[2018.07.07-13.42.49:243][772]LogModuleManager: Shutting down and abandoning module PortalServices (362)
[2018.07.07-13.42.49:243][772]LogModuleManager: Shutting down and abandoning module PortalRpc (360)
[2018.07.07-13.42.49:243][772]LogModuleManager: Shutting down and abandoning module MessagingRpc (358)
[2018.07.07-13.42.49:243][772]LogModuleManager: Shutting down and abandoning module AIModule (356)
[2018.07.07-13.42.49:243][772]LogModuleManager: Shutting down and abandoning module GameplayDebugger (355)
[2018.07.07-13.42.49:243][772]LogModuleManager: Shutting down and abandoning module AITestSuite (353)
[2018.07.07-13.42.49:243][772]LogModuleManager: Shutting down and abandoning module DesktopPlatform (350)
[2018.07.07-13.42.49:243][772]LogModuleManager: Shutting down and abandoning module ProfilerService (348)
[2018.07.07-13.42.49:251][772]LogModuleManager: Shutting down and abandoning module TaskGraph (346)
[2018.07.07-13.42.49:251][772]LogModuleManager: Shutting down and abandoning module SteamVRController (344)
[2018.07.07-13.42.49:251][772]LogModuleManager: Shutting down and abandoning module ProceduralMeshComponentEditor (342)
[2018.07.07-13.42.49:251][772]LogModuleManager: Shutting down and abandoning module ProceduralMeshComponent (340)
[2018.07.07-13.42.49:251][772]LogModuleManager: Shutting down and abandoning module OculusInput (338)
[2018.07.07-13.42.49:251][772]LogModuleManager: Shutting down and abandoning module MobilePatchingUtils (336)
[2018.07.07-13.42.49:251][772]LogModuleManager: Shutting down and abandoning module CustomMeshComponent (334)
[2018.07.07-13.42.49:251][772]LogModuleManager: Shutting down and abandoning module CableComponent (332)
[2018.07.07-13.42.49:251][772]LogModuleManager: Shutting down and abandoning module ArchVisCharacter (330)
[2018.07.07-13.42.49:251][772]LogModuleManager: Shutting down and abandoning module AndroidPermission (328)
[2018.07.07-13.42.49:251][772]LogModuleManager: Shutting down and abandoning module ActorSequence (324)
[2018.07.07-13.42.49:251][772]LogModuleManager: Shutting down and abandoning module MediaPlayerEditor (322)
[2018.07.07-13.42.49:251][772]LogModuleManager: Shutting down and abandoning module MediaCompositingEditor (320)
[2018.07.07-13.42.49:251][772]LogModuleManager: Shutting down and abandoning module MediaCompositing (318)
[2018.07.07-13.42.49:251][772]LogModuleManager: Shutting down and abandoning module HTML5Networking (316)
[2018.07.07-13.42.49:251][772]LogModuleManager: Shutting down and abandoning module AlembicImporter (314)
[2018.07.07-13.42.49:251][772]LogModuleManager: Shutting down and abandoning module AlembicLibrary (313)
[2018.07.07-13.42.49:251][772]LogModuleManager: Shutting down and abandoning module GeometryCache (312)
[2018.07.07-13.42.49:251][772]LogModuleManager: Shutting down and abandoning module GeometryCacheEd (311)
[2018.07.07-13.42.49:251][772]LogModuleManager: Shutting down and abandoning module SpeedTreeImporter (306)
[2018.07.07-13.42.49:251][772]LogModuleManager: Shutting down and abandoning module PluginBrowser (304)
[2018.07.07-13.42.49:251][772]LogModuleManager: Shutting down and abandoning module MobileLauncherProfileWizard (302)
[2018.07.07-13.42.49:251][772]LogModuleManager: Shutting down and abandoning module VisualStudioSourceCodeAccess (300)
[2018.07.07-13.42.49:251][772]LogModuleManager: Shutting down and abandoning module VisualStudioCodeSourceCodeAccess (298)
[2018.07.07-13.42.49:251][772]LogModuleManager: Shutting down and abandoning module UObjectPlugin (296)
[2018.07.07-13.42.49:252][772]LogModuleManager: Shutting down and abandoning module SubversionSourceControl (294)
[2018.07.07-13.42.49:252][772]LogModuleManager: Shutting down and abandoning module PerforceSourceControl (292)
[2018.07.07-13.42.49:252][772]LogModuleManager: Shutting down and abandoning module GitSourceControl (290)
[2018.07.07-13.42.49:252][772]LogModuleManager: Shutting down and abandoning module SourceControl (289)
[2018.07.07-13.42.49:252][772]LogModuleManager: Shutting down and abandoning module LightPropagationVolumeEditor (286)
[2018.07.07-13.42.49:252][772]LogModuleManager: Shutting down and abandoning module PaperTiledImporter (284)
[2018.07.07-13.42.49:252][772]LogModuleManager: Shutting down and abandoning module PaperSpriteSheetImporter (282)
[2018.07.07-13.42.49:252][772]LogModuleManager: Shutting down and abandoning module Paper2DEditor (280)
[2018.07.07-13.42.49:252][772]LogModuleManager: Shutting down and abandoning module MeshPaint (279)
[2018.07.07-13.42.49:252][772]LogModuleManager: Shutting down and abandoning module LevelEditor (277)
[2018.07.07-13.42.49:253][772]LogModuleManager: Shutting down and abandoning module PixelInspectorModule (276)
[2018.07.07-13.42.49:253][772]LogModuleManager: Shutting down and abandoning module MainFrame (274)
[2018.07.07-13.42.49:253][772]LogModuleManager: Shutting down and abandoning module HotReload (273)
[2018.07.07-13.42.49:254][772]LogModuleManager: Shutting down and abandoning module RuntimePhysXCooking (268)
[2018.07.07-13.42.49:254][772]LogModuleManager: Shutting down and abandoning module PhysXVehiclesEditor (266)
[2018.07.07-13.42.49:254][772]LogModuleManager: Shutting down and abandoning module PhysXVehicles (264)
[2018.07.07-13.42.49:254][772]LogModuleManager: Shutting down and abandoning module OculusEditor (262)
[2018.07.07-13.42.49:254][772]LogModuleManager: Shutting down and abandoning module LocationServicesBPLibrary (260)
[2018.07.07-13.42.49:254][772]LogModuleManager: Shutting down and abandoning module ImmediatePhysicsEditor (258)
[2018.07.07-13.42.49:254][772]LogModuleManager: Shutting down and abandoning module ImmediatePhysics (256)
[2018.07.07-13.42.49:254][772]LogModuleManager: Shutting down and abandoning module UdpMessaging (254)
[2018.07.07-13.42.49:354][772]LogModuleManager: Shutting down and abandoning module TcpMessaging (252)
[2018.07.07-13.42.49:570][772]LogModuleManager: Shutting down and abandoning module GameplayTagsEditor (250)
[2018.07.07-13.42.49:570][772]LogModuleManager: Shutting down and abandoning module FacialAnimationEditor (248)
[2018.07.07-13.42.49:570][772]LogModuleManager: Shutting down and abandoning module FacialAnimation (246)
[2018.07.07-13.42.49:570][772]LogModuleManager: Shutting down and abandoning module AssetManagerEditor (244)
[2018.07.07-13.42.49:570][772]LogModuleManager: Shutting down and abandoning module GraphEditor (243)
[2018.07.07-13.42.49:570][772]LogModuleManager: Shutting down and abandoning module ContentBrowser (241)
[2018.07.07-13.42.49:571][772]LogModuleManager: Shutting down and abandoning module LightPropagationVolumeRuntime (238)
[2018.07.07-13.42.49:571][772]LogModuleManager: Shutting down and abandoning module Paper2D (236)
[2018.07.07-13.42.49:571][772]LogModuleManager: Shutting down and abandoning module WindowsMoviePlayer (234)
[2018.07.07-13.42.49:571][772]LogModuleManager: Shutting down and abandoning module WmfMedia (232)
[2018.07.07-13.42.49:575][772]LogModuleManager: Shutting down and abandoning module ImgMedia (230)
[2018.07.07-13.42.49:575][772]LogModuleManager: Shutting down and abandoning module PacketHandler (228)
[2018.07.07-13.42.49:575][772]LogModuleManager: Shutting down and abandoning module ClothingSystemEditor (226)
[2018.07.07-13.42.49:575][772]LogModuleManager: Shutting down and abandoning module ClothingSystemRuntime (224)
[2018.07.07-13.42.49:575][772]LogModuleManager: Shutting down and abandoning module MediaAssets (222)
[2018.07.07-13.42.49:575][772]LogModuleManager: Shutting down and abandoning module Media (221)
[2018.07.07-13.42.49:581][772]LogModuleManager: Shutting down and abandoning module Overlay (218)
[2018.07.07-13.42.49:581][772]LogModuleManager: Shutting down and abandoning module OverlayEditor (217)
[2018.07.07-13.42.49:581][772]LogModuleManager: Shutting down and abandoning module VREditor (214)
[2018.07.07-13.42.49:581][772]LogModuleManager: Shutting down and abandoning module StringTableEditor (212)
[2018.07.07-13.42.49:581][772]LogModuleManager: Shutting down and abandoning module GameplayTasksEditor (210)
[2018.07.07-13.42.49:582][772]LogModuleManager: Shutting down and abandoning module BehaviorTreeEditor (208)
[2018.07.07-13.42.49:582][772]LogModuleManager: Shutting down and abandoning module FunctionalTesting (206)
[2018.07.07-13.42.49:582][772]LogModuleManager: Shutting down and abandoning module CollisionAnalyzer (204)
[2018.07.07-13.42.49:582][772]LogModuleManager: Shutting down and abandoning module WorkspaceMenuStructure (203)
[2018.07.07-13.42.49:582][772]LogModuleManager: Shutting down and abandoning module UMG (200)
[2018.07.07-13.42.49:582][772]LogModuleManager: Shutting down and abandoning module UMGEditor (199)
[2018.07.07-13.42.49:582][772]LogModuleManager: Shutting down and abandoning module Sequencer (198)
[2018.07.07-13.42.49:582][772]LogModuleManager: Shutting down and abandoning module MessageLog (195)
[2018.07.07-13.42.49:582][772]LogModuleManager: Shutting down and abandoning module SlateReflector (190)
[2018.07.07-13.42.49:582][772]LogModuleManager: Shutting down and abandoning module Slate (188)
[2018.07.07-13.42.49:582][772]LogModuleManager: Shutting down and abandoning module EditorStyle (186)
[2018.07.07-13.42.49:584][772]LogModuleManager: Shutting down and abandoning module MRMesh (184)
[2018.07.07-13.42.49:584][772]LogModuleManager: Shutting down and abandoning module SourceCodeAccess (182)
[2018.07.07-13.42.49:585][772]LogModuleManager: Shutting down and abandoning module HeadMountedDisplay (180)
[2018.07.07-13.42.49:585][772]LogModuleManager: Shutting down and abandoning module XAudio2 (178)
[2018.07.07-13.42.49:585][772]LogModuleManager: Shutting down and abandoning module Networking (176)
[2018.07.07-13.42.49:585][772]LogModuleManager: Shutting down and abandoning module Core (172)
[2018.07.07-13.42.49:585][772]LogModuleManager: Shutting down and abandoning module LevelSequence (168)
[2018.07.07-13.42.49:585][772]LogModuleManager: Shutting down and abandoning module DirectoryWatcher (166)
[2018.07.07-13.42.49:585][772]LogModuleManager: Shutting down and abandoning module KismetCompiler (164)
[2018.07.07-13.42.49:585][772]LogModuleManager: Shutting down and abandoning module MeshUtilities (162)
[2018.07.07-13.42.49:585][772]LogModuleManager: Shutting down and abandoning module MeshMergeUtilities (161)
[2018.07.07-13.42.49:585][772]LogModuleManager: Shutting down and abandoning module MeshReductionInterface (160)
[2018.07.07-13.42.49:585][772]LogModuleManager: Shutting down and abandoning module SimplygonSwarm (159)
[2018.07.07-13.42.49:585][772]LogModuleManager: Shutting down and abandoning module SimplygonMeshReduction (157)
[2018.07.07-13.42.49:585][772]LogModuleManager: Shutting down and abandoning module QuadricMeshReduction (155)
[2018.07.07-13.42.49:585][772]LogModuleManager: Shutting down and abandoning module MaterialBaking (151)
[2018.07.07-13.42.49:585][772]LogModuleManager: Shutting down and abandoning module DerivedDataCache (148)
[2018.07.07-13.42.49:659][772]LogDerivedDataCache: Shutdown
[2018.07.07-13.42.49:659][772]LogModuleManager: Shutting down and abandoning module TargetPlatform (146)
[2018.07.07-13.42.49:659][772]LogModuleManager: Shutting down and abandoning module VulkanShaderFormat (145)
[2018.07.07-13.42.49:659][772]LogModuleManager: Shutting down and abandoning module ShaderFormatVectorVM (143)
[2018.07.07-13.42.49:659][772]LogModuleManager: Shutting down and abandoning module ShaderFormatOpenGL (141)
[2018.07.07-13.42.49:659][772]LogModuleManager: Shutting down and abandoning module ShaderFormatD3D (139)
[2018.07.07-13.42.49:659][772]LogModuleManager: Shutting down and abandoning module MetalShaderFormat (137)
[2018.07.07-13.42.49:659][772]LogModuleManager: Shutting down and abandoning module TextureFormatUncompressed (135)
[2018.07.07-13.42.49:659][772]LogModuleManager: Shutting down and abandoning module TextureFormatPVR (133)
[2018.07.07-13.42.49:659][772]LogModuleManager: Shutting down and abandoning module TextureFormatDXT (131)
[2018.07.07-13.42.49:659][772]LogModuleManager: Shutting down and abandoning module TextureFormatIntelISPCTexComp (129)
[2018.07.07-13.42.49:659][772]LogModuleManager: Shutting down and abandoning module TextureFormatASTC (127)
[2018.07.07-13.42.49:659][772]LogModuleManager: Shutting down and abandoning module ImageWrapper (126)
[2018.07.07-13.42.49:659][772]LogModuleManager: Shutting down and abandoning module TextureFormatAndroid (123)
[2018.07.07-13.42.49:659][772]LogModuleManager: Shutting down and abandoning module AudioFormatOpus (121)
[2018.07.07-13.42.49:659][772]LogModuleManager: Shutting down and abandoning module AudioFormatOgg (119)
[2018.07.07-13.42.49:659][772]LogModuleManager: Shutting down and abandoning module AudioFormatADPCM (117)
[2018.07.07-13.42.49:659][772]LogModuleManager: Shutting down and abandoning module LinuxTargetPlatform (115)
[2018.07.07-13.42.49:660][772]LogModuleManager: Shutting down and abandoning module LinuxServerTargetPlatform (113)
[2018.07.07-13.42.49:660][772]LogModuleManager: Shutting down and abandoning module LinuxNoEditorTargetPlatform (111)
[2018.07.07-13.42.49:660][772]LogModuleManager: Shutting down and abandoning module LinuxClientTargetPlatform (109)
[2018.07.07-13.42.49:660][772]LogModuleManager: Shutting down and abandoning module TVOSTargetPlatform (107)
[2018.07.07-13.42.49:660][772]LogModuleManager: Shutting down and abandoning module Messaging (105)
[2018.07.07-13.42.49:660][772]LogModuleManager: Shutting down and abandoning module IOSTargetPlatform (103)
[2018.07.07-13.42.49:660][772]LogModuleManager: Shutting down and abandoning module HTML5TargetPlatform (101)
[2018.07.07-13.42.49:660][772]LogModuleManager: Shutting down and abandoning module AndroidTargetPlatform (99)
[2018.07.07-13.42.49:660][772]LogModuleManager: Shutting down and abandoning module Android_PVRTCTargetPlatform (97)
[2018.07.07-13.42.49:660][772]LogModuleManager: Shutting down and abandoning module Android_MultiTargetPlatform (95)
[2018.07.07-13.42.49:660][772]LogModuleManager: Shutting down and abandoning module Android_ETC2TargetPlatform (93)
[2018.07.07-13.42.49:660][772]LogModuleManager: Shutting down and abandoning module Android_ETC1TargetPlatform (91)
[2018.07.07-13.42.49:660][772]LogModuleManager: Shutting down and abandoning module Android_DXTTargetPlatform (89)
[2018.07.07-13.42.49:660][772]LogModuleManager: Shutting down and abandoning module Android_ATCTargetPlatform (87)
[2018.07.07-13.42.49:660][772]LogModuleManager: Shutting down and abandoning module Android_ASTCTargetPlatform (85)
[2018.07.07-13.42.49:660][772]LogModuleManager: Shutting down and abandoning module WindowsTargetPlatform (83)
[2018.07.07-13.42.49:660][772]LogModuleManager: Shutting down and abandoning module WindowsServerTargetPlatform (81)
[2018.07.07-13.42.49:660][772]LogModuleManager: Shutting down and abandoning module WindowsNoEditorTargetPlatform (79)
[2018.07.07-13.42.49:660][772]LogModuleManager: Shutting down and abandoning module WindowsClientTargetPlatform (77)
[2018.07.07-13.42.49:660][772]LogModuleManager: Shutting down and abandoning module MacTargetPlatform (75)
[2018.07.07-13.42.49:660][772]LogModuleManager: Shutting down and abandoning module MacServerTargetPlatform (73)
[2018.07.07-13.42.49:660][772]LogModuleManager: Shutting down and abandoning module MacNoEditorTargetPlatform (71)
[2018.07.07-13.42.49:661][772]LogModuleManager: Shutting down and abandoning module MacClientTargetPlatform (69)
[2018.07.07-13.42.49:661][772]LogModuleManager: Shutting down and abandoning module AllDesktopTargetPlatform (67)
[2018.07.07-13.42.49:661][772]LogModuleManager: Shutting down and abandoning module InputCore (64)
[2018.07.07-13.42.49:661][772]LogModuleManager: Shutting down and abandoning module Settings (62)
[2018.07.07-13.42.49:661][772]LogModuleManager: Shutting down and abandoning module PhysXCooking (60)
[2018.07.07-13.42.49:661][772]LogModuleManager: Shutting down and abandoning module SteamVR (58)
[2018.07.07-13.42.49:661][772]LogModuleManager: Shutting down and abandoning module OculusHMD (56)
[2018.07.07-13.42.49:661][772]LogModuleManager: Shutting down and abandoning module ExampleDeviceProfileSelector (54)
[2018.07.07-13.42.49:661][772]LogModuleManager: Shutting down and abandoning module AppleARKit (52)
[2018.07.07-13.42.49:661][772]LogModuleManager: Shutting down and abandoning module AugmentedReality (51)
[2018.07.07-13.42.49:661][772]LogModuleManager: Shutting down and abandoning module OnlineBlueprintSupport (48)
[2018.07.07-13.42.49:661][772]LogModuleManager: Shutting down and abandoning module OnlineSubsystem (44)
[2018.07.07-13.42.49:661][772]LogModuleManager: Shutting down and abandoning module XMPP (43)
[2018.07.07-13.42.49:661][772]LogModuleManager: Shutting down and abandoning module HTTP (41)
[2018.07.07-13.42.49:661][772]LogHttp: Display: Http module shutting down, but needs to wait on 1 outstanding Http requests:
[2018.07.07-13.42.49:661][772]LogHttp: Display: 	verb=[POST] url=[https://datarouter.ol.epicgames.com/datarouter/api/v1/public/data?SessionID=%7B53AFB8CF-4F77-2103-7C80-91A08CCDB6E3%7D&AppID=UEEditor.Rocket.Release&AppVersion=4.18.3-3832480%2B%2B%2BUE4%2BRelease-4.18&UserID=1ebe7c9f419cbadf5adb74a8a2780d1f%7Cba30e8b4bf4147f2b3fe4f9db937e342%7C15207729-934e-4917-9b76-16ad347edb84&AppEnvironment=datacollector-binary&UploadType=eteventstream] status=Processing
[2018.07.07-13.42.49:685][772]LogModuleManager: Shutting down and abandoning module SSL (40)
[2018.07.07-13.42.49:686][772]LogModuleManager: Shutting down and abandoning module AnimationModifiers (36)
[2018.07.07-13.42.49:686][772]LogModuleManager: Shutting down and abandoning module PropertyEditor (35)
[2018.07.07-13.42.49:686][772]LogModuleManager: Shutting down and abandoning module AudioEditor (32)
[2018.07.07-13.42.49:686][772]LogModuleManager: Shutting down and abandoning module TextureCompressor (30)
[2018.07.07-13.42.49:686][772]LogModuleManager: Shutting down and abandoning module ShaderCore (28)
[2018.07.07-13.42.49:686][772]LogModuleManager: Shutting down and abandoning module Landscape (26)
[2018.07.07-13.42.49:686][772]LogModuleManager: Shutting down and abandoning module SlateRHIRenderer (24)
[2018.07.07-13.42.49:688][772]LogModuleManager: Shutting down and abandoning module OpenGLDrv (22)
[2018.07.07-13.42.49:688][772]LogModuleManager: Shutting down and abandoning module D3D11RHI (20)
[2018.07.07-13.42.49:688][772]LogModuleManager: Shutting down and abandoning module AnimGraphRuntime (18)
[2018.07.07-13.42.49:688][772]LogModuleManager: Shutting down and abandoning module Renderer (16)
[2018.07.07-13.42.49:688][772]LogModuleManager: Shutting down and abandoning module Engine (14)
[2018.07.07-13.42.49:688][772]LogModuleManager: Shutting down and abandoning module CoreUObject (12)
[2018.07.07-13.42.49:688][772]LogModuleManager: Shutting down and abandoning module NetworkFile (10)
[2018.07.07-13.42.49:688][772]LogModuleManager: Shutting down and abandoning module CookedIterativeFile (8)
[2018.07.07-13.42.49:688][772]LogModuleManager: Shutting down and abandoning module StreamingFile (6)
[2018.07.07-13.42.49:688][772]LogModuleManager: Shutting down and abandoning module SandboxFile (4)
[2018.07.07-13.42.49:688][772]LogModuleManager: Shutting down and abandoning module PakFile (2)
[2018.07.07-13.42.49:692][772]LogExit: Exiting.
[2018.07.07-13.42.49:699][772]Log file closed, 07/07/18 22:42:49
