Log file open, 07/04/18 10:42:46
LogWindows: Failed to load 'aqProf.dll' (GetLastError=126)
LogWindows: File 'aqProf.dll' does not exist
LogWindows: Failed to load 'VSPerf140.dll' (GetLastError=126)
LogWindows: File 'VSPerf140.dll' does not exist
LogWindows: Failed to load 'VtuneApi.dll' (GetLastError=126)
LogWindows: File 'VtuneApi.dll' does not exist
LogWindows: Failed to load 'VtuneApi32e.dll' (GetLastError=126)
LogWindows: File 'VtuneApi32e.dll' does not exist
LogInit: Display: Running engine for game: practice2_retry
LogPlatformFile: Not using cached read wrapper
LogInit: Display: RandInit(-1012306835) SRandInit(-1012306835).
LogInit: Read version file with build ID '3709383'
LogInit: Overriding engine version to CL 3832480, compatible CL 3709383
LogInit: Registered custom module enumerator with build ID '3709383'
LogTaskGraph: Started task graph with 5 named threads and 14 total threads with 3 sets of task threads.
LogStats: Stats thread started at 0.179876
LogD3D11RHI: Aftermath initialized
LogModuleManager: Display: Found up-to-date module file ../../../Engine/Plugins/2D/Paper2D/Binaries/Win64/UE4Editor-Paper2D.dll (API version 3709383).
LogModuleManager: Display: Found up-to-date module file ../../../Engine/Plugins/2D/Paper2D/Binaries/Win64/UE4Editor-Paper2DEditor.dll (API version 3709383).
LogModuleManager: Display: Found up-to-date module file ../../../Engine/Plugins/2D/Paper2D/Binaries/Win64/UE4Editor-PaperSpriteSheetImporter.dll (API version 3709383).
LogModuleManager: Display: Found up-to-date module file ../../../Engine/Plugins/2D/Paper2D/Binaries/Win64/UE4Editor-PaperTiledImporter.dll (API version 3709383).
LogModuleManager: Display: Found up-to-date module file ../../../Engine/Plugins/2D/Paper2D/Binaries/Win64/UE4Editor-SmartSnapping.dll (API version 3709383).
LogModuleManager: Display: Found up-to-date module file ../../../Engine/Plugins/Blendables/LightPropagationVolume/Binaries/Win64/UE4Editor-LightPropagationVolumeRuntime.dll (API version 3709383).
LogModuleManager: Display: Found up-to-date module file ../../../Engine/Plugins/Blendables/LightPropagationVolume/Binaries/Win64/UE4Editor-LightPropagationVolumeEditor.dll (API version 3709383).
LogModuleManager: Display: Found up-to-date module file ../../../Engine/Plugins/Developer/GitSourceControl/Binaries/Win64/UE4Editor-GitSourceControl.dll (API version 3709383).
LogModuleManager: Display: Found up-to-date module file ../../../Engine/Plugins/Developer/PerforceSourceControl/Binaries/Win64/UE4Editor-PerforceSourceControl.dll (API version 3709383).
LogModuleManager: Display: Found up-to-date module file ../../../Engine/Plugins/Developer/SubversionSourceControl/Binaries/Win64/UE4Editor-SubversionSourceControl.dll (API version 3709383).
LogModuleManager: Display: Found up-to-date module file ../../../Engine/Plugins/Developer/UObjectPlugin/Binaries/Win64/UE4Editor-UObjectPlugin.dll (API version 3709383).
LogModuleManager: Display: Found up-to-date module file ../../../Engine/Plugins/Developer/VisualStudioCodeSourceCodeAccess/Binaries/Win64/UE4Editor-VisualStudioCodeSourceCodeAccess.dll (API version 3709383).
LogModuleManager: Display: Found up-to-date module file ../../../Engine/Plugins/Developer/VisualStudioSourceCodeAccess/Binaries/Win64/UE4Editor-VisualStudioSourceCodeAccess.dll (API version 3709383).
LogModuleManager: Display: Found up-to-date module file ../../../Engine/Plugins/Editor/AssetManagerEditor/Binaries/Win64/UE4Editor-AssetManagerEditor.dll (API version 3709383).
LogModuleManager: Display: Found up-to-date module file ../../../Engine/Plugins/Editor/AudioCapture/Binaries/Win64/UE4Editor-AudioCapture.dll (API version 3709383).
LogModuleManager: Display: Found up-to-date module file ../../../Engine/Plugins/Editor/FacialAnimation/Binaries/Win64/UE4Editor-FacialAnimation.dll (API version 3709383).
LogModuleManager: Display: Found up-to-date module file ../../../Engine/Plugins/Editor/FacialAnimation/Binaries/Win64/UE4Editor-FacialAnimationEditor.dll (API version 3709383).
LogModuleManager: Display: Found up-to-date module file ../../../Engine/Plugins/Editor/GameplayTagsEditor/Binaries/Win64/UE4Editor-GameplayTagsEditor.dll (API version 3709383).
LogModuleManager: Display: Found up-to-date module file ../../../Engine/Plugins/Editor/MobileLauncherProfileWizard/Binaries/Win64/UE4Editor-MobileLauncherProfileWizard.dll (API version 3709383).
LogModuleManager: Display: Found up-to-date module file ../../../Engine/Plugins/Editor/PluginBrowser/Binaries/Win64/UE4Editor-PluginBrowser.dll (API version 3709383).
LogModuleManager: Display: Found up-to-date module file ../../../Engine/Plugins/Editor/SpeedTreeImporter/Binaries/Win64/UE4Editor-SpeedTreeImporter.dll (API version 3709383).
LogModuleManager: Display: Found up-to-date module file ../../../Engine/Plugins/Experimental/AlembicImporter/Binaries/Win64/UE4Editor-AlembicImporter.dll (API version 3709383).
LogModuleManager: Display: Found up-to-date module file ../../../Engine/Plugins/Experimental/AlembicImporter/Binaries/Win64/UE4Editor-AlembicLibrary.dll (API version 3709383).
LogModuleManager: Display: Found up-to-date module file ../../../Engine/Plugins/Experimental/CharacterAI/Binaries/Win64/UE4Editor-CharacterAI.dll (API version 3709383).
LogModuleManager: Display: Found up-to-date module file ../../../Engine/Plugins/Experimental/HTML5Networking/Binaries/Win64/UE4Editor-HTML5Networking.dll (API version 3709383).
LogModuleManager: Display: Found up-to-date module file ../../../Engine/Plugins/Media/AndroidMedia/Binaries/Win64/UE4Editor-AndroidMediaEditor.dll (API version 3709383).
LogModuleManager: Display: Found up-to-date module file ../../../Engine/Plugins/Media/AndroidMedia/Binaries/Win64/UE4Editor-AndroidMediaFactory.dll (API version 3709383).
LogModuleManager: Display: Found up-to-date module file ../../../Engine/Plugins/Media/AvfMedia/Binaries/Win64/UE4Editor-AvfMediaEditor.dll (API version 3709383).
LogModuleManager: Display: Found up-to-date module file ../../../Engine/Plugins/Media/AvfMedia/Binaries/Win64/UE4Editor-AvfMediaFactory.dll (API version 3709383).
LogModuleManager: Display: Found up-to-date module file ../../../Engine/Plugins/Media/AvfMedia/Binaries/Win64/UE4Editor-AvfMediaFactory.dll (API version 3709383).
LogModuleManager: Display: Found up-to-date module file ../../../Engine/Plugins/Media/ImgMedia/Binaries/Win64/UE4Editor-ImgMedia.dll (API version 3709383).
LogModuleManager: Display: Found up-to-date module file ../../../Engine/Plugins/Media/ImgMedia/Binaries/Win64/UE4Editor-ImgMediaEditor.dll (API version 3709383).
LogModuleManager: Display: Found up-to-date module file ../../../Engine/Plugins/Media/ImgMedia/Binaries/Win64/UE4Editor-ImgMediaFactory.dll (API version 3709383).
LogModuleManager: Display: Found up-to-date module file ../../../Engine/Plugins/Media/ImgMedia/Binaries/Win64/UE4Editor-ImgMediaFactory.dll (API version 3709383).
LogModuleManager: Display: Found up-to-date module file ../../../Engine/Plugins/Media/ImgMedia/Binaries/Win64/UE4Editor-OpenExrWrapper.dll (API version 3709383).
LogModuleManager: Display: Found up-to-date module file ../../../Engine/Plugins/Media/MediaCompositing/Binaries/Win64/UE4Editor-MediaCompositing.dll (API version 3709383).
LogModuleManager: Display: Found up-to-date module file ../../../Engine/Plugins/Media/MediaCompositing/Binaries/Win64/UE4Editor-MediaCompositingEditor.dll (API version 3709383).
LogModuleManager: Display: Found up-to-date module file ../../../Engine/Plugins/Media/MediaPlayerEditor/Binaries/Win64/UE4Editor-MediaPlayerEditor.dll (API version 3709383).
LogModuleManager: Display: Found up-to-date module file ../../../Engine/Plugins/Media/WmfMedia/Binaries/Win64/UE4Editor-WmfMedia.dll (API version 3709383).
LogModuleManager: Display: Found up-to-date module file ../../../Engine/Plugins/Media/WmfMedia/Binaries/Win64/UE4Editor-WmfMediaEditor.dll (API version 3709383).
LogModuleManager: Display: Found up-to-date module file ../../../Engine/Plugins/Media/WmfMedia/Binaries/Win64/UE4Editor-WmfMediaFactory.dll (API version 3709383).
LogModuleManager: Display: Found up-to-date module file ../../../Engine/Plugins/Media/WmfMedia/Binaries/Win64/UE4Editor-WmfMediaFactory.dll (API version 3709383).
LogModuleManager: Display: Found up-to-date module file ../../../Engine/Plugins/Messaging/TcpMessaging/Binaries/Win64/UE4Editor-TcpMessaging.dll (API version 3709383).
LogModuleManager: Display: Found up-to-date module file ../../../Engine/Plugins/Messaging/UdpMessaging/Binaries/Win64/UE4Editor-UdpMessaging.dll (API version 3709383).
LogModuleManager: Display: Found up-to-date module file ../../../Engine/Plugins/MovieScene/ActorSequence/Binaries/Win64/UE4Editor-ActorSequence.dll (API version 3709383).
LogModuleManager: Display: Found up-to-date module file ../../../Engine/Plugins/MovieScene/LevelSequenceEditor/Binaries/Win64/UE4Editor-LevelSequenceEditor.dll (API version 3709383).
LogModuleManager: Display: Found up-to-date module file ../../../Engine/Plugins/MovieScene/MatineeToLevelSequence/Binaries/Win64/UE4Editor-MatineeToLevelSequence.dll (API version 3709383).
LogModuleManager: Display: Found up-to-date module file ../../../Engine/Plugins/Online/OnlineSubsystem/Binaries/Win64/UE4Editor-OnlineSubsystem.dll (API version 3709383).
LogModuleManager: Display: Found up-to-date module file ../../../Engine/Plugins/Runtime/AndroidPermission/Binaries/Win64/UE4Editor-AndroidPermission.dll (API version 3709383).
LogModuleManager: Display: Found up-to-date module file ../../../Engine/Plugins/Online/OnlineSubsystemNull/Binaries/Win64/UE4Editor-OnlineSubsystemNull.dll (API version 3709383).
LogModuleManager: Display: Found up-to-date module file ../../../Engine/Plugins/Online/OnlineSubsystemUtils/Binaries/Win64/UE4Editor-OnlineSubsystemUtils.dll (API version 3709383).
LogModuleManager: Display: Found up-to-date module file ../../../Engine/Plugins/Online/OnlineSubsystemUtils/Binaries/Win64/UE4Editor-OnlineBlueprintSupport.dll (API version 3709383).
LogModuleManager: Display: Found up-to-date module file ../../../Engine/Plugins/Runtime/AndroidDeviceProfileSelector/Binaries/Win64/UE4Editor-AndroidDeviceProfileSelector.dll (API version 3709383).
LogModuleManager: Display: Found up-to-date module file ../../../Engine/Plugins/Runtime/AppleARKit/Binaries/Win64/UE4Editor-AppleARKit.dll (API version 3709383).
LogModuleManager: Display: Found up-to-date module file ../../../Engine/Plugins/Runtime/ArchVisCharacter/Binaries/Win64/UE4Editor-ArchVisCharacter.dll (API version 3709383).
LogModuleManager: Display: Found up-to-date module file ../../../Engine/Plugins/Runtime/CableComponent/Binaries/Win64/UE4Editor-CableComponent.dll (API version 3709383).
LogModuleManager: Display: Found up-to-date module file ../../../Engine/Plugins/Runtime/CustomMeshComponent/Binaries/Win64/UE4Editor-CustomMeshComponent.dll (API version 3709383).
LogModuleManager: Display: Found up-to-date module file ../../../Engine/Plugins/Runtime/ExampleDeviceProfileSelector/Binaries/Win64/UE4Editor-ExampleDeviceProfileSelector.dll (API version 3709383).
LogModuleManager: Display: Found up-to-date module file ../../../Engine/Plugins/Runtime/ImmediatePhysics/Binaries/Win64/UE4Editor-ImmediatePhysics.dll (API version 3709383).
LogModuleManager: Display: Found up-to-date module file ../../../Engine/Plugins/Runtime/ImmediatePhysics/Binaries/Win64/UE4Editor-ImmediatePhysicsEditor.dll (API version 3709383).
LogModuleManager: Display: Found up-to-date module file ../../../Engine/Plugins/Runtime/LocationServicesBPLibrary/Binaries/Win64/UE4Editor-LocationServicesBPLibrary.dll (API version 3709383).
LogModuleManager: Display: Found up-to-date module file ../../../Engine/Plugins/Runtime/MobilePatchingUtils/Binaries/Win64/UE4Editor-MobilePatchingUtils.dll (API version 3709383).
LogModuleManager: Display: Found up-to-date module file ../../../Engine/Plugins/Runtime/Oculus/OculusVR/Binaries/Win64/UE4Editor-OculusHMD.dll (API version 3709383).
LogModuleManager: Display: Found up-to-date module file ../../../Engine/Plugins/Runtime/Oculus/OculusVR/Binaries/Win64/UE4Editor-OculusInput.dll (API version 3709383).
LogModuleManager: Display: Found up-to-date module file ../../../Engine/Plugins/Runtime/Oculus/OculusVR/Binaries/Win64/UE4Editor-OculusEditor.dll (API version 3709383).
LogModuleManager: Display: Found up-to-date module file ../../../Engine/Plugins/Runtime/PhysXVehicles/Binaries/Win64/UE4Editor-PhysXVehicles.dll (API version 3709383).
LogModuleManager: Display: Found up-to-date module file ../../../Engine/Plugins/Runtime/PhysXVehicles/Binaries/Win64/UE4Editor-PhysXVehiclesEditor.dll (API version 3709383).
LogModuleManager: Display: Found up-to-date module file ../../../Engine/Plugins/Runtime/ProceduralMeshComponent/Binaries/Win64/UE4Editor-ProceduralMeshComponent.dll (API version 3709383).
LogModuleManager: Display: Found up-to-date module file ../../../Engine/Plugins/Runtime/ProceduralMeshComponent/Binaries/Win64/UE4Editor-ProceduralMeshComponentEditor.dll (API version 3709383).
LogModuleManager: Display: Found up-to-date module file ../../../Engine/Plugins/Runtime/RuntimePhysXCooking/Binaries/Win64/UE4Editor-RuntimePhysXCooking.dll (API version 3709383).
LogModuleManager: Display: Found up-to-date module file ../../../Engine/Plugins/Runtime/Steam/SteamVR/Binaries/Win64/UE4Editor-SteamVR.dll (API version 3709383).
LogModuleManager: Display: Found up-to-date module file ../../../Engine/Plugins/Runtime/Steam/SteamVR/Binaries/Win64/UE4Editor-SteamVRController.dll (API version 3709383).
LogModuleManager: Display: Found up-to-date module file ../../../Engine/Plugins/Runtime/WindowsMoviePlayer/Binaries/Win64/UE4Editor-WindowsMoviePlayer.dll (API version 3709383).
LogPluginManager: Mounting plugin Paper2D
LogPluginManager: Mounting plugin LightPropagationVolume
LogPluginManager: Mounting plugin CodeLiteSourceCodeAccess
LogPluginManager: Mounting plugin GitSourceControl
LogPluginManager: Mounting plugin KDevelopSourceCodeAccess
LogPluginManager: Mounting plugin NullSourceCodeAccess
LogPluginManager: Mounting plugin PerforceSourceControl
LogPluginManager: Mounting plugin SubversionSourceControl
LogPluginManager: Mounting plugin UObjectPlugin
LogPluginManager: Mounting plugin VisualStudioCodeSourceCodeAccess
LogPluginManager: Mounting plugin VisualStudioSourceCodeAccess
LogPluginManager: Mounting plugin XCodeSourceCodeAccess
LogPluginManager: Mounting plugin AssetManagerEditor
LogPluginManager: Mounting plugin AudioCapture
LogPluginManager: Mounting plugin FacialAnimation
LogPluginManager: Mounting plugin GameplayTagsEditor
LogPluginManager: Mounting plugin MobileLauncherProfileWizard
LogPluginManager: Mounting plugin PluginBrowser
LogPluginManager: Mounting plugin SpeedTreeImporter
LogPluginManager: Mounting plugin AlembicImporter
LogPluginManager: Mounting plugin CharacterAI
LogPluginManager: Mounting plugin HTML5Networking
LogPluginManager: Mounting plugin AndroidMedia
LogPluginManager: Mounting plugin AvfMedia
LogPluginManager: Mounting plugin ImgMedia
LogPluginManager: Mounting plugin MediaCompositing
LogPluginManager: Mounting plugin MediaPlayerEditor
LogPluginManager: Mounting plugin WmfMedia
LogPluginManager: Mounting plugin TcpMessaging
LogPluginManager: Mounting plugin UdpMessaging
LogPluginManager: Mounting plugin ActorSequence
LogPluginManager: Mounting plugin LevelSequenceEditor
LogPluginManager: Mounting plugin MatineeToLevelSequence
LogPluginManager: Mounting plugin OnlineSubsystemGooglePlay
LogPluginManager: Mounting plugin OnlineSubsystemIOS
LogPluginManager: Mounting plugin OnlineSubsystem
LogPluginManager: Mounting plugin OnlineSubsystemNull
LogPluginManager: Mounting plugin OnlineSubsystemUtils
LogPluginManager: Mounting plugin AndroidDeviceProfileSelector
LogPluginManager: Mounting plugin AndroidMoviePlayer
LogPluginManager: Mounting plugin AndroidPermission
LogPluginManager: Mounting plugin AppleARKit
LogPluginManager: Mounting plugin AppleMoviePlayer
LogPluginManager: Mounting plugin ArchVisCharacter
LogPluginManager: Mounting plugin CableComponent
LogPluginManager: Mounting plugin CustomMeshComponent
LogPluginManager: Mounting plugin ExampleDeviceProfileSelector
LogPluginManager: Mounting plugin GoogleCloudMessaging
LogPluginManager: Mounting plugin ImmediatePhysics
LogPluginManager: Mounting plugin IOSDeviceProfileSelector
LogPluginManager: Mounting plugin LinuxDeviceProfileSelector
LogPluginManager: Mounting plugin LocationServicesBPLibrary
LogPluginManager: Mounting plugin MobilePatchingUtils
LogPluginManager: Mounting plugin OculusVR
LogPluginManager: Plugin shader directory ../../../Engine/Plugins/Runtime/Oculus/OculusVR/Shaders found
LogPluginManager: Mapping shader source directory ../../../Engine/Plugins/Runtime/Oculus/OculusVR/Shaders to virtual directory /Plugin/OculusVR
LogPluginManager: Mounting plugin PhysXVehicles
LogPluginManager: Mounting plugin ProceduralMeshComponent
LogPluginManager: Mounting plugin RuntimePhysXCooking
LogPluginManager: Mounting plugin SteamVR
LogPluginManager: Mounting plugin WindowsMoviePlayer
LogInit: Using libcurl 7.47.1
LogInit:  - built for x86_64-pc-win32
LogInit:  - supports SSL with OpenSSL/1.0.2g
LogInit:  - supports HTTP deflate (compression) using libz 1.2.8
LogInit:  - other features:
LogInit:      CURL_VERSION_SSL
LogInit:      CURL_VERSION_LIBZ
LogInit:      CURL_VERSION_IPV6
LogInit:      CURL_VERSION_ASYNCHDNS
LogInit:      CURL_VERSION_LARGEFILE
LogInit:      CURL_VERSION_IDN
LogInit:  CurlRequestOptions (configurable via config and command line):
LogInit:  - bVerifyPeer = false  - Libcurl will NOT verify peer certificate
LogInit:  - bUseHttpProxy = false  - Libcurl will NOT use HTTP proxy
LogInit:  - bDontReuseConnections = false  - Libcurl will reuse connections
LogInit:  - CertBundlePath = nullptr  - Libcurl will use whatever was configured at build time.
LogInit: Build: ++UE4+Release-4.18-CL-3832480
LogInit: Engine Version: 4.18.3-3832480+++UE4+Release-4.18
LogInit: Compatible Engine Version: 4.18.0-3709383+++UE4+Release-4.18
LogInit: Net CL: 3709383
LogDevObjectVersion: Number of dev versions registered: 16
LogDevObjectVersion:   Dev-Blueprints (B0D832E4-1F89-4F0D-ACCF-7EB736FD4AA2): 10
LogDevObjectVersion:   Dev-Build (E1C64328-A22C-4D53-A36C-8E866417BD8C): 0
LogDevObjectVersion:   Dev-Core (375EC13C-06E4-48FB-B500-84F0262A717E): 2
LogDevObjectVersion:   Dev-Editor (E4B068ED-F494-42E9-A231-DA0B2E46BB41): 20
LogDevObjectVersion:   Dev-Framework (CFFC743F-43B0-4480-9391-14DF171D2073): 30
LogDevObjectVersion:   Dev-Mobile (B02B49B5-BB20-44E9-A304-32B752E40360): 0
LogDevObjectVersion:   Dev-Networking (A4E4105C-59A1-49B5-A7C5-40C4547EDFEE): 0
LogDevObjectVersion:   Dev-Online (39C831C9-5AE6-47DC-9A44-9C173E1C8E7C): 0
LogDevObjectVersion:   Dev-Physics (78F01B33-EBEA-4F98-B9B4-84EACCB95AA2): 0
LogDevObjectVersion:   Dev-Platform (6631380F-2D4D-43E0-8009-CF276956A95A): 0
LogDevObjectVersion:   Dev-Rendering (12F88B9F-8875-4AFC-A67C-D90C383ABD29): 20
LogDevObjectVersion:   Dev-Sequencer (7B5AE74C-D270-4C10-A958-57980B212A5A): 4
LogDevObjectVersion:   Dev-VR (D7296918-1DD6-4BDD-9DE2-64A83CC13884): 0
LogDevObjectVersion:   Dev-LoadTimes (C2A15278-BFE7-4AFE-6C17-90FF531DF755): 1
LogDevObjectVersion:   Private-Geometry (6EACA3D4-40EC-4CC1-B786-8BED09428FC5): 1
LogDevObjectVersion:   Dev-AnimPhys (29E575DD-E0A3-4627-9D10-D276232CDCEA): 12
LogInit: Compiled (64-bit): Jan 12 2018 02:04:55
LogInit: Compiled with Visual C++: 19.00.24215.01
LogInit: Build Configuration: Development
LogInit: Branch Name: ++UE4+Release-4.18
LogInit: Command line: -EpicPortal 
LogInit: Base directory: C:/Program Files/Epic Games/UE_4.18/Engine/Binaries/Win64/
LogInit: Installed Engine Build: 1
LogInit: Presizing for max 8388607 objects, including 0 objects not considered by GC, pre-allocating 0 bytes for permanent pool.
LogInit: Object subsystem initialized
[2018.07.04-01.42.48:620][  0]LogInit: Selected Device Profile: [Windows]
[2018.07.04-01.42.48:620][  0]LogInit: Applying CVar settings loaded from the selected device profile: [Windows]
[2018.07.04-01.42.48:642][  0]LogInit: Computer: JU-LAPTOP
[2018.07.04-01.42.48:642][  0]LogInit: User: skuin
[2018.07.04-01.42.48:642][  0]LogInit: CPU Page size=4096, Cores=4
[2018.07.04-01.42.48:642][  0]LogInit: High frequency timer resolution =1.757809 MHz
[2018.07.04-01.42.48:642][  0]LogMemory: Memory total: Physical=7.9GB (8GB approx)
[2018.07.04-01.42.48:642][  0]LogMemory: Platform Memory Stats for Windows
[2018.07.04-01.42.48:642][  0]LogMemory: Process Physical Memory: 274.13 MB used, 274.13 MB peak
[2018.07.04-01.42.48:642][  0]LogMemory: Process Virtual Memory: 269.88 MB used, 269.88 MB peak
[2018.07.04-01.42.48:642][  0]LogMemory: Physical Memory: 3871.00 MB used,  4177.86 MB free, 8048.86 MB total
[2018.07.04-01.42.48:642][  0]LogMemory: Virtual Memory: 4778.43 MB used,  4177.86 MB free, 134217728.00 MB total
[2018.07.04-01.42.48:925][  0]LogInit: Using OS detected language (ko-KR).
[2018.07.04-01.42.48:925][  0]LogInit: Using OS detected locale (ko-KR).
[2018.07.04-01.42.48:928][  0]LogTextLocalizationManager: No specific localization for 'ko-KR' exists, so the 'ko' localization will be used.
[2018.07.04-01.42.49:092][  0]LogInit: Setting process to per monitor DPI aware
[2018.07.04-01.42.49:436][  0]LogD3D11RHI: D3D11 adapters:
[2018.07.04-01.42.49:506][  0]LogD3D11RHI:    0. 'NVIDIA GeForce MX150' (Feature Level 11_0)
[2018.07.04-01.42.49:506][  0]LogD3D11RHI:       1983/0/4024 MB DedicatedVideo/DedicatedSystem/SharedSystem, Outputs:1, VendorId:0x10de
[2018.07.04-01.42.49:519][  0]LogD3D11RHI:    1. 'Intel(R) UHD Graphics 620' (Feature Level 11_0)
[2018.07.04-01.42.49:519][  0]LogD3D11RHI:       128/0/4024 MB DedicatedVideo/DedicatedSystem/SharedSystem, Outputs:0, VendorId:0x8086
[2018.07.04-01.42.49:521][  0]LogD3D11RHI:    2. 'Microsoft Basic Render Driver' (Feature Level 11_0)
[2018.07.04-01.42.49:521][  0]LogD3D11RHI:       0/0/4024 MB DedicatedVideo/DedicatedSystem/SharedSystem, Outputs:0, VendorId:0x1414
[2018.07.04-01.42.49:521][  0]LogD3D11RHI: Chosen D3D11 Adapter: 0
[2018.07.04-01.42.49:535][  0]LogD3D11RHI: Creating new Direct3DDevice
[2018.07.04-01.42.49:535][  0]LogD3D11RHI:     GPU DeviceId: 0x1d10 (for the marketing name, search the web for "GPU Device Id")
[2018.07.04-01.42.49:535][  0]LogWindows: EnumDisplayDevices:
[2018.07.04-01.42.49:535][  0]LogWindows:    0. 'Intel(R) UHD Graphics 620' (P:1 D:1)
[2018.07.04-01.42.49:536][  0]LogWindows:    1. 'Intel(R) UHD Graphics 620' (P:0 D:0)
[2018.07.04-01.42.49:536][  0]LogWindows:    2. 'Intel(R) UHD Graphics 620' (P:0 D:0)
[2018.07.04-01.42.49:536][  0]LogWindows: DebugString: GetVideoDriverDetailsInvalid PrimaryIsNotTheChoosenAdapter GetVideoDriverDetailsInvalid PrimaryIsNotTheChoosenAdapter GetVideoDriverDetailsInvalid PrimaryIsNotTheChoosenAdapter FoundDriverCount:0 
[2018.07.04-01.42.49:536][  0]LogD3D11RHI:     Adapter Name: NVIDIA GeForce MX150
[2018.07.04-01.42.49:536][  0]LogD3D11RHI:   Driver Version: Unknown (internal:Unknown, unified:Unknown)
[2018.07.04-01.42.49:536][  0]LogD3D11RHI:      Driver Date: Unknown
[2018.07.04-01.42.49:536][  0]LogRHI: Texture pool is 1388 MB (70% of 1983 MB)
[2018.07.04-01.42.49:571][  0]LogD3D11RHI: Async texture creation enabled
[2018.07.04-01.42.49:588][  0]LogD3D11RHI: GPU Timing Frequency: 1000.000000 (Debug: 2 2)
[2018.07.04-01.42.49:589][  0]LogShaderCompilers: Guid format shader working directory is -9 characters bigger than the processId version (../../../../../../UE4_Project/UE4_Study/practice2_retry/Intermediate/Shaders/WorkingDirectory/3172/).
[2018.07.04-01.42.49:589][  0]LogShaderCompilers: Cleaned the shader compiler working directory 'C:/Users/skuin/AppData/Local/Temp/UnrealShaderWorkingDir/1F60BE4443FC9A0FDEB2BD86D9682C60/'.
[2018.07.04-01.42.49:589][  0]LogShaderCompilers: Display: Using Local Shader Compiler.
[2018.07.04-01.42.50:595][  0]LogTemp: Display: Loaded TP AllDesktopTargetPlatform
[2018.07.04-01.42.50:681][  0]LogTemp: Display: Loaded TP MacClientTargetPlatform
[2018.07.04-01.42.50:767][  0]LogTemp: Display: Loaded TP MacNoEditorTargetPlatform
[2018.07.04-01.42.50:853][  0]LogTemp: Display: Loaded TP MacServerTargetPlatform
[2018.07.04-01.42.50:937][  0]LogTemp: Display: Loaded TP MacTargetPlatform
[2018.07.04-01.42.51:022][  0]LogTemp: Display: Loaded TP WindowsClientTargetPlatform
[2018.07.04-01.42.51:109][  0]LogTemp: Display: Loaded TP WindowsNoEditorTargetPlatform
[2018.07.04-01.42.51:196][  0]LogTemp: Display: Loaded TP WindowsServerTargetPlatform
[2018.07.04-01.42.51:274][  0]LogTemp: Display: Loaded TP WindowsTargetPlatform
[2018.07.04-01.42.51:359][  0]LogTemp: Display: Loaded TP Android_ASTCTargetPlatform
[2018.07.04-01.42.51:443][  0]LogTemp: Display: Loaded TP Android_ATCTargetPlatform
[2018.07.04-01.42.51:528][  0]LogTemp: Display: Loaded TP Android_DXTTargetPlatform
[2018.07.04-01.42.51:612][  0]LogTemp: Display: Loaded TP Android_ETC1TargetPlatform
[2018.07.04-01.42.51:696][  0]LogTemp: Display: Loaded TP Android_ETC2TargetPlatform
[2018.07.04-01.42.51:865][  0]LogTemp: Display: Loaded TP Android_MultiTargetPlatform
[2018.07.04-01.42.51:865][  0]LogTemp: Display: Loaded TP Android_PVRTCTargetPlatform
[2018.07.04-01.42.51:952][  0]LogTemp: Display: Loaded TP AndroidTargetPlatform
[2018.07.04-01.42.52:024][  0]LogTemp: Display: Loaded TP HTML5TargetPlatform
[2018.07.04-01.42.52:165][  0]LogTemp: Display: Loaded TP IOSTargetPlatform
[2018.07.04-01.42.52:214][  0]LogTemp: Display: Loaded TP TVOSTargetPlatform
[2018.07.04-01.42.52:297][  0]LogTemp: Display: Loaded TP LinuxClientTargetPlatform
[2018.07.04-01.42.52:380][  0]LogTemp: Display: Loaded TP LinuxNoEditorTargetPlatform
[2018.07.04-01.42.52:464][  0]LogTemp: Display: Loaded TP LinuxServerTargetPlatform
[2018.07.04-01.42.52:547][  0]LogTemp: Display: Loaded TP LinuxTargetPlatform
[2018.07.04-01.42.52:547][  0]LogTargetPlatformManager: Display: Building Assets For Windows
[2018.07.04-01.42.53:385][  0]LogDerivedDataCache: Display: Max Cache Size: 512 MB
[2018.07.04-01.42.53:445][  0]LogDerivedDataCache: Loaded boot cache 0.06s 78MB C:/Users/skuin/AppData/Local/UnrealEngine/4.18/DerivedDataCache/Boot.ddc.
[2018.07.04-01.42.53:445][  0]LogDerivedDataCache: Display: Loaded Boot cache: C:/Users/skuin/AppData/Local/UnrealEngine/4.18/DerivedDataCache/Boot.ddc
[2018.07.04-01.42.53:445][  0]LogDerivedDataCache: FDerivedDataBackendGraph:  Pak pak cache file ../../../../../../UE4_Project/UE4_Study/practice2_retry/DerivedDataCache/DDC.ddp not found, will not use a pak cache.
[2018.07.04-01.42.53:445][  0]LogDerivedDataCache: Unable to find inner node Pak for hierarchical cache Hierarchy.
[2018.07.04-01.42.53:445][  0]LogDerivedDataCache: FDerivedDataBackendGraph:  CompressedPak pak cache file ../../../../../../UE4_Project/UE4_Study/practice2_retry/DerivedDataCache/Compressed.ddp not found, will not use a pak cache.
[2018.07.04-01.42.53:445][  0]LogDerivedDataCache: Unable to find inner node CompressedPak for hierarchical cache Hierarchy.
[2018.07.04-01.42.53:460][  0]LogDerivedDataCache: Display: Pak cache opened for reading ../../../Engine/DerivedDataCache/Compressed.ddp.
[2018.07.04-01.42.53:473][  0]LogDerivedDataCache: Using Local data cache path C:/Users/skuin/AppData/Local/UnrealEngine/Common/DerivedDataCache: Writable
[2018.07.04-01.42.53:482][  0]LogMaterial: Verifying Global Shaders for PCD3D_SM5
[2018.07.04-01.42.53:483][  0]LogSlate: Using Freetype 2.6.0
[2018.07.04-01.42.53:483][  0]LogSlate: SlateFontCache - WITH_FREETYPE: 1, WITH_HARFBUZZ: 1
[2018.07.04-01.42.53:483][  0]LogSlate: SlateFontCache - WITH_FREETYPE: 1, WITH_HARFBUZZ: 1
[2018.07.04-01.42.53:876][  0]LogInit: Selected Device Profile: [Windows]
[2018.07.04-01.42.54:401][  0]LogSimplygon: Simplygon DLL not present - disabling.
[2018.07.04-01.42.54:477][  0]LogMeshReduction: Using SimplygonSwarm for distributed automatic mesh merging
[2018.07.04-01.42.54:477][  0]LogMeshReduction: Using QuadricMeshReduction for automatic static mesh reduction
[2018.07.04-01.42.54:477][  0]LogMeshReduction: No automatic skeletal mesh reduction module available
[2018.07.04-01.42.54:477][  0]LogMeshReduction: No automatic mesh merging module available
[2018.07.04-01.42.54:477][  0]LogMeshMerging: No automatic mesh merging module available
[2018.07.04-01.42.54:521][  0]LogNetVersion: practice2_retry , NetCL: 3709383, EngineNetVer: 2, GameNetVer: 0 (Checksum: 1438803081)
[2018.07.04-01.42.54:739][  0]LogAssetRegistry: FAssetRegistry took 0.0260 seconds to start up
[2018.07.04-01.42.55:369][  0]LogPackageLocalizationCache: Processed 7 localized package path(s) for 2 prioritized culture(s) in 0.073243 seconds
[2018.07.04-01.42.55:375][  0]LogUObjectArray: 35870 objects as part of root set at end of initial load.
[2018.07.04-01.42.55:375][  0]LogUObjectAllocator: 7363696 out of 0 bytes used by permanent object pool.
[2018.07.04-01.42.55:375][  0]LogUObjectArray: CloseDisregardForGC: 0/0 objects in disregard for GC pool
[2018.07.04-01.42.55:479][  0]LogInit: WinSock: version 1.1 (2.2), MaxSocks=32767, MaxUdp=65467
[2018.07.04-01.42.59:541][  0]LogTcpMessaging: Initializing TcpMessaging bridge
[2018.07.04-01.42.59:615][  0]LogUdpMessaging: Initializing bridge on interface 0.0.0.0:0 to multicast group 230.0.0.1:6666.
[2018.07.04-01.43.00:771][  0]LogMaterial: Uniform references updated for custom material expression Custom.
[2018.07.04-01.43.01:464][  0]SourceControl: 소스 콘트롤이 꺼졌습니다.
[2018.07.04-01.43.01:464][  0]SourceControl: 소스 콘트롤이 꺼졌습니다.
[2018.07.04-01.43.01:559][  0]SourceControl: 소스 콘트롤이 꺼졌습니다.
[2018.07.04-01.43.01:651][  0]SourceControl: 소스 콘트롤이 꺼졌습니다.
[2018.07.04-01.43.03:083][  0]LogAndroidPermission: UAndroidPermissionCallbackProxy::GetInstance
[2018.07.04-01.43.03:556][  0]LogOcInput: OculusInput pre-init called
[2018.07.04-01.43.04:039][  0]LogEngine: Initializing Engine...
[2018.07.04-01.43.04:041][  0]LogHMD: Failed to initialize OpenVR with code 110
[2018.07.04-01.43.04:247][  0]LogStats: UGameplayTagsManager::ConstructGameplayTagTree: Construct from data asset -  0.000 s
[2018.07.04-01.43.04:247][  0]LogStats: UGameplayTagsManager::ConstructGameplayTagTree: GameplayTagTreeChangedEvent.Broadcast -  0.000 s
[2018.07.04-01.43.04:477][  0]LogAIModule: Creating AISystem for world Untitled
[2018.07.04-01.43.04:486][  0]LogInit: XAudio2 using '스피커(Realtek High Definition Audio)' : 2 channels at 48 kHz using 32 bits per sample (channel mask 0x3)
[2018.07.04-01.43.05:323][  0]LogInit: FAudioDevice initialized.
[2018.07.04-01.43.05:429][  0]LogDerivedDataCache: Saved boot cache 0.11s 78MB C:/Users/skuin/AppData/Local/UnrealEngine/4.18/DerivedDataCache/Boot.ddc.
[2018.07.04-01.43.05:445][  0]LogInit: Texture streaming: Enabled
[2018.07.04-01.43.05:636][  0]LogEngineSessionManager: EngineSessionManager initialized
[2018.07.04-01.43.05:874][  0]LogInit: Transaction tracking system initialized
[2018.07.04-01.43.06:455][  0]BlueprintLog: New page: 에디터 로드
[2018.07.04-01.43.08:094][  0]LocalizationService: 현지화 서비스가 비활성화되었습니다.
[2018.07.04-01.43.09:669][  0]LogConsoleResponse: Display: 
[2018.07.04-01.43.09:903][  0]LogCook: Display: Max memory allowance for cook 16384mb min free memory 0mb
[2018.07.04-01.43.09:903][  0]LogCook: Display: Mobile HDR setting 1
[2018.07.04-01.43.09:903][  0]LogGameplayTags: Display: UGameplayTagsManager::DoneAddingNativeTags. DelegateIsBound: 0
[2018.07.04-01.43.10:191][  0]LogFileCache: Scanning file cache for directory 'C:/UE4_Project/UE4_Study/practice2_retry/Content/' took 0.02s
[2018.07.04-01.43.12:061][  0]SourceControl: 소스 콘트롤이 꺼졌습니다.
[2018.07.04-01.43.12:062][  0]Cmd: MAP LOAD FILE="../../../../../../UE4_Project/UE4_Study/practice2_retry/Content/StarterContent/Maps/Minimal_Default.umap" TEMPLATE=0 SHOWPROGRESS=1 FEATURELEVEL=3
[2018.07.04-01.43.12:066][  0]LightingResults: New page: 라이팅 빌드
[2018.07.04-01.43.12:142][  0]MapCheck: New page: 맵 체크
[2018.07.04-01.43.12:142][  0]LightingResults: New page: 라이팅 빌드
[2018.07.04-01.43.12:732][  0]LogAIModule: Creating AISystem for world Minimal_Default
[2018.07.04-01.43.12:743][  0]LogEditorServer: Finished looking for orphan Actors (0.000 secs)
[2018.07.04-01.43.12:758][  0]Cmd: MAP CHECKDEP NOCLEARLOG
[2018.07.04-01.43.12:836][  0]MapCheck: 맵 체크 완료: 오류 0 회, 경고 0 회, 소요 시간 78.514ms.
[2018.07.04-01.43.12:836][  0]LogFileHelpers: Loading map 'Minimal_Default' took 0.775
[2018.07.04-01.43.13:029][  0]LogCollectionManager: Loaded 0 collections in 0.002550 seconds
[2018.07.04-01.43.13:195][  0]LogFileCache: Scanning file cache for directory 'C:/UE4_Project/UE4_Study/practice2_retry/Saved/Collections/' took 0.01s
[2018.07.04-01.43.13:195][  0]LogFileCache: Scanning file cache for directory 'C:/UE4_Project/UE4_Study/practice2_retry/Content/Developers/skuin/Collections/' took 0.01s
[2018.07.04-01.43.13:195][  0]LogFileCache: Scanning file cache for directory 'C:/UE4_Project/UE4_Study/practice2_retry/Content/Collections/' took 0.01s
[2018.07.04-01.43.13:195][  0]LogCollectionManager: Rebuilt the GUID cache for 0 collections in 0.000001 seconds
[2018.07.04-01.43.13:207][  0]LogContentBrowser: Native class hierarchy populated in 0.0081 seconds. Added 2363 classes and 519 folders.
[2018.07.04-01.43.13:337][  0]LogContentBrowser: Native class hierarchy updated for 'WidgetCarousel' in 0.0002 seconds. Added 0 classes and 0 folders.
[2018.07.04-01.43.13:588][  0]LogContentBrowser: Native class hierarchy updated for 'AddContentDialog' in 0.0002 seconds. Added 0 classes and 0 folders.
[2018.07.04-01.43.13:687][  0]LogContentBrowser: Native class hierarchy updated for 'SceneOutliner' in 0.0003 seconds. Added 1 classes and 2 folders.
[2018.07.04-01.43.13:891][  0]LogSlate: Took 0.000298 seconds to synchronously load lazily loaded font '../../../Engine/Content/Slate/Fonts/Roboto-Regular.ttf' (155K)
[2018.07.04-01.43.13:896][  0]LogSlate: Took 0.002995 seconds to synchronously load lazily loaded font '../../../Engine/Content/Slate/Fonts/NanumGothic.ttf' (4243K)
[2018.07.04-01.43.13:898][  0]LogSlate: Took 0.000376 seconds to synchronously load lazily loaded font '../../../Engine/Content/Slate/Fonts/Roboto-Bold.ttf' (160K)
[2018.07.04-01.43.13:907][  0]LogSlate: Took 0.003574 seconds to synchronously load lazily loaded font '../../../Engine/Content/Editor/Slate/Fonts/FontAwesome.ttf' (139K)
[2018.07.04-01.43.14:038][  0]LogRenderer: Reallocating scene render targets to support 1168x600 Format 9 NumSamples 1 (Frame:1).
[2018.07.04-01.43.14:280][  0]LogContentBrowser: Native class hierarchy updated for 'HierarchicalLODOutliner' in 0.0003 seconds. Added 1 classes and 2 folders.
[2018.07.04-01.43.14:280][  0]LogLoad: (Engine Initialization) Total time: 28.85 seconds
[2018.07.04-01.43.14:280][  0]LogLoad: (Engine Initialization) Total Blueprint compile time: 0.00 seconds
[2018.07.04-01.43.14:280][  0]LogExternalProfiler: No external profilers were discovered.  External profiling features will not be available.
[2018.07.04-01.43.14:643][  0]LogAssetRegistry: Asset discovery search completed in 19.9271 seconds
[2018.07.04-01.43.14:645][  0]LogCollectionManager: Rebuilt the object cache for 0 collections in 0.000001 seconds (found 0 objects)
[2018.07.04-01.43.14:645][  0]LogCollectionManager: Fixed up redirectors for 0 collections in 0.000048 seconds (updated 0 objects)
[2018.07.04-01.43.14:648][  0]LogContentStreaming: Texture pool size now 400 MB
[2018.07.04-01.43.14:701][  0]LogSlate: Took 0.004328 seconds to synchronously load lazily loaded font '../../../Engine/Content/Slate/Fonts/Roboto-Light.ttf' (159K)
[2018.07.04-01.44.20:205][409]Cmd: MAP LOAD FILE="../../../../../../UE4_Project/UE4_Study/practice2_retry/Content/Practice2.umap" TEMPLATE=0 SHOWPROGRESS=1 FEATURELEVEL=3
[2018.07.04-01.44.20:214][409]LogSlate: Took 0.001316 seconds to synchronously load lazily loaded font '../../../Engine/Content/Slate/Fonts/Roboto-Light.ttf' (159K)
[2018.07.04-01.44.20:232][409]LightingResults: New page: 라이팅 빌드
[2018.07.04-01.44.20:233][409]LoadErrors: New page: 맵 로드중: Practice2.umap
[2018.07.04-01.44.20:237][409]MapCheck: New page: 맵 체크
[2018.07.04-01.44.20:237][409]LightingResults: New page: 라이팅 빌드
[2018.07.04-01.44.20:272][409]LogAIModule: Creating AISystem for world Practice2
[2018.07.04-01.44.20:328][409]LogEditorServer: Finished looking for orphan Actors (0.000 secs)
[2018.07.04-01.44.20:356][409]Cmd: MAP CHECKDEP NOCLEARLOG
[2018.07.04-01.44.20:436][409]MapCheck: 맵 체크 완료: 오류 0 회, 경고 0 회, 소요 시간 81.214ms.
[2018.07.04-01.44.20:436][409]LogFileHelpers: Loading map 'Practice2' took 0.232
[2018.07.04-01.44.24:490][649]LogEditorViewport: Clicking on Actor (LMB): TextRenderActor (TextRenderActor)
[2018.07.04-01.44.24:877][666]LogEditorViewport: Clicking on Actor (LMB): TextRenderActor (TextRenderActor)
[2018.07.04-01.44.26:402][757]Cmd: DELETE
[2018.07.04-01.44.26:402][757]Cmd: ACTOR DELETE
[2018.07.04-01.44.26:415][757]LogEditorActor: Deleted Actor: TextRenderActor
[2018.07.04-01.44.26:426][757]LogEditorActor: Deleted 1 Actors (0.019 secs)
[2018.07.04-01.44.34:961][150]LogContentBrowser: Native class hierarchy updated for 'BlueprintGraph' in 0.0006 seconds. Added 116 classes and 0 folders.
[2018.07.04-01.44.35:574][150]LogSlate: Took 0.000182 seconds to synchronously load lazily loaded font '../../../Engine/Content/Slate/Fonts/Roboto-Regular.ttf' (155K)
[2018.07.04-01.44.35:765][150]LogRenderer: Reallocating scene render targets to support 1168x940 Format 9 NumSamples 1 (Frame:1).
[2018.07.04-01.44.36:822][208]LogSlate: Took 0.005440 seconds to synchronously load lazily loaded font '../../../Engine/Content/Editor/Slate/Fonts/Roboto-Italic.ttf' (157K)
[2018.07.04-01.44.57:757][428]LogSlate: Took 0.009186 seconds to synchronously load lazily loaded font '../../../Engine/Content/Editor/Slate/Fonts/Roboto-BoldCondensed.ttf' (158K)
[2018.07.04-01.45.42:587][ 64]LogEditorTransaction: Undo 코멘트 버블 표시여부
[2018.07.04-01.45.42:603][ 64]LogSlate: Took 0.000259 seconds to synchronously load lazily loaded font '../../../Engine/Content/Slate/Fonts/Roboto-Light.ttf' (159K)
[2018.07.04-01.45.43:311][105]LogEditorTransaction: Undo 노드 추가
[2018.07.04-01.46.20:718][ 63]LogEditorTransaction: Undo 코멘트 버블 표시여부
[2018.07.04-01.46.21:289][ 95]LogEditorTransaction: Undo 노드 추가
[2018.07.04-01.46.30:464][639]LogEditorTransaction: Undo 노드 추가
[2018.07.04-01.47.03:286][233]LogEditorTransaction: Undo 노드 이동
[2018.07.04-01.47.03:641][251]LogEditorTransaction: Undo 노드 이동
[2018.07.04-01.47.04:003][270]LogEditorTransaction: Undo 코멘트 버블 표시여부
[2018.07.04-01.47.04:346][289]LogEditorTransaction: Undo 핀 링크 생성
[2018.07.04-01.47.04:796][315]LogEditorTransaction: Undo 노드 이동
[2018.07.04-01.47.05:178][337]LogEditorTransaction: Undo 노드 추가
[2018.07.04-01.47.05:659][365]LogEditorTransaction: Undo 변수 이름변경
[2018.07.04-01.47.06:092][390]LogEditorTransaction: Undo 변수 추가
[2018.07.04-01.47.26:448][593]LogEditorTransaction: Undo 노드 이동
[2018.07.04-01.47.26:948][620]LogEditorTransaction: Undo 코멘트 버블 표시여부
[2018.07.04-01.47.27:355][643]LogEditorTransaction: Undo 노드 추가
[2018.07.04-01.48.14:362][473]LogSlate: Took 0.003422 seconds to synchronously load lazily loaded font '../../../Engine/Content/Editor/Slate/Fonts/Roboto-BoldCondensedItalic.ttf' (160K)
[2018.07.04-01.48.21:297][886]LogEditorTransaction: Undo 노드 추가
[2018.07.04-01.51.48:724][633]LogEditorTransaction: Undo 노드 추가
[2018.07.04-01.53.02:854][ 72]BlueprintLog: New page: Text 컴파일
[2018.07.04-01.53.04:342][148]Cmd: OBJ SAVEPACKAGE PACKAGE="/Game/Text" FILE="../../../../../../UE4_Project/UE4_Study/practice2_retry/Content/Text.uasset" SILENT=true
[2018.07.04-01.53.04:376][148]LogSavePackage: Save=29.30ms
[2018.07.04-01.53.04:376][148]LogSavePackage: Moving '../../../../../../UE4_Project/UE4_Study/practice2_retry/Saved/Text4908267D4C656B8DA64BBA98C7DB86FF.tmp' to '../../../../../../UE4_Project/UE4_Study/practice2_retry/Content/Text.uasset'
[2018.07.04-01.53.04:380][148]LogSavePackage: Display: Finished SavePackage ../../../../../../UE4_Project/UE4_Study/practice2_retry/Content/Text.uasset
[2018.07.04-01.53.06:644][280]LogEditorViewport: Clicking on Actor (LMB): Light_C (Light)
[2018.07.04-01.53.17:635][935]LogTemp: Repeating last play command: 선택된 뷰포트
[2018.07.04-01.53.17:675][935]LogPlayLevel: PlayLevel: No blueprints needed recompiling
[2018.07.04-01.53.17:676][935]PIE: New page: PIE 세션: Practice2 (2018. 7. 4. 오후 7:53:17)
[2018.07.04-01.53.17:676][935]LogPlayLevel: Creating play world package: /Game/UEDPIE_0_Practice2
[2018.07.04-01.53.17:678][935]LogPlayLevel: PIE: StaticDuplicateObject took: (0.002327s)
[2018.07.04-01.53.17:679][935]LogAIModule: Creating AISystem for world Practice2
[2018.07.04-01.53.17:679][935]LogPlayLevel: PIE: World Init took: (0.000823s)
[2018.07.04-01.53.17:679][935]LogPlayLevel: PIE: Created PIE world by copying editor world from /Game/Practice2.Practice2 to /Game/UEDPIE_0_Practice2.Practice2 (0.003391s)
[2018.07.04-01.53.17:695][935]LogInit: XAudio2 using '스피커(Realtek High Definition Audio)' : 2 channels at 48 kHz using 32 bits per sample (channel mask 0x3)
[2018.07.04-01.53.17:736][935]LogInit: FAudioDevice initialized.
[2018.07.04-01.53.17:786][935]LogLoad: Game class is 'GameModeBase'
[2018.07.04-01.53.17:789][935]LogWorld: Bringing World /Game/UEDPIE_0_Practice2.Practice2 up for play (max tick rate 60) at 2018.07.04-10.53.17
[2018.07.04-01.53.17:789][935]LogWorld: Bringing up level for play took: 0.000782
[2018.07.04-01.53.17:875][935]LogContentBrowser: Native class hierarchy updated for 'MovieSceneCapture' in 0.0004 seconds. Added 11 classes and 0 folders.
[2018.07.04-01.53.17:878][935]PIE: /Game/UEDPIE_0_Practice2 에 대한 에디터에서 플레이 시작 시간: -0.136
[2018.07.04-01.54.28:542][546]Cmd: OBJ SAVEPACKAGE PACKAGE="/Game/Practice2" FILE="../../../../../../UE4_Project/UE4_Study/practice2_retry/Saved/Autosaves/Game/Practice2_Auto1.umap" SILENT=true AUTOSAVING=true KEEPDIRTY=false
[2018.07.04-01.54.28:577][546]LogSavePackage: Save=21.62ms
[2018.07.04-01.54.28:577][546]LogSavePackage: Moving '../../../../../../UE4_Project/UE4_Study/practice2_retry/Saved/Practice2_Auto160DC11EA4FC4DB0B2245FD901E7010BF.tmp' to '../../../../../../UE4_Project/UE4_Study/practice2_retry/Saved/Autosaves/Game/Practice2_Auto1.umap'
[2018.07.04-01.54.28:580][546]LogSavePackage: Display: Finished SavePackage ../../../../../../UE4_Project/UE4_Study/practice2_retry/Saved/Autosaves/Game/Practice2_Auto1.umap
[2018.07.04-01.54.28:582][546]LogFileHelpers: Editor autosave (incl. sublevels) for '/Game/Practice2' took 0.059
[2018.07.04-01.54.28:582][546]LogFileHelpers: Editor autosave (incl. sublevels) for all levels took 0.059
[2018.07.04-01.54.28:584][546]OBJ SavePackage: Generating thumbnails for [0] asset(s) in package [/Game/Text] ([1] browsable assets)...
[2018.07.04-01.54.28:584][546]OBJ SavePackage: Finished generating thumbnails for package [/Game/Text]
[2018.07.04-01.54.28:584][546]Cmd: OBJ SAVEPACKAGE PACKAGE="/Game/Text" FILE="../../../../../../UE4_Project/UE4_Study/practice2_retry/Saved/Autosaves/Game/Text_Auto1.uasset" SILENT=false AUTOSAVING=true
[2018.07.04-01.54.28:611][546]LogSavePackage: Save=22.56ms
[2018.07.04-01.54.28:611][546]LogSavePackage: Moving '../../../../../../UE4_Project/UE4_Study/practice2_retry/Saved/Text_Auto1C57F884D4C8D27B39C4F67918427D389.tmp' to '../../../../../../UE4_Project/UE4_Study/practice2_retry/Saved/Autosaves/Game/Text_Auto1.uasset'
[2018.07.04-01.54.28:613][546]LogSavePackage: Display: Finished SavePackage ../../../../../../UE4_Project/UE4_Study/practice2_retry/Saved/Autosaves/Game/Text_Auto1.uasset
[2018.07.04-01.54.28:613][546]LogFileHelpers: Auto-saving content packages took 0.030
[2018.07.04-01.54.37:497][ 76]BlueprintLog: New page: Text 컴파일
[2018.07.04-01.54.38:380][112]Cmd: OBJ SAVEPACKAGE PACKAGE="/Game/Text" FILE="../../../../../../UE4_Project/UE4_Study/practice2_retry/Content/Text.uasset" SILENT=true
[2018.07.04-01.54.38:409][112]LogSavePackage: Save=23.22ms
[2018.07.04-01.54.38:409][112]LogSavePackage: Moving '../../../../../../UE4_Project/UE4_Study/practice2_retry/Saved/Text610F81BE413850B300D768B05A1B39B5.tmp' to '../../../../../../UE4_Project/UE4_Study/practice2_retry/Content/Text.uasset'
[2018.07.04-01.54.38:413][112]LogSavePackage: Display: Finished SavePackage ../../../../../../UE4_Project/UE4_Study/practice2_retry/Content/Text.uasset
[2018.07.04-01.54.41:044][266]LogTemp: Repeating last play command: 선택된 뷰포트
[2018.07.04-01.54.41:054][266]LogPlayLevel: PlayLevel: No blueprints needed recompiling
[2018.07.04-01.54.41:054][266]PIE: New page: PIE 세션: Practice2 (2018. 7. 4. 오후 7:54:41)
[2018.07.04-01.54.41:054][266]LogPlayLevel: Creating play world package: /Game/UEDPIE_0_Practice2
[2018.07.04-01.54.41:055][266]LogPlayLevel: PIE: StaticDuplicateObject took: (0.000965s)
[2018.07.04-01.54.41:056][266]LogAIModule: Creating AISystem for world Practice2
[2018.07.04-01.54.41:056][266]LogPlayLevel: PIE: World Init took: (0.000535s)
[2018.07.04-01.54.41:056][266]LogPlayLevel: PIE: Created PIE world by copying editor world from /Game/Practice2.Practice2 to /Game/UEDPIE_0_Practice2.Practice2 (0.001690s)
[2018.07.04-01.54.41:073][266]LogInit: XAudio2 using '스피커(Realtek High Definition Audio)' : 2 channels at 48 kHz using 32 bits per sample (channel mask 0x3)
[2018.07.04-01.54.41:114][266]LogInit: FAudioDevice initialized.
[2018.07.04-01.54.41:148][266]LogLoad: Game class is 'GameModeBase'
[2018.07.04-01.54.41:150][266]LogWorld: Bringing World /Game/UEDPIE_0_Practice2.Practice2 up for play (max tick rate 60) at 2018.07.04-10.54.41
[2018.07.04-01.54.41:150][266]LogWorld: Bringing up level for play took: 0.000589
[2018.07.04-01.54.41:151][266]PIE: /Game/UEDPIE_0_Practice2 에 대한 에디터에서 플레이 시작 시간: -0.863
[2018.07.04-01.54.48:419][699]LogEditorViewport: Clicking on Actor (LMB): Text_C (Text)
[2018.07.04-01.54.53:193][983]LogTemp: Repeating last play command: 선택된 뷰포트
[2018.07.04-01.54.53:204][983]LogPlayLevel: PlayLevel: No blueprints needed recompiling
[2018.07.04-01.54.53:204][983]PIE: New page: PIE 세션: Practice2 (2018. 7. 4. 오후 7:54:53)
[2018.07.04-01.54.53:204][983]LogPlayLevel: Creating play world package: /Game/UEDPIE_0_Practice2
[2018.07.04-01.54.53:205][983]LogPlayLevel: PIE: StaticDuplicateObject took: (0.001050s)
[2018.07.04-01.54.53:206][983]LogAIModule: Creating AISystem for world Practice2
[2018.07.04-01.54.53:206][983]LogPlayLevel: PIE: World Init took: (0.000544s)
[2018.07.04-01.54.53:206][983]LogPlayLevel: PIE: Created PIE world by copying editor world from /Game/Practice2.Practice2 to /Game/UEDPIE_0_Practice2.Practice2 (0.001783s)
[2018.07.04-01.54.53:222][983]LogInit: XAudio2 using '스피커(Realtek High Definition Audio)' : 2 channels at 48 kHz using 32 bits per sample (channel mask 0x3)
[2018.07.04-01.54.53:262][983]LogInit: FAudioDevice initialized.
[2018.07.04-01.54.53:298][983]LogLoad: Game class is 'GameModeBase'
[2018.07.04-01.54.53:299][983]LogWorld: Bringing World /Game/UEDPIE_0_Practice2.Practice2 up for play (max tick rate 60) at 2018.07.04-10.54.53
[2018.07.04-01.54.53:299][983]LogWorld: Bringing up level for play took: 0.000579
[2018.07.04-01.54.53:300][983]PIE: /Game/UEDPIE_0_Practice2 에 대한 에디터에서 플레이 시작 시간: -0.714
[2018.07.04-01.54.59:926][377]LogEditorViewport: Clicking on Actor (LMB): Text_C (Text)
[2018.07.04-01.55.04:245][625]LogEditorViewport: Clicking on Actor (LMB): Text_C (Text)
[2018.07.04-01.55.04:554][642]LogEditorViewport: Clicking on Component (LMB): TextRenderComponent (TextRender)
[2018.07.04-01.55.07:832][833]Cmd: SELECT NONE
[2018.07.04-01.55.08:749][888]LogEditorViewport: Clicking on Actor (LMB): Text_C (Text)
[2018.07.04-01.55.13:566][166]Cmd: SELECT NONE
[2018.07.04-01.55.14:649][231]LogTemp: Repeating last play command: 선택된 뷰포트
[2018.07.04-01.55.14:660][231]LogPlayLevel: PlayLevel: No blueprints needed recompiling
[2018.07.04-01.55.14:661][231]PIE: New page: PIE 세션: Practice2 (2018. 7. 4. 오후 7:55:14)
[2018.07.04-01.55.14:661][231]LogPlayLevel: Creating play world package: /Game/UEDPIE_0_Practice2
[2018.07.04-01.55.14:662][231]LogPlayLevel: PIE: StaticDuplicateObject took: (0.001003s)
[2018.07.04-01.55.14:662][231]LogAIModule: Creating AISystem for world Practice2
[2018.07.04-01.55.14:662][231]LogPlayLevel: PIE: World Init took: (0.000532s)
[2018.07.04-01.55.14:662][231]LogPlayLevel: PIE: Created PIE world by copying editor world from /Game/Practice2.Practice2 to /Game/UEDPIE_0_Practice2.Practice2 (0.001737s)
[2018.07.04-01.55.14:678][231]LogInit: XAudio2 using '스피커(Realtek High Definition Audio)' : 2 channels at 48 kHz using 32 bits per sample (channel mask 0x3)
[2018.07.04-01.55.14:717][231]LogInit: FAudioDevice initialized.
[2018.07.04-01.55.14:752][231]LogLoad: Game class is 'GameModeBase'
[2018.07.04-01.55.14:753][231]LogWorld: Bringing World /Game/UEDPIE_0_Practice2.Practice2 up for play (max tick rate 60) at 2018.07.04-10.55.14
[2018.07.04-01.55.14:753][231]LogWorld: Bringing up level for play took: 0.000680
[2018.07.04-01.55.14:754][231]PIE: /Game/UEDPIE_0_Practice2 에 대한 에디터에서 플레이 시작 시간: 0.74
[2018.07.04-01.55.21:618][639]LogEditorViewport: Clicking on Actor (LMB): Text_C (Text)
[2018.07.04-01.55.28:010][ 12]LogTemp: Repeating last play command: 선택된 뷰포트
[2018.07.04-01.55.28:020][ 12]LogPlayLevel: PlayLevel: No blueprints needed recompiling
[2018.07.04-01.55.28:020][ 12]PIE: New page: PIE 세션: Practice2 (2018. 7. 4. 오후 7:55:28)
[2018.07.04-01.55.28:020][ 12]LogPlayLevel: Creating play world package: /Game/UEDPIE_0_Practice2
[2018.07.04-01.55.28:021][ 12]LogPlayLevel: PIE: StaticDuplicateObject took: (0.000971s)
[2018.07.04-01.55.28:021][ 12]LogAIModule: Creating AISystem for world Practice2
[2018.07.04-01.55.28:021][ 12]LogPlayLevel: PIE: World Init took: (0.000528s)
[2018.07.04-01.55.28:022][ 12]LogPlayLevel: PIE: Created PIE world by copying editor world from /Game/Practice2.Practice2 to /Game/UEDPIE_0_Practice2.Practice2 (0.001696s)
[2018.07.04-01.55.28:038][ 12]LogInit: XAudio2 using '스피커(Realtek High Definition Audio)' : 2 channels at 48 kHz using 32 bits per sample (channel mask 0x3)
[2018.07.04-01.55.28:078][ 12]LogInit: FAudioDevice initialized.
[2018.07.04-01.55.28:113][ 12]LogLoad: Game class is 'GameModeBase'
[2018.07.04-01.55.28:113][ 12]LogWorld: Bringing World /Game/UEDPIE_0_Practice2.Practice2 up for play (max tick rate 60) at 2018.07.04-10.55.28
[2018.07.04-01.55.28:113][ 12]LogWorld: Bringing up level for play took: 0.000632
[2018.07.04-01.55.28:115][ 12]PIE: /Game/UEDPIE_0_Practice2 에 대한 에디터에서 플레이 시작 시간: 0.101
[2018.07.04-01.55.40:458][743]Cmd: OBJ SAVEPACKAGE PACKAGE="/Game/Practice2" FILE="../../../../../../UE4_Project/UE4_Study/practice2_retry/Content/Practice2.umap" SILENT=true AUTOSAVING=false KEEPDIRTY=false
[2018.07.04-01.55.40:490][743]LogSavePackage: Save=16.60ms
[2018.07.04-01.55.40:491][743]LogSavePackage: Moving '../../../../../../UE4_Project/UE4_Study/practice2_retry/Saved/Practice24E54DF464F043CE37C6F339733AD6786.tmp' to '../../../../../../UE4_Project/UE4_Study/practice2_retry/Content/Practice2.umap'
[2018.07.04-01.55.40:495][743]LogSavePackage: Display: Finished SavePackage ../../../../../../UE4_Project/UE4_Study/practice2_retry/Content/Practice2.umap
[2018.07.04-01.55.40:509][743]LogFileHelpers: Saving map 'Practice2' took 0.142
[2018.07.04-01.56.05:840][480]LogTemp: Repeating last play command: 선택된 뷰포트
[2018.07.04-01.56.05:852][480]LogPlayLevel: PlayLevel: No blueprints needed recompiling
[2018.07.04-01.56.05:852][480]PIE: New page: PIE 세션: Practice2 (2018. 7. 4. 오후 7:56:05)
[2018.07.04-01.56.05:852][480]LogPlayLevel: Creating play world package: /Game/UEDPIE_0_Practice2
[2018.07.04-01.56.05:855][480]LogPlayLevel: PIE: StaticDuplicateObject took: (0.002850s)
[2018.07.04-01.56.05:856][480]LogAIModule: Creating AISystem for world Practice2
[2018.07.04-01.56.05:856][480]LogPlayLevel: PIE: World Init took: (0.000613s)
[2018.07.04-01.56.05:856][480]LogPlayLevel: PIE: Created PIE world by copying editor world from /Game/Practice2.Practice2 to /Game/UEDPIE_0_Practice2.Practice2 (0.003694s)
[2018.07.04-01.56.05:874][480]LogInit: XAudio2 using '스피커(Realtek High Definition Audio)' : 2 channels at 48 kHz using 32 bits per sample (channel mask 0x3)
[2018.07.04-01.56.05:917][480]LogInit: FAudioDevice initialized.
[2018.07.04-01.56.05:950][480]LogLoad: Game class is 'GameModeBase'
[2018.07.04-01.56.05:951][480]LogWorld: Bringing World /Game/UEDPIE_0_Practice2.Practice2 up for play (max tick rate 60) at 2018.07.04-10.56.05
[2018.07.04-01.56.05:951][480]LogWorld: Bringing up level for play took: 0.000635
[2018.07.04-01.56.05:952][480]PIE: /Game/UEDPIE_0_Practice2 에 대한 에디터에서 플레이 시작 시간: -0.061
[2018.07.04-01.58.39:557][114]LogAIModule: Creating AISystem for world Practice3-1
[2018.07.04-01.58.39:562][114]Cmd: OBJ SAVEPACKAGE PACKAGE="/Game/Practice3-1" FILE="../../../../../../UE4_Project/UE4_Study/practice2_retry/Content/Practice3-1.umap" SILENT=true AUTOSAVING=false KEEPDIRTY=false
[2018.07.04-01.58.39:598][114]LogSavePackage: Save=18.15ms
[2018.07.04-01.58.39:598][114]LogSavePackage: Moving '../../../../../../UE4_Project/UE4_Study/practice2_retry/Saved/Practice3-17A30AC7A4526746F68E842AF2F94EE50.tmp' to '../../../../../../UE4_Project/UE4_Study/practice2_retry/Content/Practice3-1.umap'
[2018.07.04-01.58.39:601][114]LogSavePackage: Display: Finished SavePackage ../../../../../../UE4_Project/UE4_Study/practice2_retry/Content/Practice3-1.umap
[2018.07.04-01.58.39:610][114]LogFileHelpers: Saving map 'Practice3-1' took 0.255
[2018.07.04-01.58.39:612][114]Cmd: MAP LOAD FILE="../../../../../../UE4_Project/UE4_Study/practice2_retry/Content/Practice3-1.umap" TEMPLATE=0 SHOWPROGRESS=1 FEATURELEVEL=3
[2018.07.04-01.58.39:625][114]LightingResults: New page: 라이팅 빌드
[2018.07.04-01.58.39:626][114]LoadErrors: New page: 맵 로드중: Practice3-1.umap
[2018.07.04-01.58.39:627][114]MapCheck: New page: 맵 체크
[2018.07.04-01.58.39:627][114]LightingResults: New page: 라이팅 빌드
[2018.07.04-01.58.39:712][114]LogEditorServer: Finished looking for orphan Actors (0.000 secs)
[2018.07.04-01.58.39:743][114]Cmd: MAP CHECKDEP NOCLEARLOG
[2018.07.04-01.58.39:827][114]MapCheck: 맵 체크 완료: 오류 0 회, 경고 0 회, 소요 시간 83.841ms.
[2018.07.04-01.58.39:827][114]LogFileHelpers: Loading map 'Practice3-1' took 0.217
[2018.07.04-01.58.43:176][307]LogEditorViewport: Clicking on Actor (context menu): PlayerStart (PlayerStart)
[2018.07.04-01.58.44:267][369]LogEditorViewport: Clicking Background
[2018.07.04-01.58.45:957][470]LogEditorViewport: Clicking on Actor (LMB): Text_C (Text)
[2018.07.04-01.58.56:171][ 78]Cmd: MAP LOAD FILE="../../../../../../UE4_Project/UE4_Study/practice2_retry/Content/Practice2.umap" TEMPLATE=0 SHOWPROGRESS=1 FEATURELEVEL=3
[2018.07.04-01.58.56:186][ 78]LightingResults: New page: 라이팅 빌드
[2018.07.04-01.58.56:187][ 78]LoadErrors: New page: 맵 로드중: Practice2.umap
[2018.07.04-01.58.56:188][ 78]MapCheck: New page: 맵 체크
[2018.07.04-01.58.56:188][ 78]LightingResults: New page: 라이팅 빌드
[2018.07.04-01.58.56:214][ 78]LogAIModule: Creating AISystem for world Practice2
[2018.07.04-01.58.56:297][ 78]LogEditorServer: Finished looking for orphan Actors (0.000 secs)
[2018.07.04-01.58.56:329][ 78]Cmd: MAP CHECKDEP NOCLEARLOG
[2018.07.04-01.58.56:413][ 78]MapCheck: 맵 체크 완료: 오류 0 회, 경고 0 회, 소요 시간 84.225ms.
[2018.07.04-01.58.56:413][ 78]LogFileHelpers: Loading map 'Practice2' took 0.243
[2018.07.04-01.58.58:377][195]LogEditorViewport: Clicking on Actor (LMB): StaticMeshActor (Plane)
[2018.07.04-01.58.58:840][218]LogEditorViewport: Clicking on Actor (LMB): StaticMeshActor (Plane)
[2018.07.04-01.58.59:515][258]LogEditorViewport: Clicking on Actor (LMB): Text_C (Text)
[2018.07.04-01.58.59:828][275]LogEditorViewport: Clicking on Actor (LMB): Text_C (Text)
[2018.07.04-01.59.00:837][335]Cmd: DELETE
[2018.07.04-01.59.00:837][335]Cmd: ACTOR DELETE
[2018.07.04-01.59.00:838][335]LogEditorActor: Deleted Actor: Text_C
[2018.07.04-01.59.00:852][335]LogEditorActor: Deleted 1 Actors (0.016 secs)
[2018.07.04-01.59.19:605][454]LogTemp: Repeating last play command: 선택된 뷰포트
[2018.07.04-01.59.19:616][454]LogPlayLevel: PlayLevel: No blueprints needed recompiling
[2018.07.04-01.59.19:616][454]PIE: New page: PIE 세션: Practice2 (2018. 7. 4. 오후 7:59:19)
[2018.07.04-01.59.19:616][454]LogPlayLevel: Creating play world package: /Game/UEDPIE_0_Practice2
[2018.07.04-01.59.19:617][454]LogPlayLevel: PIE: StaticDuplicateObject took: (0.000986s)
[2018.07.04-01.59.19:617][454]LogAIModule: Creating AISystem for world Practice2
[2018.07.04-01.59.19:618][454]LogPlayLevel: PIE: World Init took: (0.000608s)
[2018.07.04-01.59.19:618][454]LogPlayLevel: PIE: Created PIE world by copying editor world from /Game/Practice2.Practice2 to /Game/UEDPIE_0_Practice2.Practice2 (0.001830s)
[2018.07.04-01.59.19:634][454]LogInit: XAudio2 using '스피커(Realtek High Definition Audio)' : 2 channels at 48 kHz using 32 bits per sample (channel mask 0x3)
[2018.07.04-01.59.19:674][454]LogInit: FAudioDevice initialized.
[2018.07.04-01.59.19:707][454]LogLoad: Game class is 'GameModeBase'
[2018.07.04-01.59.19:708][454]LogWorld: Bringing World /Game/UEDPIE_0_Practice2.Practice2 up for play (max tick rate 60) at 2018.07.04-10.59.19
[2018.07.04-01.59.19:708][454]LogWorld: Bringing up level for play took: 0.000601
[2018.07.04-01.59.19:709][454]PIE: /Game/UEDPIE_0_Practice2 에 대한 에디터에서 플레이 시작 시간: -0.305
[2018.07.04-01.59.23:049][650]LogEditorViewport: Clicking on Actor (LMB): StaticMeshActor (Plane)
[2018.07.04-01.59.25:253][779]LogEditorViewport: Clicking on Actor (LMB): StaticMeshActor (Plane)
[2018.07.04-01.59.26:830][873]Cmd: TRANSACTION UNDO
[2018.07.04-01.59.26:830][873]LogEditorTransaction: Undo 액터 클릭
[2018.07.04-01.59.27:850][934]Cmd: TRANSACTION UNDO
[2018.07.04-01.59.27:850][934]LogEditorTransaction: Undo 액터 이동
[2018.07.04-01.59.28:767][989]LogEditorViewport: Clicking on Actor (LMB): TextRenderActor (TextRenderActor)
[2018.07.04-01.59.32:371][202]LogEditorViewport: Clicking Background
[2018.07.04-01.59.32:941][236]LogTemp: Repeating last play command: 선택된 뷰포트
[2018.07.04-01.59.32:951][236]LogPlayLevel: PlayLevel: No blueprints needed recompiling
[2018.07.04-01.59.32:951][236]PIE: New page: PIE 세션: Practice2 (2018. 7. 4. 오후 7:59:32)
[2018.07.04-01.59.32:951][236]LogPlayLevel: Creating play world package: /Game/UEDPIE_0_Practice2
[2018.07.04-01.59.32:953][236]LogPlayLevel: PIE: StaticDuplicateObject took: (0.000984s)
[2018.07.04-01.59.32:953][236]LogAIModule: Creating AISystem for world Practice2
[2018.07.04-01.59.32:953][236]LogPlayLevel: PIE: World Init took: (0.000568s)
[2018.07.04-01.59.32:953][236]LogPlayLevel: PIE: Created PIE world by copying editor world from /Game/Practice2.Practice2 to /Game/UEDPIE_0_Practice2.Practice2 (0.001759s)
[2018.07.04-01.59.32:969][236]LogInit: XAudio2 using '스피커(Realtek High Definition Audio)' : 2 channels at 48 kHz using 32 bits per sample (channel mask 0x3)
[2018.07.04-01.59.33:008][236]LogInit: FAudioDevice initialized.
[2018.07.04-01.59.33:041][236]LogLoad: Game class is 'GameModeBase'
[2018.07.04-01.59.33:042][236]LogWorld: Bringing World /Game/UEDPIE_0_Practice2.Practice2 up for play (max tick rate 60) at 2018.07.04-10.59.33
[2018.07.04-01.59.33:042][236]LogWorld: Bringing up level for play took: 0.000679
[2018.07.04-01.59.33:043][236]PIE: /Game/UEDPIE_0_Practice2 에 대한 에디터에서 플레이 시작 시간: 1.029
[2018.07.04-01.59.38:495][553]Cmd: OBJ SAVEPACKAGE PACKAGE="/Game/Practice2" FILE="../../../../../../UE4_Project/UE4_Study/practice2_retry/Content/Practice2.umap" SILENT=true AUTOSAVING=false KEEPDIRTY=false
[2018.07.04-01.59.38:531][553]LogSavePackage: Save=16.92ms
[2018.07.04-01.59.38:531][553]LogSavePackage: Moving '../../../../../../UE4_Project/UE4_Study/practice2_retry/Saved/Practice2FDC5B61F420CE15A03CD1B9F1D700746.tmp' to '../../../../../../UE4_Project/UE4_Study/practice2_retry/Content/Practice2.umap'
[2018.07.04-01.59.38:535][553]LogSavePackage: Display: Finished SavePackage ../../../../../../UE4_Project/UE4_Study/practice2_retry/Content/Practice2.umap
[2018.07.04-01.59.38:549][553]LogFileHelpers: Saving map 'Practice2' took 0.142
[2018.07.04-01.59.45:553][958]Cmd: QUIT_EDITOR
[2018.07.04-01.59.45:814][958]LogWindowsTextInputMethodSystem: Display: IME system now activated using TSF (Microsoft 입력기).
[2018.07.04-01.59.45:824][958]LogExit: Preparing to exit.
[2018.07.04-01.59.46:167][958]LogDirectoryWatcher: A directory notification for 'C:/UE4_Project/UE4_Study/practice2_retry/Content/' was aborted.
[2018.07.04-01.59.46:194][958]LogExit: Editor shut down
[2018.07.04-01.59.46:197][958]LogExit: Transaction tracking system shut down
[2018.07.04-01.59.46:343][958]LogDirectoryWatcher: A directory notification for '../../../Engine/Content/' was aborted.
[2018.07.04-01.59.46:343][958]LogDirectoryWatcher: A directory notification for '../../../../../../UE4_Project/UE4_Study/practice2_retry/Content/' was aborted.
[2018.07.04-01.59.46:343][958]LogDirectoryWatcher: A directory notification for '../../../Engine/Plugins/2D/Paper2D/Content/' was aborted.
[2018.07.04-01.59.46:343][958]LogDirectoryWatcher: A directory notification for '../../../Engine/Plugins/Media/MediaCompositing/Content/' was aborted.
[2018.07.04-01.59.46:343][958]LogDirectoryWatcher: A directory notification for '../../../Engine/Plugins/Runtime/AppleARKit/Content/' was aborted.
[2018.07.04-01.59.46:343][958]LogDirectoryWatcher: A directory notification for '../../../Engine/Plugins/Runtime/Oculus/OculusVR/Content/' was aborted.
[2018.07.04-01.59.46:343][958]LogDirectoryWatcher: A directory notification for '../../../Engine/Plugins/Runtime/Steam/SteamVR/Content/' was aborted.
[2018.07.04-01.59.46:409][958]LogExit: Object subsystem successfully closed.
[2018.07.04-01.59.46:426][958]LogD3D11RHI: Shutdown
[2018.07.04-01.59.46:426][958]LogD3D11RHI: CleanupD3DDevice
[2018.07.04-01.59.46:428][958]LogD3D11RHI: ~FD3D11DynamicRHI
[2018.07.04-01.59.46:450][958]LogModuleManager: Shutting down and abandoning module HierarchicalLODUtilities (554)
[2018.07.04-01.59.46:450][958]LogModuleManager: Shutting down and abandoning module MovieSceneCapture (552)
[2018.07.04-01.59.46:450][958]LogModuleManager: Shutting down and abandoning module BlueprintGraph (550)
[2018.07.04-01.59.46:450][958]LogModuleManager: Shutting down and abandoning module HierarchicalLODOutliner (548)
[2018.07.04-01.59.46:450][958]LogModuleManager: Shutting down and abandoning module SceneOutliner (546)
[2018.07.04-01.59.46:450][958]LogModuleManager: Shutting down and abandoning module AddContentDialog (544)
[2018.07.04-01.59.46:451][958]LogDirectoryWatcher: A directory notification for 'C:/Program Files/Epic Games/UE_4.18/FeaturePacks/' was aborted.
[2018.07.04-01.59.46:451][958]LogModuleManager: Shutting down and abandoning module WidgetCarousel (543)
[2018.07.04-01.59.46:451][958]LogModuleManager: Shutting down and abandoning module EditorWidgets (540)
[2018.07.04-01.59.46:451][958]LogModuleManager: Shutting down and abandoning module CollectionManager (538)
[2018.07.04-01.59.46:451][958]LogDirectoryWatcher: A directory notification for 'C:/UE4_Project/UE4_Study/practice2_retry/Content/Collections/' was aborted.
[2018.07.04-01.59.46:452][958]LogDirectoryWatcher: A directory notification for 'C:/UE4_Project/UE4_Study/practice2_retry/Content/Developers/skuin/Collections/' was aborted.
[2018.07.04-01.59.46:452][958]LogDirectoryWatcher: A directory notification for 'C:/UE4_Project/UE4_Study/practice2_retry/Saved/Collections/' was aborted.
[2018.07.04-01.59.46:452][958]LogModuleManager: Shutting down and abandoning module StatsViewer (536)
[2018.07.04-01.59.46:452][958]LogModuleManager: Shutting down and abandoning module FoliageEdit (534)
[2018.07.04-01.59.46:452][958]LogModuleManager: Shutting down and abandoning module LandscapeEditor (532)
[2018.07.04-01.59.46:452][958]LogModuleManager: Shutting down and abandoning module MeshPaintMode (530)
[2018.07.04-01.59.46:452][958]LogModuleManager: Shutting down and abandoning module SceneDepthPickerMode (528)
[2018.07.04-01.59.46:452][958]LogModuleManager: Shutting down and abandoning module ActorPickerMode (526)
[2018.07.04-01.59.46:452][958]LogModuleManager: Shutting down and abandoning module GeometryMode (524)
[2018.07.04-01.59.46:452][958]LogModuleManager: Shutting down and abandoning module TextureAlignMode (522)
[2018.07.04-01.59.46:452][958]LogModuleManager: Shutting down and abandoning module BspMode (520)
[2018.07.04-01.59.46:452][958]LogModuleManager: Shutting down and abandoning module PIEPreviewDeviceProfileSelector (518)
[2018.07.04-01.59.46:452][958]LogModuleManager: Shutting down and abandoning module HardwareSurvey (516)
[2018.07.04-01.59.46:452][958]LogModuleManager: Shutting down and abandoning module SequenceRecorderSections (514)
[2018.07.04-01.59.46:452][958]LogModuleManager: Shutting down and abandoning module AutomationWorker (512)
[2018.07.04-01.59.46:452][958]LogModuleManager: Shutting down and abandoning module MatineeToLevelSequence (510)
[2018.07.04-01.59.46:452][958]LogModuleManager: Shutting down and abandoning module LevelSequenceEditor (508)
[2018.07.04-01.59.46:452][958]LogModuleManager: Shutting down and abandoning module PlacementMode (507)
[2018.07.04-01.59.46:452][958]LogModuleManager: Shutting down and abandoning module WmfMediaFactory (504)
[2018.07.04-01.59.46:452][958]LogModuleManager: Shutting down and abandoning module WmfMediaEditor (502)
[2018.07.04-01.59.46:452][958]LogModuleManager: Shutting down and abandoning module OpenExrWrapper (500)
[2018.07.04-01.59.46:452][958]LogModuleManager: Shutting down and abandoning module ImgMediaFactory (498)
[2018.07.04-01.59.46:452][958]LogModuleManager: Shutting down and abandoning module ImgMediaEditor (496)
[2018.07.04-01.59.46:452][958]LogModuleManager: Shutting down and abandoning module AvfMediaFactory (494)
[2018.07.04-01.59.46:452][958]LogModuleManager: Shutting down and abandoning module AvfMediaEditor (492)
[2018.07.04-01.59.46:452][958]LogModuleManager: Shutting down and abandoning module AndroidMediaFactory (490)
[2018.07.04-01.59.46:452][958]LogModuleManager: Shutting down and abandoning module AndroidMediaEditor (488)
[2018.07.04-01.59.46:452][958]LogModuleManager: Shutting down and abandoning module CharacterAI (486)
[2018.07.04-01.59.46:452][958]LogModuleManager: Shutting down and abandoning module AudioCapture (484)
[2018.07.04-01.59.46:452][958]LogModuleManager: Shutting down and abandoning module SequenceRecorder (483)
[2018.07.04-01.59.46:452][958]LogModuleManager: Shutting down and abandoning module SmartSnapping (480)
[2018.07.04-01.59.46:452][958]LogModuleManager: Shutting down and abandoning module SessionServices (478)
[2018.07.04-01.59.46:452][958]LogModuleManager: Shutting down and abandoning module ViewportSnapping (476)
[2018.07.04-01.59.46:453][958]LogModuleManager: Shutting down and abandoning module ViewportInteraction (474)
[2018.07.04-01.59.46:453][958]LogModuleManager: Shutting down and abandoning module ClothPainter (472)
[2018.07.04-01.59.46:453][958]LogModuleManager: Shutting down and abandoning module SkeletalMeshEditor (471)
[2018.07.04-01.59.46:453][958]LogModuleManager: Shutting down and abandoning module LogVisualizer (468)
[2018.07.04-01.59.46:453][958]LogModuleManager: Shutting down and abandoning module IntroTutorials (466)
[2018.07.04-01.59.46:453][958]LogModuleManager: Shutting down and abandoning module GameProjectGeneration (465)
[2018.07.04-01.59.46:453][958]LogModuleManager: Shutting down and abandoning module IOSPlatformEditor (462)
[2018.07.04-01.59.46:453][958]LogModuleManager: Shutting down and abandoning module HTML5PlatformEditor (460)
[2018.07.04-01.59.46:453][958]LogModuleManager: Shutting down and abandoning module AndroidPlatformEditor (458)
[2018.07.04-01.59.46:453][958]LogModuleManager: Shutting down and abandoning module AndroidDeviceDetection (457)
[2018.07.04-01.59.47:343][958]LogModuleManager: Shutting down and abandoning module WindowsPlatformEditor (454)
[2018.07.04-01.59.47:343][958]LogModuleManager: Shutting down and abandoning module IOSRuntimeSettings (452)
[2018.07.04-01.59.47:344][958]LogModuleManager: Shutting down and abandoning module AndroidRuntimeSettings (450)
[2018.07.04-01.59.47:344][958]LogModuleManager: Shutting down and abandoning module InputBindingEditor (448)
[2018.07.04-01.59.47:344][958]LogModuleManager: Shutting down and abandoning module MergeActors (446)
[2018.07.04-01.59.47:344][958]LogModuleManager: Shutting down and abandoning module SizeMap (444)
[2018.07.04-01.59.47:344][958]LogModuleManager: Shutting down and abandoning module TreeMap (442)
[2018.07.04-01.59.47:344][958]LogModuleManager: Shutting down and abandoning module ReferenceViewer (440)
[2018.07.04-01.59.47:344][958]LogModuleManager: Shutting down and abandoning module LocalizationDashboard (438)
[2018.07.04-01.59.47:344][958]LogModuleManager: Shutting down and abandoning module LocalizationService (437)
[2018.07.04-01.59.47:344][958]LogModuleManager: Shutting down and abandoning module HardwareTargeting (434)
[2018.07.04-01.59.47:344][958]LogModuleManager: Shutting down and abandoning module DeviceProfileEditor (432)
[2018.07.04-01.59.47:345][958]LogModuleManager: Shutting down and abandoning module UndoHistory (430)
[2018.07.04-01.59.47:345][958]LogModuleManager: Shutting down and abandoning module XmlParser (428)
[2018.07.04-01.59.47:345][958]LogModuleManager: Shutting down and abandoning module Blutility (426)
[2018.07.04-01.59.47:345][958]LogModuleManager: Shutting down and abandoning module ProjectSettingsViewer (424)
[2018.07.04-01.59.47:345][958]LogModuleManager: Shutting down and abandoning module ProjectTargetPlatformEditor (423)
[2018.07.04-01.59.47:345][958]LogModuleManager: Shutting down and abandoning module EditorSettingsViewer (420)
[2018.07.04-01.59.47:345][958]LogModuleManager: Shutting down and abandoning module SettingsEditor (418)
[2018.07.04-01.59.47:346][958]LogModuleManager: Shutting down and abandoning module ProjectLauncher (416)
[2018.07.04-01.59.47:346][958]LogModuleManager: Shutting down and abandoning module SessionFrontend (414)
[2018.07.04-01.59.47:346][958]LogModuleManager: Shutting down and abandoning module ProfilerClient (412)
[2018.07.04-01.59.47:346][958]LogModuleManager: Shutting down and abandoning module DeviceManager (410)
[2018.07.04-01.59.47:346][958]LogModuleManager: Shutting down and abandoning module TargetDeviceServices (409)
[2018.07.04-01.59.47:401][958]LogModuleManager: Shutting down and abandoning module AutomationController (406)
[2018.07.04-01.59.47:401][958]LogModuleManager: Shutting down and abandoning module AutomationWindow (404)
[2018.07.04-01.59.47:401][958]LogModuleManager: Shutting down and abandoning module Layers (402)
[2018.07.04-01.59.47:401][958]LogModuleManager: Shutting down and abandoning module ComponentVisualizers (400)
[2018.07.04-01.59.47:401][958]LogModuleManager: Shutting down and abandoning module DetailCustomizations (398)
[2018.07.04-01.59.47:401][958]LogModuleManager: Shutting down and abandoning module PackagesDialog (396)
[2018.07.04-01.59.47:402][958]LogModuleManager: Shutting down and abandoning module Persona (394)
[2018.07.04-01.59.47:402][958]LogModuleManager: Shutting down and abandoning module AdvancedPreviewScene (393)
[2018.07.04-01.59.47:402][958]LogModuleManager: Shutting down and abandoning module AnimGraph (391)
[2018.07.04-01.59.47:402][958]LogModuleManager: Shutting down and abandoning module Kismet (388)
[2018.07.04-01.59.47:420][958]LogModuleManager: Shutting down and abandoning module ClassViewer (386)
[2018.07.04-01.59.47:422][958]LogModuleManager: Shutting down and abandoning module Toolbox (384)
[2018.07.04-01.59.47:422][958]LogModuleManager: Shutting down and abandoning module ModuleUI (382)
[2018.07.04-01.59.47:422][958]LogModuleManager: Shutting down and abandoning module MovieSceneTools (380)
[2018.07.04-01.59.47:422][958]LogModuleManager: Shutting down and abandoning module OutputLog (378)
[2018.07.04-01.59.47:423][958]LogModuleManager: Shutting down and abandoning module GammaUI (376)
[2018.07.04-01.59.47:423][958]LogModuleManager: Shutting down and abandoning module Documentation (374)
[2018.07.04-01.59.47:423][958]LogModuleManager: Shutting down and abandoning module MovieSceneTracks (372)
[2018.07.04-01.59.47:423][958]LogModuleManager: Shutting down and abandoning module MovieScene (370)
[2018.07.04-01.59.47:423][958]LogModuleManager: Shutting down and abandoning module StreamingPauseRendering (368)
[2018.07.04-01.59.47:423][958]LogModuleManager: Shutting down and abandoning module LauncherPlatform (366)
[2018.07.04-01.59.47:423][958]LogModuleManager: Shutting down and abandoning module AnalyticsET (364)
[2018.07.04-01.59.47:423][958]LogModuleManager: Shutting down and abandoning module PortalServices (362)
[2018.07.04-01.59.47:423][958]LogModuleManager: Shutting down and abandoning module PortalRpc (360)
[2018.07.04-01.59.47:423][958]LogModuleManager: Shutting down and abandoning module MessagingRpc (358)
[2018.07.04-01.59.47:423][958]LogModuleManager: Shutting down and abandoning module AIModule (356)
[2018.07.04-01.59.47:423][958]LogModuleManager: Shutting down and abandoning module GameplayDebugger (355)
[2018.07.04-01.59.47:423][958]LogModuleManager: Shutting down and abandoning module AITestSuite (353)
[2018.07.04-01.59.47:423][958]LogModuleManager: Shutting down and abandoning module DesktopPlatform (350)
[2018.07.04-01.59.47:423][958]LogModuleManager: Shutting down and abandoning module ProfilerService (348)
[2018.07.04-01.59.47:675][958]LogModuleManager: Shutting down and abandoning module TaskGraph (346)
[2018.07.04-01.59.47:675][958]LogModuleManager: Shutting down and abandoning module SteamVRController (344)
[2018.07.04-01.59.47:675][958]LogModuleManager: Shutting down and abandoning module ProceduralMeshComponentEditor (342)
[2018.07.04-01.59.47:675][958]LogModuleManager: Shutting down and abandoning module ProceduralMeshComponent (340)
[2018.07.04-01.59.47:675][958]LogModuleManager: Shutting down and abandoning module OculusInput (338)
[2018.07.04-01.59.47:675][958]LogModuleManager: Shutting down and abandoning module MobilePatchingUtils (336)
[2018.07.04-01.59.47:675][958]LogModuleManager: Shutting down and abandoning module CustomMeshComponent (334)
[2018.07.04-01.59.47:675][958]LogModuleManager: Shutting down and abandoning module CableComponent (332)
[2018.07.04-01.59.47:675][958]LogModuleManager: Shutting down and abandoning module ArchVisCharacter (330)
[2018.07.04-01.59.47:675][958]LogModuleManager: Shutting down and abandoning module AndroidPermission (328)
[2018.07.04-01.59.47:676][958]LogModuleManager: Shutting down and abandoning module ActorSequence (324)
[2018.07.04-01.59.47:676][958]LogModuleManager: Shutting down and abandoning module MediaPlayerEditor (322)
[2018.07.04-01.59.47:676][958]LogModuleManager: Shutting down and abandoning module MediaCompositingEditor (320)
[2018.07.04-01.59.47:676][958]LogModuleManager: Shutting down and abandoning module MediaCompositing (318)
[2018.07.04-01.59.47:676][958]LogModuleManager: Shutting down and abandoning module HTML5Networking (316)
[2018.07.04-01.59.47:676][958]LogModuleManager: Shutting down and abandoning module AlembicImporter (314)
[2018.07.04-01.59.47:676][958]LogModuleManager: Shutting down and abandoning module AlembicLibrary (313)
[2018.07.04-01.59.47:676][958]LogModuleManager: Shutting down and abandoning module GeometryCache (312)
[2018.07.04-01.59.47:676][958]LogModuleManager: Shutting down and abandoning module GeometryCacheEd (311)
[2018.07.04-01.59.47:676][958]LogModuleManager: Shutting down and abandoning module SpeedTreeImporter (306)
[2018.07.04-01.59.47:676][958]LogModuleManager: Shutting down and abandoning module PluginBrowser (304)
[2018.07.04-01.59.47:677][958]LogModuleManager: Shutting down and abandoning module MobileLauncherProfileWizard (302)
[2018.07.04-01.59.47:677][958]LogModuleManager: Shutting down and abandoning module VisualStudioSourceCodeAccess (300)
[2018.07.04-01.59.47:677][958]LogModuleManager: Shutting down and abandoning module VisualStudioCodeSourceCodeAccess (298)
[2018.07.04-01.59.47:677][958]LogModuleManager: Shutting down and abandoning module UObjectPlugin (296)
[2018.07.04-01.59.47:677][958]LogModuleManager: Shutting down and abandoning module SubversionSourceControl (294)
[2018.07.04-01.59.47:677][958]LogModuleManager: Shutting down and abandoning module PerforceSourceControl (292)
[2018.07.04-01.59.47:677][958]LogModuleManager: Shutting down and abandoning module GitSourceControl (290)
[2018.07.04-01.59.47:677][958]LogModuleManager: Shutting down and abandoning module SourceControl (289)
[2018.07.04-01.59.47:678][958]LogModuleManager: Shutting down and abandoning module LightPropagationVolumeEditor (286)
[2018.07.04-01.59.47:678][958]LogModuleManager: Shutting down and abandoning module PaperTiledImporter (284)
[2018.07.04-01.59.47:678][958]LogModuleManager: Shutting down and abandoning module PaperSpriteSheetImporter (282)
[2018.07.04-01.59.47:678][958]LogModuleManager: Shutting down and abandoning module Paper2DEditor (280)
[2018.07.04-01.59.47:678][958]LogModuleManager: Shutting down and abandoning module MeshPaint (279)
[2018.07.04-01.59.47:678][958]LogModuleManager: Shutting down and abandoning module LevelEditor (277)
[2018.07.04-01.59.47:679][958]LogModuleManager: Shutting down and abandoning module PixelInspectorModule (276)
[2018.07.04-01.59.47:679][958]LogModuleManager: Shutting down and abandoning module MainFrame (274)
[2018.07.04-01.59.47:679][958]LogModuleManager: Shutting down and abandoning module HotReload (273)
[2018.07.04-01.59.47:680][958]LogModuleManager: Shutting down and abandoning module RuntimePhysXCooking (268)
[2018.07.04-01.59.47:680][958]LogModuleManager: Shutting down and abandoning module PhysXVehiclesEditor (266)
[2018.07.04-01.59.47:680][958]LogModuleManager: Shutting down and abandoning module PhysXVehicles (264)
[2018.07.04-01.59.47:680][958]LogModuleManager: Shutting down and abandoning module OculusEditor (262)
[2018.07.04-01.59.47:680][958]LogModuleManager: Shutting down and abandoning module LocationServicesBPLibrary (260)
[2018.07.04-01.59.47:680][958]LogModuleManager: Shutting down and abandoning module ImmediatePhysicsEditor (258)
[2018.07.04-01.59.47:680][958]LogModuleManager: Shutting down and abandoning module ImmediatePhysics (256)
[2018.07.04-01.59.47:680][958]LogModuleManager: Shutting down and abandoning module UdpMessaging (254)
[2018.07.04-01.59.47:781][958]LogModuleManager: Shutting down and abandoning module TcpMessaging (252)
[2018.07.04-01.59.47:882][958]LogModuleManager: Shutting down and abandoning module GameplayTagsEditor (250)
[2018.07.04-01.59.47:882][958]LogModuleManager: Shutting down and abandoning module FacialAnimationEditor (248)
[2018.07.04-01.59.47:882][958]LogModuleManager: Shutting down and abandoning module FacialAnimation (246)
[2018.07.04-01.59.47:882][958]LogModuleManager: Shutting down and abandoning module AssetManagerEditor (244)
[2018.07.04-01.59.47:882][958]LogModuleManager: Shutting down and abandoning module GraphEditor (243)
[2018.07.04-01.59.47:882][958]LogModuleManager: Shutting down and abandoning module ContentBrowser (241)
[2018.07.04-01.59.47:884][958]LogModuleManager: Shutting down and abandoning module LightPropagationVolumeRuntime (238)
[2018.07.04-01.59.47:884][958]LogModuleManager: Shutting down and abandoning module Paper2D (236)
[2018.07.04-01.59.47:884][958]LogModuleManager: Shutting down and abandoning module WindowsMoviePlayer (234)
[2018.07.04-01.59.47:884][958]LogModuleManager: Shutting down and abandoning module WmfMedia (232)
[2018.07.04-01.59.47:888][958]LogModuleManager: Shutting down and abandoning module ImgMedia (230)
[2018.07.04-01.59.47:888][958]LogModuleManager: Shutting down and abandoning module PacketHandler (228)
[2018.07.04-01.59.47:888][958]LogModuleManager: Shutting down and abandoning module ClothingSystemEditor (226)
[2018.07.04-01.59.47:888][958]LogModuleManager: Shutting down and abandoning module ClothingSystemRuntime (224)
[2018.07.04-01.59.47:888][958]LogModuleManager: Shutting down and abandoning module MediaAssets (222)
[2018.07.04-01.59.47:888][958]LogModuleManager: Shutting down and abandoning module Media (221)
[2018.07.04-01.59.47:895][958]LogModuleManager: Shutting down and abandoning module Overlay (218)
[2018.07.04-01.59.47:895][958]LogModuleManager: Shutting down and abandoning module OverlayEditor (217)
[2018.07.04-01.59.47:895][958]LogModuleManager: Shutting down and abandoning module VREditor (214)
[2018.07.04-01.59.47:895][958]LogModuleManager: Shutting down and abandoning module StringTableEditor (212)
[2018.07.04-01.59.47:895][958]LogModuleManager: Shutting down and abandoning module GameplayTasksEditor (210)
[2018.07.04-01.59.47:895][958]LogModuleManager: Shutting down and abandoning module BehaviorTreeEditor (208)
[2018.07.04-01.59.47:895][958]LogModuleManager: Shutting down and abandoning module FunctionalTesting (206)
[2018.07.04-01.59.47:896][958]LogModuleManager: Shutting down and abandoning module CollisionAnalyzer (204)
[2018.07.04-01.59.47:896][958]LogModuleManager: Shutting down and abandoning module WorkspaceMenuStructure (203)
[2018.07.04-01.59.47:896][958]LogModuleManager: Shutting down and abandoning module UMG (200)
[2018.07.04-01.59.47:896][958]LogModuleManager: Shutting down and abandoning module UMGEditor (199)
[2018.07.04-01.59.47:896][958]LogModuleManager: Shutting down and abandoning module Sequencer (198)
[2018.07.04-01.59.47:896][958]LogModuleManager: Shutting down and abandoning module MessageLog (195)
[2018.07.04-01.59.47:896][958]LogModuleManager: Shutting down and abandoning module SlateReflector (190)
[2018.07.04-01.59.47:896][958]LogModuleManager: Shutting down and abandoning module Slate (188)
[2018.07.04-01.59.47:896][958]LogModuleManager: Shutting down and abandoning module EditorStyle (186)
[2018.07.04-01.59.47:902][958]LogModuleManager: Shutting down and abandoning module MRMesh (184)
[2018.07.04-01.59.47:902][958]LogModuleManager: Shutting down and abandoning module SourceCodeAccess (182)
[2018.07.04-01.59.47:902][958]LogModuleManager: Shutting down and abandoning module HeadMountedDisplay (180)
[2018.07.04-01.59.47:902][958]LogModuleManager: Shutting down and abandoning module XAudio2 (178)
[2018.07.04-01.59.47:902][958]LogModuleManager: Shutting down and abandoning module Networking (176)
[2018.07.04-01.59.47:902][958]LogModuleManager: Shutting down and abandoning module Core (172)
[2018.07.04-01.59.47:902][958]LogModuleManager: Shutting down and abandoning module LevelSequence (168)
[2018.07.04-01.59.47:902][958]LogModuleManager: Shutting down and abandoning module DirectoryWatcher (166)
[2018.07.04-01.59.47:902][958]LogModuleManager: Shutting down and abandoning module KismetCompiler (164)
[2018.07.04-01.59.47:902][958]LogModuleManager: Shutting down and abandoning module MeshUtilities (162)
[2018.07.04-01.59.47:902][958]LogModuleManager: Shutting down and abandoning module MeshMergeUtilities (161)
[2018.07.04-01.59.47:902][958]LogModuleManager: Shutting down and abandoning module MeshReductionInterface (160)
[2018.07.04-01.59.47:902][958]LogModuleManager: Shutting down and abandoning module SimplygonSwarm (159)
[2018.07.04-01.59.47:902][958]LogModuleManager: Shutting down and abandoning module SimplygonMeshReduction (157)
[2018.07.04-01.59.47:902][958]LogModuleManager: Shutting down and abandoning module QuadricMeshReduction (155)
[2018.07.04-01.59.47:903][958]LogModuleManager: Shutting down and abandoning module MaterialBaking (151)
[2018.07.04-01.59.47:903][958]LogModuleManager: Shutting down and abandoning module DerivedDataCache (148)
[2018.07.04-01.59.48:000][958]LogDerivedDataCache: Shutdown
[2018.07.04-01.59.48:000][958]LogModuleManager: Shutting down and abandoning module TargetPlatform (146)
[2018.07.04-01.59.48:000][958]LogModuleManager: Shutting down and abandoning module VulkanShaderFormat (145)
[2018.07.04-01.59.48:000][958]LogModuleManager: Shutting down and abandoning module ShaderFormatVectorVM (143)
[2018.07.04-01.59.48:000][958]LogModuleManager: Shutting down and abandoning module ShaderFormatOpenGL (141)
[2018.07.04-01.59.48:000][958]LogModuleManager: Shutting down and abandoning module ShaderFormatD3D (139)
[2018.07.04-01.59.48:000][958]LogModuleManager: Shutting down and abandoning module MetalShaderFormat (137)
[2018.07.04-01.59.48:000][958]LogModuleManager: Shutting down and abandoning module TextureFormatUncompressed (135)
[2018.07.04-01.59.48:000][958]LogModuleManager: Shutting down and abandoning module TextureFormatPVR (133)
[2018.07.04-01.59.48:000][958]LogModuleManager: Shutting down and abandoning module TextureFormatDXT (131)
[2018.07.04-01.59.48:000][958]LogModuleManager: Shutting down and abandoning module TextureFormatIntelISPCTexComp (129)
[2018.07.04-01.59.48:001][958]LogModuleManager: Shutting down and abandoning module TextureFormatASTC (127)
[2018.07.04-01.59.48:001][958]LogModuleManager: Shutting down and abandoning module ImageWrapper (126)
[2018.07.04-01.59.48:001][958]LogModuleManager: Shutting down and abandoning module TextureFormatAndroid (123)
[2018.07.04-01.59.48:001][958]LogModuleManager: Shutting down and abandoning module AudioFormatOpus (121)
[2018.07.04-01.59.48:001][958]LogModuleManager: Shutting down and abandoning module AudioFormatOgg (119)
[2018.07.04-01.59.48:001][958]LogModuleManager: Shutting down and abandoning module AudioFormatADPCM (117)
[2018.07.04-01.59.48:001][958]LogModuleManager: Shutting down and abandoning module LinuxTargetPlatform (115)
[2018.07.04-01.59.48:001][958]LogModuleManager: Shutting down and abandoning module LinuxServerTargetPlatform (113)
[2018.07.04-01.59.48:001][958]LogModuleManager: Shutting down and abandoning module LinuxNoEditorTargetPlatform (111)
[2018.07.04-01.59.48:001][958]LogModuleManager: Shutting down and abandoning module LinuxClientTargetPlatform (109)
[2018.07.04-01.59.48:001][958]LogModuleManager: Shutting down and abandoning module TVOSTargetPlatform (107)
[2018.07.04-01.59.48:001][958]LogModuleManager: Shutting down and abandoning module Messaging (105)
[2018.07.04-01.59.48:001][958]LogModuleManager: Shutting down and abandoning module IOSTargetPlatform (103)
[2018.07.04-01.59.48:002][958]LogModuleManager: Shutting down and abandoning module HTML5TargetPlatform (101)
[2018.07.04-01.59.48:002][958]LogModuleManager: Shutting down and abandoning module AndroidTargetPlatform (99)
[2018.07.04-01.59.48:002][958]LogModuleManager: Shutting down and abandoning module Android_PVRTCTargetPlatform (97)
[2018.07.04-01.59.48:002][958]LogModuleManager: Shutting down and abandoning module Android_MultiTargetPlatform (95)
[2018.07.04-01.59.48:002][958]LogModuleManager: Shutting down and abandoning module Android_ETC2TargetPlatform (93)
[2018.07.04-01.59.48:002][958]LogModuleManager: Shutting down and abandoning module Android_ETC1TargetPlatform (91)
[2018.07.04-01.59.48:002][958]LogModuleManager: Shutting down and abandoning module Android_DXTTargetPlatform (89)
[2018.07.04-01.59.48:002][958]LogModuleManager: Shutting down and abandoning module Android_ATCTargetPlatform (87)
[2018.07.04-01.59.48:002][958]LogModuleManager: Shutting down and abandoning module Android_ASTCTargetPlatform (85)
[2018.07.04-01.59.48:002][958]LogModuleManager: Shutting down and abandoning module WindowsTargetPlatform (83)
[2018.07.04-01.59.48:002][958]LogModuleManager: Shutting down and abandoning module WindowsServerTargetPlatform (81)
[2018.07.04-01.59.48:002][958]LogModuleManager: Shutting down and abandoning module WindowsNoEditorTargetPlatform (79)
[2018.07.04-01.59.48:002][958]LogModuleManager: Shutting down and abandoning module WindowsClientTargetPlatform (77)
[2018.07.04-01.59.48:003][958]LogModuleManager: Shutting down and abandoning module MacTargetPlatform (75)
[2018.07.04-01.59.48:003][958]LogModuleManager: Shutting down and abandoning module MacServerTargetPlatform (73)
[2018.07.04-01.59.48:003][958]LogModuleManager: Shutting down and abandoning module MacNoEditorTargetPlatform (71)
[2018.07.04-01.59.48:003][958]LogModuleManager: Shutting down and abandoning module MacClientTargetPlatform (69)
[2018.07.04-01.59.48:003][958]LogModuleManager: Shutting down and abandoning module AllDesktopTargetPlatform (67)
[2018.07.04-01.59.48:003][958]LogModuleManager: Shutting down and abandoning module InputCore (64)
[2018.07.04-01.59.48:003][958]LogModuleManager: Shutting down and abandoning module Settings (62)
[2018.07.04-01.59.48:003][958]LogModuleManager: Shutting down and abandoning module PhysXCooking (60)
[2018.07.04-01.59.48:003][958]LogModuleManager: Shutting down and abandoning module SteamVR (58)
[2018.07.04-01.59.48:003][958]LogModuleManager: Shutting down and abandoning module OculusHMD (56)
[2018.07.04-01.59.48:004][958]LogModuleManager: Shutting down and abandoning module ExampleDeviceProfileSelector (54)
[2018.07.04-01.59.48:004][958]LogModuleManager: Shutting down and abandoning module AppleARKit (52)
[2018.07.04-01.59.48:004][958]LogModuleManager: Shutting down and abandoning module AugmentedReality (51)
[2018.07.04-01.59.48:004][958]LogModuleManager: Shutting down and abandoning module OnlineBlueprintSupport (48)
[2018.07.04-01.59.48:004][958]LogModuleManager: Shutting down and abandoning module OnlineSubsystem (44)
[2018.07.04-01.59.48:004][958]LogModuleManager: Shutting down and abandoning module XMPP (43)
[2018.07.04-01.59.48:004][958]LogModuleManager: Shutting down and abandoning module HTTP (41)
[2018.07.04-01.59.48:004][958]LogHttp: Display: Http module shutting down, but needs to wait on 1 outstanding Http requests:
[2018.07.04-01.59.48:004][958]LogHttp: Display: 	verb=[POST] url=[https://datarouter.ol.epicgames.com/datarouter/api/v1/public/data?SessionID=%7BB851C1F0-4E2B-73CD-22B8-549A37DD24EF%7D&AppID=UEEditor.Rocket.Release&AppVersion=4.18.3-3832480%2B%2B%2BUE4%2BRelease-4.18&UserID=1ebe7c9f419cbadf5adb74a8a2780d1f%7Cba30e8b4bf4147f2b3fe4f9db937e342%7C15207729-934e-4917-9b76-16ad347edb84&AppEnvironment=datacollector-binary&UploadType=eteventstream] status=Processing
[2018.07.04-01.59.48:014][958]LogModuleManager: Shutting down and abandoning module SSL (40)
[2018.07.04-01.59.48:018][958]LogModuleManager: Shutting down and abandoning module AnimationModifiers (36)
[2018.07.04-01.59.48:018][958]LogModuleManager: Shutting down and abandoning module PropertyEditor (35)
[2018.07.04-01.59.48:019][958]LogModuleManager: Shutting down and abandoning module AudioEditor (32)
[2018.07.04-01.59.48:019][958]LogModuleManager: Shutting down and abandoning module TextureCompressor (30)
[2018.07.04-01.59.48:019][958]LogModuleManager: Shutting down and abandoning module ShaderCore (28)
[2018.07.04-01.59.48:019][958]LogModuleManager: Shutting down and abandoning module Landscape (26)
[2018.07.04-01.59.48:019][958]LogModuleManager: Shutting down and abandoning module SlateRHIRenderer (24)
[2018.07.04-01.59.48:025][958]LogModuleManager: Shutting down and abandoning module OpenGLDrv (22)
[2018.07.04-01.59.48:025][958]LogModuleManager: Shutting down and abandoning module D3D11RHI (20)
[2018.07.04-01.59.48:025][958]LogModuleManager: Shutting down and abandoning module AnimGraphRuntime (18)
[2018.07.04-01.59.48:025][958]LogModuleManager: Shutting down and abandoning module Renderer (16)
[2018.07.04-01.59.48:025][958]LogModuleManager: Shutting down and abandoning module Engine (14)
[2018.07.04-01.59.48:025][958]LogModuleManager: Shutting down and abandoning module CoreUObject (12)
[2018.07.04-01.59.48:025][958]LogModuleManager: Shutting down and abandoning module NetworkFile (10)
[2018.07.04-01.59.48:025][958]LogModuleManager: Shutting down and abandoning module CookedIterativeFile (8)
[2018.07.04-01.59.48:026][958]LogModuleManager: Shutting down and abandoning module StreamingFile (6)
[2018.07.04-01.59.48:026][958]LogModuleManager: Shutting down and abandoning module SandboxFile (4)
[2018.07.04-01.59.48:026][958]LogModuleManager: Shutting down and abandoning module PakFile (2)
[2018.07.04-01.59.48:032][958]LogExit: Exiting.
[2018.07.04-01.59.48:046][958]Log file closed, 07/04/18 10:59:48
